{"/Users/wpannell/git/privacy-portal-dpo/config/mocha/mocha-node-test-shim.js":{"path":"/Users/wpannell/git/privacy-portal-dpo/config/mocha/mocha-node-test-shim.js","statementMap":{"0":{"start":{"line":1,"column":0},"end":{"line":1,"column":23}},"1":{"start":{"line":2,"column":0},"end":{"line":2,"column":31}},"2":{"start":{"line":4,"column":0},"end":{"line":4,"column":34}},"3":{"start":{"line":5,"column":0},"end":{"line":5,"column":46}},"4":{"start":{"line":6,"column":0},"end":{"line":6,"column":30}},"5":{"start":{"line":7,"column":0},"end":{"line":7,"column":34}},"6":{"start":{"line":8,"column":0},"end":{"line":8,"column":35}},"7":{"start":{"line":9,"column":0},"end":{"line":9,"column":40}},"8":{"start":{"line":11,"column":16},"end":{"line":11,"column":48}},"9":{"start":{"line":12,"column":16},"end":{"line":12,"column":68}},"10":{"start":{"line":14,"column":0},"end":{"line":14,"column":114}},"11":{"start":{"line":16,"column":14},"end":{"line":16,"column":30}},"12":{"start":{"line":17,"column":18},"end":{"line":17,"column":23}},"13":{"start":{"line":19,"column":15},"end":{"line":19,"column":78}},"14":{"start":{"line":20,"column":17},"end":{"line":20,"column":32}},"15":{"start":{"line":22,"column":0},"end":{"line":22,"column":27}},"16":{"start":{"line":23,"column":0},"end":{"line":23,"column":37}},"17":{"start":{"line":24,"column":0},"end":{"line":24,"column":32}},"18":{"start":{"line":26,"column":0},"end":{"line":26,"column":40}},"19":{"start":{"line":27,"column":0},"end":{"line":27,"column":46}},"20":{"start":{"line":28,"column":0},"end":{"line":28,"column":26}},"21":{"start":{"line":29,"column":0},"end":{"line":29,"column":28}},"22":{"start":{"line":30,"column":0},"end":{"line":30,"column":38}},"23":{"start":{"line":32,"column":0},"end":{"line":36,"column":3}},"24":{"start":{"line":33,"column":2},"end":{"line":35,"column":3}},"25":{"start":{"line":34,"column":4},"end":{"line":34,"column":54}},"26":{"start":{"line":38,"column":0},"end":{"line":40,"column":2}}},"fnMap":{"0":{"name":"(anonymous_0)","decl":{"start":{"line":32,"column":42},"end":{"line":32,"column":43}},"loc":{"start":{"line":32,"column":56},"end":{"line":36,"column":1}},"line":32}},"branchMap":{"0":{"loc":{"start":{"line":33,"column":2},"end":{"line":35,"column":3}},"type":"if","locations":[{"start":{"line":33,"column":2},"end":{"line":35,"column":3}},{"start":{"line":33,"column":2},"end":{"line":35,"column":3}}],"line":33}},"s":{"0":1,"1":1,"2":1,"3":1,"4":1,"5":1,"6":1,"7":1,"8":1,"9":1,"10":1,"11":1,"12":1,"13":1,"14":1,"15":1,"16":1,"17":1,"18":1,"19":1,"20":1,"21":1,"22":1,"23":1,"24":87,"25":69,"26":1},"f":{"0":87},"b":{"0":[69,18]},"_coverageSchema":"332fd63041d2c1bcb487cc26dd0d5f7d97098a6c","hash":"f455eac6e29f92d80cbe27a080e6c399aa45f427","contentHash":"48b56977a321ff07f6435a507fadae71_11.4.1"},"/Users/wpannell/git/privacy-portal-dpo/config/webpack.test.node.js":{"path":"/Users/wpannell/git/privacy-portal-dpo/config/webpack.test.node.js","statementMap":{"0":{"start":{"line":1,"column":22},"end":{"line":1,"column":55}},"1":{"start":{"line":2,"column":16},"end":{"line":2,"column":36}},"2":{"start":{"line":3,"column":21},"end":{"line":3,"column":45}},"3":{"start":{"line":4,"column":25},"end":{"line":4,"column":60}},"4":{"start":{"line":5,"column":19},"end":{"line":5,"column":54}},"5":{"start":{"line":7,"column":22},"end":{"line":33,"column":4}},"6":{"start":{"line":35,"column":25},"end":{"line":45,"column":2}},"7":{"start":{"line":47,"column":0},"end":{"line":65,"column":3}}},"fnMap":{},"branchMap":{"0":{"loc":{"start":{"line":50,"column":11},"end":{"line":50,"column":65}},"type":"cond-expr","locations":[{"start":{"line":50,"column":24},"end":{"line":50,"column":30}},{"start":{"line":50,"column":33},"end":{"line":50,"column":65}}],"line":50},"1":{"loc":{"start":{"line":59,"column":11},"end":{"line":59,"column":56}},"type":"cond-expr","locations":[{"start":{"line":59,"column":24},"end":{"line":59,"column":37}},{"start":{"line":59,"column":40},"end":{"line":59,"column":56}}],"line":59}},"s":{"0":1,"1":1,"2":1,"3":1,"4":1,"5":1,"6":1,"7":1},"f":{},"b":{"0":[1,0],"1":[1,0]},"_coverageSchema":"332fd63041d2c1bcb487cc26dd0d5f7d97098a6c","hash":"9983cfc8b6755de48c98a73efbe950dd647ef43d","contentHash":"2a7fa13c24edb01195fb7cda90c718cb_11.4.1"},"/Users/wpannell/git/privacy-portal-dpo/config/helpers.js":{"path":"/Users/wpannell/git/privacy-portal-dpo/config/helpers.js","statementMap":{"0":{"start":{"line":1,"column":11},"end":{"line":1,"column":26}},"1":{"start":{"line":2,"column":12},"end":{"line":2,"column":41}},"2":{"start":{"line":4,"column":2},"end":{"line":4,"column":50}},"3":{"start":{"line":5,"column":2},"end":{"line":5,"column":53}},"4":{"start":{"line":7,"column":0},"end":{"line":7,"column":20}}},"fnMap":{"0":{"name":"root","decl":{"start":{"line":3,"column":9},"end":{"line":3,"column":13}},"loc":{"start":{"line":3,"column":20},"end":{"line":6,"column":1}},"line":3}},"branchMap":{},"s":{"0":1,"1":1,"2":10,"3":10,"4":1},"f":{"0":10},"b":{},"_coverageSchema":"332fd63041d2c1bcb487cc26dd0d5f7d97098a6c","hash":"f8760e00e4a80f976e6cb197d92d8c49137c8494","contentHash":"a8799bbf27adf95ef9cd33720d4e13b6_11.4.1"},"/Users/wpannell/git/privacy-portal-dpo/config/webpack.test.common.js":{"path":"/Users/wpannell/git/privacy-portal-dpo/config/webpack.test.common.js","statementMap":{"0":{"start":{"line":1,"column":16},"end":{"line":1,"column":36}},"1":{"start":{"line":2,"column":16},"end":{"line":2,"column":34}},"2":{"start":{"line":4,"column":0},"end":{"line":60,"column":2}}},"fnMap":{},"branchMap":{},"s":{"0":1,"1":1,"2":1},"f":{},"b":{},"_coverageSchema":"332fd63041d2c1bcb487cc26dd0d5f7d97098a6c","hash":"2094131e82f43de54708d5b1767739ba4d8a921e","contentHash":"fb2d9520a5b9b2064edb34dee2c088fd_11.4.1"},"/Users/wpannell/git/privacy-portal-dpo/.tmp/mocha-webpack/1521193948599/bundle.js":{"path":"/Users/wpannell/git/privacy-portal-dpo/.tmp/mocha-webpack/1521193948599/bundle.js","statementMap":{"0":{"start":{"line":1,"column":9},"end":{"line":716,"column":12}},"1":{"start":{"line":3,"column":33},"end":{"line":3,"column":35}},"2":{"start":{"line":9,"column":11},"end":{"line":11,"column":12}},"3":{"start":{"line":10,"column":12},"end":{"line":10,"column":54}},"4":{"start":{"line":13,"column":24},"end":{"line":17,"column":12}},"5":{"start":{"line":20,"column":11},"end":{"line":20,"column":95}},"6":{"start":{"line":23,"column":11},"end":{"line":23,"column":27}},"7":{"start":{"line":26,"column":11},"end":{"line":26,"column":33}},"8":{"start":{"line":31,"column":10},"end":{"line":31,"column":42}},"9":{"start":{"line":34,"column":10},"end":{"line":34,"column":51}},"10":{"start":{"line":37,"column":10},"end":{"line":45,"column":12}},"11":{"start":{"line":38,"column":11},"end":{"line":44,"column":12}},"12":{"start":{"line":39,"column":12},"end":{"line":43,"column":15}},"13":{"start":{"line":48,"column":10},"end":{"line":54,"column":12}},"14":{"start":{"line":49,"column":24},"end":{"line":51,"column":58}},"15":{"start":{"line":50,"column":36},"end":{"line":50,"column":61}},"16":{"start":{"line":51,"column":42},"end":{"line":51,"column":56}},"17":{"start":{"line":52,"column":11},"end":{"line":52,"column":54}},"18":{"start":{"line":53,"column":11},"end":{"line":53,"column":25}},"19":{"start":{"line":57,"column":10},"end":{"line":57,"column":128}},"20":{"start":{"line":57,"column":63},"end":{"line":57,"column":125}},"21":{"start":{"line":60,"column":10},"end":{"line":60,"column":37}},"22":{"start":{"line":63,"column":10},"end":{"line":63,"column":65}},"23":{"start":{"line":70,"column":0},"end":{"line":70,"column":211}},"24":{"start":{"line":76,"column":0},"end":{"line":76,"column":190}},"25":{"start":{"line":82,"column":0},"end":{"line":82,"column":235}},"26":{"start":{"line":88,"column":0},"end":{"line":88,"column":217}},"27":{"start":{"line":94,"column":0},"end":{"line":94,"column":190}},"28":{"start":{"line":100,"column":0},"end":{"line":100,"column":202}},"29":{"start":{"line":107,"column":0},"end":{"line":107,"column":9891}},"30":{"start":{"line":114,"column":0},"end":{"line":114,"column":1517}},"31":{"start":{"line":121,"column":0},"end":{"line":121,"column":12407}},"32":{"start":{"line":127,"column":0},"end":{"line":127,"column":232}},"33":{"start":{"line":134,"column":0},"end":{"line":134,"column":2089}},"34":{"start":{"line":141,"column":0},"end":{"line":141,"column":9572}},"35":{"start":{"line":148,"column":0},"end":{"line":148,"column":9664}},"36":{"start":{"line":154,"column":0},"end":{"line":154,"column":188}},"37":{"start":{"line":160,"column":0},"end":{"line":160,"column":218}},"38":{"start":{"line":167,"column":0},"end":{"line":167,"column":2106}},"39":{"start":{"line":174,"column":0},"end":{"line":174,"column":13233}},"40":{"start":{"line":181,"column":0},"end":{"line":181,"column":7039}},"41":{"start":{"line":188,"column":0},"end":{"line":188,"column":3789}},"42":{"start":{"line":195,"column":0},"end":{"line":195,"column":2093}},"43":{"start":{"line":202,"column":0},"end":{"line":202,"column":11335}},"44":{"start":{"line":209,"column":0},"end":{"line":209,"column":3737}},"45":{"start":{"line":216,"column":0},"end":{"line":216,"column":9191}},"46":{"start":{"line":223,"column":0},"end":{"line":223,"column":8957}},"47":{"start":{"line":230,"column":0},"end":{"line":230,"column":9940}},"48":{"start":{"line":237,"column":0},"end":{"line":237,"column":8403}},"49":{"start":{"line":244,"column":0},"end":{"line":244,"column":11184}},"50":{"start":{"line":251,"column":0},"end":{"line":251,"column":9393}},"51":{"start":{"line":257,"column":0},"end":{"line":257,"column":185}},"52":{"start":{"line":263,"column":0},"end":{"line":263,"column":203}},"53":{"start":{"line":269,"column":0},"end":{"line":269,"column":248}},"54":{"start":{"line":275,"column":0},"end":{"line":275,"column":251}},"55":{"start":{"line":282,"column":0},"end":{"line":282,"column":2091}},"56":{"start":{"line":289,"column":0},"end":{"line":289,"column":1782}},"57":{"start":{"line":296,"column":0},"end":{"line":296,"column":2130}},"58":{"start":{"line":303,"column":0},"end":{"line":303,"column":2117}},"59":{"start":{"line":310,"column":0},"end":{"line":310,"column":7027}},"60":{"start":{"line":317,"column":0},"end":{"line":317,"column":4467}},"61":{"start":{"line":324,"column":0},"end":{"line":324,"column":8728}},"62":{"start":{"line":331,"column":0},"end":{"line":331,"column":2149}},"63":{"start":{"line":338,"column":0},"end":{"line":338,"column":2131}},"64":{"start":{"line":345,"column":0},"end":{"line":345,"column":9104}},"65":{"start":{"line":352,"column":0},"end":{"line":352,"column":2141}},"66":{"start":{"line":359,"column":0},"end":{"line":359,"column":10387}},"67":{"start":{"line":366,"column":0},"end":{"line":366,"column":2133}},"68":{"start":{"line":373,"column":0},"end":{"line":373,"column":10627}},"69":{"start":{"line":380,"column":0},"end":{"line":380,"column":2159}},"70":{"start":{"line":387,"column":0},"end":{"line":387,"column":9812}},"71":{"start":{"line":394,"column":0},"end":{"line":394,"column":2219}},"72":{"start":{"line":401,"column":0},"end":{"line":401,"column":2247}},"73":{"start":{"line":408,"column":0},"end":{"line":408,"column":7095}},"74":{"start":{"line":414,"column":0},"end":{"line":414,"column":923}},"75":{"start":{"line":421,"column":0},"end":{"line":421,"column":2609}},"76":{"start":{"line":428,"column":0},"end":{"line":428,"column":8165}},"77":{"start":{"line":435,"column":0},"end":{"line":435,"column":7014}},"78":{"start":{"line":442,"column":0},"end":{"line":442,"column":7430}},"79":{"start":{"line":449,"column":0},"end":{"line":449,"column":2117}},"80":{"start":{"line":456,"column":0},"end":{"line":456,"column":7090}},"81":{"start":{"line":462,"column":0},"end":{"line":462,"column":233}},"82":{"start":{"line":469,"column":0},"end":{"line":469,"column":6785}},"83":{"start":{"line":476,"column":0},"end":{"line":476,"column":8153}},"84":{"start":{"line":483,"column":0},"end":{"line":483,"column":2131}},"85":{"start":{"line":490,"column":0},"end":{"line":490,"column":6917}},"86":{"start":{"line":497,"column":0},"end":{"line":497,"column":2113}},"87":{"start":{"line":504,"column":0},"end":{"line":504,"column":7051}},"88":{"start":{"line":511,"column":0},"end":{"line":511,"column":6827}},"89":{"start":{"line":518,"column":0},"end":{"line":518,"column":6917}},"90":{"start":{"line":525,"column":0},"end":{"line":525,"column":7204}},"91":{"start":{"line":532,"column":0},"end":{"line":532,"column":7398}},"92":{"start":{"line":539,"column":0},"end":{"line":539,"column":7248}},"93":{"start":{"line":546,"column":0},"end":{"line":546,"column":2185}},"94":{"start":{"line":553,"column":0},"end":{"line":553,"column":7600}},"95":{"start":{"line":560,"column":0},"end":{"line":560,"column":6934}},"96":{"start":{"line":567,"column":0},"end":{"line":567,"column":7112}},"97":{"start":{"line":574,"column":0},"end":{"line":574,"column":2135}},"98":{"start":{"line":581,"column":0},"end":{"line":581,"column":6847}},"99":{"start":{"line":588,"column":0},"end":{"line":588,"column":3745}},"100":{"start":{"line":595,"column":0},"end":{"line":595,"column":2886}},"101":{"start":{"line":602,"column":0},"end":{"line":602,"column":4370}},"102":{"start":{"line":608,"column":0},"end":{"line":608,"column":242}},"103":{"start":{"line":615,"column":0},"end":{"line":615,"column":12976}},"104":{"start":{"line":622,"column":0},"end":{"line":622,"column":12964}},"105":{"start":{"line":629,"column":0},"end":{"line":629,"column":14833}},"106":{"start":{"line":636,"column":0},"end":{"line":636,"column":3945}},"107":{"start":{"line":643,"column":0},"end":{"line":643,"column":11627}},"108":{"start":{"line":650,"column":0},"end":{"line":650,"column":2326}},"109":{"start":{"line":657,"column":0},"end":{"line":657,"column":4241}},"110":{"start":{"line":664,"column":0},"end":{"line":664,"column":15443}},"111":{"start":{"line":671,"column":0},"end":{"line":671,"column":4376}},"112":{"start":{"line":678,"column":0},"end":{"line":678,"column":4894}},"113":{"start":{"line":685,"column":0},"end":{"line":685,"column":7268}},"114":{"start":{"line":692,"column":0},"end":{"line":692,"column":6931}},"115":{"start":{"line":699,"column":0},"end":{"line":699,"column":5399}},"116":{"start":{"line":706,"column":0},"end":{"line":706,"column":2854}},"117":{"start":{"line":713,"column":0},"end":{"line":713,"column":2653}}},"fnMap":{"0":{"name":"(anonymous_0)","decl":{"start":{"line":1,"column":10},"end":{"line":1,"column":11}},"loc":{"start":{"line":1,"column":28},"end":{"line":64,"column":10}},"line":1},"1":{"name":"__webpack_require__","decl":{"start":{"line":6,"column":19},"end":{"line":6,"column":38}},"loc":{"start":{"line":6,"column":49},"end":{"line":27,"column":11}},"line":6},"2":{"name":"(anonymous_2)","decl":{"start":{"line":37,"column":34},"end":{"line":37,"column":35}},"loc":{"start":{"line":37,"column":66},"end":{"line":45,"column":11}},"line":37},"3":{"name":"(anonymous_3)","decl":{"start":{"line":48,"column":34},"end":{"line":48,"column":35}},"loc":{"start":{"line":48,"column":51},"end":{"line":54,"column":11}},"line":48},"4":{"name":"getDefault","decl":{"start":{"line":50,"column":21},"end":{"line":50,"column":31}},"loc":{"start":{"line":50,"column":34},"end":{"line":50,"column":63}},"line":50},"5":{"name":"getModuleExports","decl":{"start":{"line":51,"column":21},"end":{"line":51,"column":37}},"loc":{"start":{"line":51,"column":40},"end":{"line":51,"column":58}},"line":51},"6":{"name":"(anonymous_6)","decl":{"start":{"line":57,"column":34},"end":{"line":57,"column":35}},"loc":{"start":{"line":57,"column":61},"end":{"line":57,"column":127}},"line":57},"7":{"name":"(anonymous_7)","decl":{"start":{"line":68,"column":7},"end":{"line":68,"column":8}},"loc":{"start":{"line":68,"column":33},"end":{"line":72,"column":7}},"line":68},"8":{"name":"(anonymous_8)","decl":{"start":{"line":74,"column":7},"end":{"line":74,"column":8}},"loc":{"start":{"line":74,"column":33},"end":{"line":78,"column":7}},"line":74},"9":{"name":"(anonymous_9)","decl":{"start":{"line":80,"column":7},"end":{"line":80,"column":8}},"loc":{"start":{"line":80,"column":33},"end":{"line":84,"column":7}},"line":80},"10":{"name":"(anonymous_10)","decl":{"start":{"line":86,"column":7},"end":{"line":86,"column":8}},"loc":{"start":{"line":86,"column":33},"end":{"line":90,"column":7}},"line":86},"11":{"name":"(anonymous_11)","decl":{"start":{"line":92,"column":7},"end":{"line":92,"column":8}},"loc":{"start":{"line":92,"column":33},"end":{"line":96,"column":7}},"line":92},"12":{"name":"(anonymous_12)","decl":{"start":{"line":98,"column":7},"end":{"line":98,"column":8}},"loc":{"start":{"line":98,"column":33},"end":{"line":102,"column":7}},"line":98},"13":{"name":"(anonymous_13)","decl":{"start":{"line":104,"column":7},"end":{"line":104,"column":8}},"loc":{"start":{"line":104,"column":54},"end":{"line":109,"column":7}},"line":104},"14":{"name":"(anonymous_14)","decl":{"start":{"line":111,"column":7},"end":{"line":111,"column":8}},"loc":{"start":{"line":111,"column":54},"end":{"line":116,"column":7}},"line":111},"15":{"name":"(anonymous_15)","decl":{"start":{"line":118,"column":7},"end":{"line":118,"column":8}},"loc":{"start":{"line":118,"column":54},"end":{"line":123,"column":7}},"line":118},"16":{"name":"(anonymous_16)","decl":{"start":{"line":125,"column":7},"end":{"line":125,"column":8}},"loc":{"start":{"line":125,"column":33},"end":{"line":129,"column":7}},"line":125},"17":{"name":"(anonymous_17)","decl":{"start":{"line":131,"column":7},"end":{"line":131,"column":8}},"loc":{"start":{"line":131,"column":54},"end":{"line":136,"column":7}},"line":131},"18":{"name":"(anonymous_18)","decl":{"start":{"line":138,"column":7},"end":{"line":138,"column":8}},"loc":{"start":{"line":138,"column":54},"end":{"line":143,"column":7}},"line":138},"19":{"name":"(anonymous_19)","decl":{"start":{"line":145,"column":7},"end":{"line":145,"column":8}},"loc":{"start":{"line":145,"column":54},"end":{"line":150,"column":7}},"line":145},"20":{"name":"(anonymous_20)","decl":{"start":{"line":152,"column":7},"end":{"line":152,"column":8}},"loc":{"start":{"line":152,"column":33},"end":{"line":156,"column":7}},"line":152},"21":{"name":"(anonymous_21)","decl":{"start":{"line":158,"column":7},"end":{"line":158,"column":8}},"loc":{"start":{"line":158,"column":33},"end":{"line":162,"column":7}},"line":158},"22":{"name":"(anonymous_22)","decl":{"start":{"line":164,"column":7},"end":{"line":164,"column":8}},"loc":{"start":{"line":164,"column":54},"end":{"line":169,"column":7}},"line":164},"23":{"name":"(anonymous_23)","decl":{"start":{"line":171,"column":7},"end":{"line":171,"column":8}},"loc":{"start":{"line":171,"column":54},"end":{"line":176,"column":7}},"line":171},"24":{"name":"(anonymous_24)","decl":{"start":{"line":178,"column":7},"end":{"line":178,"column":8}},"loc":{"start":{"line":178,"column":54},"end":{"line":183,"column":7}},"line":178},"25":{"name":"(anonymous_25)","decl":{"start":{"line":185,"column":7},"end":{"line":185,"column":8}},"loc":{"start":{"line":185,"column":54},"end":{"line":190,"column":7}},"line":185},"26":{"name":"(anonymous_26)","decl":{"start":{"line":192,"column":7},"end":{"line":192,"column":8}},"loc":{"start":{"line":192,"column":54},"end":{"line":197,"column":7}},"line":192},"27":{"name":"(anonymous_27)","decl":{"start":{"line":199,"column":7},"end":{"line":199,"column":8}},"loc":{"start":{"line":199,"column":54},"end":{"line":204,"column":7}},"line":199},"28":{"name":"(anonymous_28)","decl":{"start":{"line":206,"column":7},"end":{"line":206,"column":8}},"loc":{"start":{"line":206,"column":54},"end":{"line":211,"column":7}},"line":206},"29":{"name":"(anonymous_29)","decl":{"start":{"line":213,"column":7},"end":{"line":213,"column":8}},"loc":{"start":{"line":213,"column":54},"end":{"line":218,"column":7}},"line":213},"30":{"name":"(anonymous_30)","decl":{"start":{"line":220,"column":7},"end":{"line":220,"column":8}},"loc":{"start":{"line":220,"column":54},"end":{"line":225,"column":7}},"line":220},"31":{"name":"(anonymous_31)","decl":{"start":{"line":227,"column":7},"end":{"line":227,"column":8}},"loc":{"start":{"line":227,"column":54},"end":{"line":232,"column":7}},"line":227},"32":{"name":"(anonymous_32)","decl":{"start":{"line":234,"column":7},"end":{"line":234,"column":8}},"loc":{"start":{"line":234,"column":54},"end":{"line":239,"column":7}},"line":234},"33":{"name":"(anonymous_33)","decl":{"start":{"line":241,"column":7},"end":{"line":241,"column":8}},"loc":{"start":{"line":241,"column":54},"end":{"line":246,"column":7}},"line":241},"34":{"name":"(anonymous_34)","decl":{"start":{"line":248,"column":7},"end":{"line":248,"column":8}},"loc":{"start":{"line":248,"column":54},"end":{"line":253,"column":7}},"line":248},"35":{"name":"(anonymous_35)","decl":{"start":{"line":255,"column":7},"end":{"line":255,"column":8}},"loc":{"start":{"line":255,"column":33},"end":{"line":259,"column":7}},"line":255},"36":{"name":"(anonymous_36)","decl":{"start":{"line":261,"column":7},"end":{"line":261,"column":8}},"loc":{"start":{"line":261,"column":33},"end":{"line":265,"column":7}},"line":261},"37":{"name":"(anonymous_37)","decl":{"start":{"line":267,"column":7},"end":{"line":267,"column":8}},"loc":{"start":{"line":267,"column":33},"end":{"line":271,"column":7}},"line":267},"38":{"name":"(anonymous_38)","decl":{"start":{"line":273,"column":7},"end":{"line":273,"column":8}},"loc":{"start":{"line":273,"column":33},"end":{"line":277,"column":7}},"line":273},"39":{"name":"(anonymous_39)","decl":{"start":{"line":279,"column":7},"end":{"line":279,"column":8}},"loc":{"start":{"line":279,"column":54},"end":{"line":284,"column":7}},"line":279},"40":{"name":"(anonymous_40)","decl":{"start":{"line":286,"column":7},"end":{"line":286,"column":8}},"loc":{"start":{"line":286,"column":54},"end":{"line":291,"column":7}},"line":286},"41":{"name":"(anonymous_41)","decl":{"start":{"line":293,"column":7},"end":{"line":293,"column":8}},"loc":{"start":{"line":293,"column":54},"end":{"line":298,"column":7}},"line":293},"42":{"name":"(anonymous_42)","decl":{"start":{"line":300,"column":7},"end":{"line":300,"column":8}},"loc":{"start":{"line":300,"column":54},"end":{"line":305,"column":7}},"line":300},"43":{"name":"(anonymous_43)","decl":{"start":{"line":307,"column":7},"end":{"line":307,"column":8}},"loc":{"start":{"line":307,"column":54},"end":{"line":312,"column":7}},"line":307},"44":{"name":"(anonymous_44)","decl":{"start":{"line":314,"column":7},"end":{"line":314,"column":8}},"loc":{"start":{"line":314,"column":54},"end":{"line":319,"column":7}},"line":314},"45":{"name":"(anonymous_45)","decl":{"start":{"line":321,"column":7},"end":{"line":321,"column":8}},"loc":{"start":{"line":321,"column":54},"end":{"line":326,"column":7}},"line":321},"46":{"name":"(anonymous_46)","decl":{"start":{"line":328,"column":7},"end":{"line":328,"column":8}},"loc":{"start":{"line":328,"column":54},"end":{"line":333,"column":7}},"line":328},"47":{"name":"(anonymous_47)","decl":{"start":{"line":335,"column":7},"end":{"line":335,"column":8}},"loc":{"start":{"line":335,"column":54},"end":{"line":340,"column":7}},"line":335},"48":{"name":"(anonymous_48)","decl":{"start":{"line":342,"column":7},"end":{"line":342,"column":8}},"loc":{"start":{"line":342,"column":54},"end":{"line":347,"column":7}},"line":342},"49":{"name":"(anonymous_49)","decl":{"start":{"line":349,"column":7},"end":{"line":349,"column":8}},"loc":{"start":{"line":349,"column":54},"end":{"line":354,"column":7}},"line":349},"50":{"name":"(anonymous_50)","decl":{"start":{"line":356,"column":7},"end":{"line":356,"column":8}},"loc":{"start":{"line":356,"column":54},"end":{"line":361,"column":7}},"line":356},"51":{"name":"(anonymous_51)","decl":{"start":{"line":363,"column":7},"end":{"line":363,"column":8}},"loc":{"start":{"line":363,"column":54},"end":{"line":368,"column":7}},"line":363},"52":{"name":"(anonymous_52)","decl":{"start":{"line":370,"column":7},"end":{"line":370,"column":8}},"loc":{"start":{"line":370,"column":54},"end":{"line":375,"column":7}},"line":370},"53":{"name":"(anonymous_53)","decl":{"start":{"line":377,"column":7},"end":{"line":377,"column":8}},"loc":{"start":{"line":377,"column":54},"end":{"line":382,"column":7}},"line":377},"54":{"name":"(anonymous_54)","decl":{"start":{"line":384,"column":7},"end":{"line":384,"column":8}},"loc":{"start":{"line":384,"column":54},"end":{"line":389,"column":7}},"line":384},"55":{"name":"(anonymous_55)","decl":{"start":{"line":391,"column":7},"end":{"line":391,"column":8}},"loc":{"start":{"line":391,"column":54},"end":{"line":396,"column":7}},"line":391},"56":{"name":"(anonymous_56)","decl":{"start":{"line":398,"column":7},"end":{"line":398,"column":8}},"loc":{"start":{"line":398,"column":54},"end":{"line":403,"column":7}},"line":398},"57":{"name":"(anonymous_57)","decl":{"start":{"line":405,"column":7},"end":{"line":405,"column":8}},"loc":{"start":{"line":405,"column":54},"end":{"line":410,"column":7}},"line":405},"58":{"name":"(anonymous_58)","decl":{"start":{"line":412,"column":7},"end":{"line":412,"column":8}},"loc":{"start":{"line":412,"column":54},"end":{"line":416,"column":7}},"line":412},"59":{"name":"(anonymous_59)","decl":{"start":{"line":418,"column":7},"end":{"line":418,"column":8}},"loc":{"start":{"line":418,"column":54},"end":{"line":423,"column":7}},"line":418},"60":{"name":"(anonymous_60)","decl":{"start":{"line":425,"column":7},"end":{"line":425,"column":8}},"loc":{"start":{"line":425,"column":54},"end":{"line":430,"column":7}},"line":425},"61":{"name":"(anonymous_61)","decl":{"start":{"line":432,"column":7},"end":{"line":432,"column":8}},"loc":{"start":{"line":432,"column":54},"end":{"line":437,"column":7}},"line":432},"62":{"name":"(anonymous_62)","decl":{"start":{"line":439,"column":7},"end":{"line":439,"column":8}},"loc":{"start":{"line":439,"column":54},"end":{"line":444,"column":7}},"line":439},"63":{"name":"(anonymous_63)","decl":{"start":{"line":446,"column":7},"end":{"line":446,"column":8}},"loc":{"start":{"line":446,"column":54},"end":{"line":451,"column":7}},"line":446},"64":{"name":"(anonymous_64)","decl":{"start":{"line":453,"column":7},"end":{"line":453,"column":8}},"loc":{"start":{"line":453,"column":54},"end":{"line":458,"column":7}},"line":453},"65":{"name":"(anonymous_65)","decl":{"start":{"line":460,"column":7},"end":{"line":460,"column":8}},"loc":{"start":{"line":460,"column":33},"end":{"line":464,"column":7}},"line":460},"66":{"name":"(anonymous_66)","decl":{"start":{"line":466,"column":7},"end":{"line":466,"column":8}},"loc":{"start":{"line":466,"column":54},"end":{"line":471,"column":7}},"line":466},"67":{"name":"(anonymous_67)","decl":{"start":{"line":473,"column":7},"end":{"line":473,"column":8}},"loc":{"start":{"line":473,"column":54},"end":{"line":478,"column":7}},"line":473},"68":{"name":"(anonymous_68)","decl":{"start":{"line":480,"column":7},"end":{"line":480,"column":8}},"loc":{"start":{"line":480,"column":54},"end":{"line":485,"column":7}},"line":480},"69":{"name":"(anonymous_69)","decl":{"start":{"line":487,"column":7},"end":{"line":487,"column":8}},"loc":{"start":{"line":487,"column":54},"end":{"line":492,"column":7}},"line":487},"70":{"name":"(anonymous_70)","decl":{"start":{"line":494,"column":7},"end":{"line":494,"column":8}},"loc":{"start":{"line":494,"column":54},"end":{"line":499,"column":7}},"line":494},"71":{"name":"(anonymous_71)","decl":{"start":{"line":501,"column":7},"end":{"line":501,"column":8}},"loc":{"start":{"line":501,"column":54},"end":{"line":506,"column":7}},"line":501},"72":{"name":"(anonymous_72)","decl":{"start":{"line":508,"column":7},"end":{"line":508,"column":8}},"loc":{"start":{"line":508,"column":54},"end":{"line":513,"column":7}},"line":508},"73":{"name":"(anonymous_73)","decl":{"start":{"line":515,"column":7},"end":{"line":515,"column":8}},"loc":{"start":{"line":515,"column":54},"end":{"line":520,"column":7}},"line":515},"74":{"name":"(anonymous_74)","decl":{"start":{"line":522,"column":7},"end":{"line":522,"column":8}},"loc":{"start":{"line":522,"column":54},"end":{"line":527,"column":7}},"line":522},"75":{"name":"(anonymous_75)","decl":{"start":{"line":529,"column":7},"end":{"line":529,"column":8}},"loc":{"start":{"line":529,"column":54},"end":{"line":534,"column":7}},"line":529},"76":{"name":"(anonymous_76)","decl":{"start":{"line":536,"column":7},"end":{"line":536,"column":8}},"loc":{"start":{"line":536,"column":54},"end":{"line":541,"column":7}},"line":536},"77":{"name":"(anonymous_77)","decl":{"start":{"line":543,"column":7},"end":{"line":543,"column":8}},"loc":{"start":{"line":543,"column":54},"end":{"line":548,"column":7}},"line":543},"78":{"name":"(anonymous_78)","decl":{"start":{"line":550,"column":7},"end":{"line":550,"column":8}},"loc":{"start":{"line":550,"column":54},"end":{"line":555,"column":7}},"line":550},"79":{"name":"(anonymous_79)","decl":{"start":{"line":557,"column":7},"end":{"line":557,"column":8}},"loc":{"start":{"line":557,"column":54},"end":{"line":562,"column":7}},"line":557},"80":{"name":"(anonymous_80)","decl":{"start":{"line":564,"column":7},"end":{"line":564,"column":8}},"loc":{"start":{"line":564,"column":54},"end":{"line":569,"column":7}},"line":564},"81":{"name":"(anonymous_81)","decl":{"start":{"line":571,"column":7},"end":{"line":571,"column":8}},"loc":{"start":{"line":571,"column":54},"end":{"line":576,"column":7}},"line":571},"82":{"name":"(anonymous_82)","decl":{"start":{"line":578,"column":7},"end":{"line":578,"column":8}},"loc":{"start":{"line":578,"column":54},"end":{"line":583,"column":7}},"line":578},"83":{"name":"(anonymous_83)","decl":{"start":{"line":585,"column":7},"end":{"line":585,"column":8}},"loc":{"start":{"line":585,"column":54},"end":{"line":590,"column":7}},"line":585},"84":{"name":"(anonymous_84)","decl":{"start":{"line":592,"column":7},"end":{"line":592,"column":8}},"loc":{"start":{"line":592,"column":54},"end":{"line":597,"column":7}},"line":592},"85":{"name":"(anonymous_85)","decl":{"start":{"line":599,"column":7},"end":{"line":599,"column":8}},"loc":{"start":{"line":599,"column":54},"end":{"line":604,"column":7}},"line":599},"86":{"name":"(anonymous_86)","decl":{"start":{"line":606,"column":7},"end":{"line":606,"column":8}},"loc":{"start":{"line":606,"column":33},"end":{"line":610,"column":7}},"line":606},"87":{"name":"(anonymous_87)","decl":{"start":{"line":612,"column":7},"end":{"line":612,"column":8}},"loc":{"start":{"line":612,"column":54},"end":{"line":617,"column":7}},"line":612},"88":{"name":"(anonymous_88)","decl":{"start":{"line":619,"column":7},"end":{"line":619,"column":8}},"loc":{"start":{"line":619,"column":54},"end":{"line":624,"column":7}},"line":619},"89":{"name":"(anonymous_89)","decl":{"start":{"line":626,"column":7},"end":{"line":626,"column":8}},"loc":{"start":{"line":626,"column":54},"end":{"line":631,"column":7}},"line":626},"90":{"name":"(anonymous_90)","decl":{"start":{"line":633,"column":7},"end":{"line":633,"column":8}},"loc":{"start":{"line":633,"column":54},"end":{"line":638,"column":7}},"line":633},"91":{"name":"(anonymous_91)","decl":{"start":{"line":640,"column":7},"end":{"line":640,"column":8}},"loc":{"start":{"line":640,"column":54},"end":{"line":645,"column":7}},"line":640},"92":{"name":"(anonymous_92)","decl":{"start":{"line":647,"column":7},"end":{"line":647,"column":8}},"loc":{"start":{"line":647,"column":54},"end":{"line":652,"column":7}},"line":647},"93":{"name":"(anonymous_93)","decl":{"start":{"line":654,"column":7},"end":{"line":654,"column":8}},"loc":{"start":{"line":654,"column":54},"end":{"line":659,"column":7}},"line":654},"94":{"name":"(anonymous_94)","decl":{"start":{"line":661,"column":7},"end":{"line":661,"column":8}},"loc":{"start":{"line":661,"column":54},"end":{"line":666,"column":7}},"line":661},"95":{"name":"(anonymous_95)","decl":{"start":{"line":668,"column":7},"end":{"line":668,"column":8}},"loc":{"start":{"line":668,"column":54},"end":{"line":673,"column":7}},"line":668},"96":{"name":"(anonymous_96)","decl":{"start":{"line":675,"column":7},"end":{"line":675,"column":8}},"loc":{"start":{"line":675,"column":54},"end":{"line":680,"column":7}},"line":675},"97":{"name":"(anonymous_97)","decl":{"start":{"line":682,"column":7},"end":{"line":682,"column":8}},"loc":{"start":{"line":682,"column":54},"end":{"line":687,"column":7}},"line":682},"98":{"name":"(anonymous_98)","decl":{"start":{"line":689,"column":7},"end":{"line":689,"column":8}},"loc":{"start":{"line":689,"column":54},"end":{"line":694,"column":7}},"line":689},"99":{"name":"(anonymous_99)","decl":{"start":{"line":696,"column":7},"end":{"line":696,"column":8}},"loc":{"start":{"line":696,"column":54},"end":{"line":701,"column":7}},"line":696},"100":{"name":"(anonymous_100)","decl":{"start":{"line":703,"column":7},"end":{"line":703,"column":8}},"loc":{"start":{"line":703,"column":54},"end":{"line":708,"column":7}},"line":703},"101":{"name":"(anonymous_101)","decl":{"start":{"line":710,"column":7},"end":{"line":710,"column":8}},"loc":{"start":{"line":710,"column":54},"end":{"line":715,"column":7}},"line":710}},"branchMap":{"0":{"loc":{"start":{"line":9,"column":11},"end":{"line":11,"column":12}},"type":"if","locations":[{"start":{"line":9,"column":11},"end":{"line":11,"column":12}},{"start":{"line":9,"column":11},"end":{"line":11,"column":12}}],"line":9},"1":{"loc":{"start":{"line":38,"column":11},"end":{"line":44,"column":12}},"type":"if","locations":[{"start":{"line":38,"column":11},"end":{"line":44,"column":12}},{"start":{"line":38,"column":11},"end":{"line":44,"column":12}}],"line":38},"2":{"loc":{"start":{"line":49,"column":24},"end":{"line":51,"column":58}},"type":"cond-expr","locations":[{"start":{"line":50,"column":12},"end":{"line":50,"column":63}},{"start":{"line":51,"column":12},"end":{"line":51,"column":58}}],"line":49},"3":{"loc":{"start":{"line":49,"column":24},"end":{"line":49,"column":51}},"type":"binary-expr","locations":[{"start":{"line":49,"column":24},"end":{"line":49,"column":30}},{"start":{"line":49,"column":34},"end":{"line":49,"column":51}}],"line":49}},"s":{"0":1,"1":1,"2":279,"3":184,"4":95,"5":95,"6":95,"7":95,"8":1,"9":1,"10":1,"11":0,"12":0,"13":1,"14":0,"15":0,"16":0,"17":0,"18":0,"19":1,"20":0,"21":1,"22":1,"23":1,"24":1,"25":1,"26":1,"27":1,"28":1,"29":1,"30":1,"31":1,"32":1,"33":1,"34":1,"35":1,"36":1,"37":1,"38":1,"39":1,"40":1,"41":1,"42":1,"43":1,"44":1,"45":1,"46":1,"47":1,"48":1,"49":1,"50":1,"51":1,"52":1,"53":1,"54":1,"55":1,"56":1,"57":1,"58":1,"59":1,"60":1,"61":1,"62":1,"63":1,"64":1,"65":1,"66":1,"67":1,"68":1,"69":1,"70":1,"71":1,"72":1,"73":1,"74":1,"75":1,"76":1,"77":1,"78":1,"79":1,"80":1,"81":1,"82":1,"83":1,"84":1,"85":1,"86":1,"87":1,"88":1,"89":1,"90":1,"91":1,"92":1,"93":1,"94":1,"95":1,"96":1,"97":1,"98":1,"99":1,"100":1,"101":1,"102":1,"103":1,"104":1,"105":1,"106":1,"107":1,"108":1,"109":1,"110":1,"111":1,"112":1,"113":1,"114":1,"115":1,"116":1,"117":1},"f":{"0":1,"1":279,"2":0,"3":0,"4":0,"5":0,"6":0,"7":1,"8":1,"9":1,"10":1,"11":1,"12":1,"13":1,"14":1,"15":1,"16":1,"17":1,"18":1,"19":1,"20":1,"21":1,"22":1,"23":1,"24":1,"25":1,"26":1,"27":1,"28":1,"29":1,"30":1,"31":1,"32":1,"33":1,"34":1,"35":1,"36":1,"37":1,"38":1,"39":1,"40":1,"41":1,"42":1,"43":1,"44":1,"45":1,"46":1,"47":1,"48":1,"49":1,"50":1,"51":1,"52":1,"53":1,"54":1,"55":1,"56":1,"57":1,"58":1,"59":1,"60":1,"61":1,"62":1,"63":1,"64":1,"65":1,"66":1,"67":1,"68":1,"69":1,"70":1,"71":1,"72":1,"73":1,"74":1,"75":1,"76":1,"77":1,"78":1,"79":1,"80":1,"81":1,"82":1,"83":1,"84":1,"85":1,"86":1,"87":1,"88":1,"89":1,"90":1,"91":1,"92":1,"93":1,"94":1,"95":1,"96":1,"97":1,"98":1,"99":1,"100":1,"101":1},"b":{"0":[184,95],"1":[0,0],"2":[0,0],"3":[0,0]},"_coverageSchema":"332fd63041d2c1bcb487cc26dd0d5f7d97098a6c","hash":"5639742a5150bc10f0f6ae04ac22f2382e6d7bd2","contentHash":"7ed5e1f134fc63ebe365ad429227daa6_11.4.1"},"/Users/wpannell/git/privacy-portal-dpo/src/app/app.module.ts":{"path":"/Users/wpannell/git/privacy-portal-dpo/src/app/app.module.ts","statementMap":{"0":{"start":{"line":2,"column":17},"end":{"line":7,"column":1}},"1":{"start":{"line":3,"column":12},"end":{"line":3,"column":28}},"2":{"start":{"line":3,"column":34},"end":{"line":3,"column":125}},"3":{"start":{"line":4,"column":4},"end":{"line":5,"column":150}},"4":{"start":{"line":4,"column":79},"end":{"line":4,"column":131}},"5":{"start":{"line":5,"column":9},"end":{"line":5,"column":150}},"6":{"start":{"line":5,"column":58},"end":{"line":5,"column":150}},"7":{"start":{"line":5,"column":81},"end":{"line":5,"column":150}},"8":{"start":{"line":6,"column":4},"end":{"line":6,"column":66}},"9":{"start":{"line":8,"column":0},"end":{"line":8,"column":62}},"10":{"start":{"line":9,"column":13},"end":{"line":9,"column":37}},"11":{"start":{"line":10,"column":25},"end":{"line":10,"column":61}},"12":{"start":{"line":11,"column":15},"end":{"line":11,"column":41}},"13":{"start":{"line":12,"column":21},"end":{"line":12,"column":58}},"14":{"start":{"line":13,"column":15},"end":{"line":13,"column":35}},"15":{"start":{"line":14,"column":15},"end":{"line":14,"column":46}},"16":{"start":{"line":15,"column":15},"end":{"line":15,"column":34}},"17":{"start":{"line":16,"column":14},"end":{"line":16,"column":32}},"18":{"start":{"line":17,"column":22},"end":{"line":17,"column":48}},"19":{"start":{"line":18,"column":31},"end":{"line":41,"column":3}},"20":{"start":{"line":21,"column":4},"end":{"line":39,"column":18}},"21":{"start":{"line":40,"column":4},"end":{"line":40,"column":21}},"22":{"start":{"line":42,"column":0},"end":{"line":42,"column":30}}},"fnMap":{"0":{"name":"(anonymous_0)","decl":{"start":{"line":2,"column":46},"end":{"line":2,"column":47}},"loc":{"start":{"line":2,"column":87},"end":{"line":7,"column":1}},"line":2},"1":{"name":"(anonymous_1)","decl":{"start":{"line":18,"column":31},"end":{"line":18,"column":32}},"loc":{"start":{"line":18,"column":43},"end":{"line":41,"column":1}},"line":18},"2":{"name":"AppModule","decl":{"start":{"line":19,"column":13},"end":{"line":19,"column":22}},"loc":{"start":{"line":19,"column":25},"end":{"line":20,"column":5}},"line":19}},"branchMap":{"0":{"loc":{"start":{"line":2,"column":17},"end":{"line":7,"column":1}},"type":"binary-expr","locations":[{"start":{"line":2,"column":18},"end":{"line":2,"column":22}},{"start":{"line":2,"column":26},"end":{"line":2,"column":41}},{"start":{"line":2,"column":46},"end":{"line":7,"column":1}}],"line":2},"1":{"loc":{"start":{"line":3,"column":34},"end":{"line":3,"column":125}},"type":"cond-expr","locations":[{"start":{"line":3,"column":42},"end":{"line":3,"column":48}},{"start":{"line":3,"column":51},"end":{"line":3,"column":125}}],"line":3},"2":{"loc":{"start":{"line":3,"column":51},"end":{"line":3,"column":125}},"type":"cond-expr","locations":[{"start":{"line":3,"column":67},"end":{"line":3,"column":118}},{"start":{"line":3,"column":121},"end":{"line":3,"column":125}}],"line":3},"3":{"loc":{"start":{"line":4,"column":4},"end":{"line":5,"column":150}},"type":"if","locations":[{"start":{"line":4,"column":4},"end":{"line":5,"column":150}},{"start":{"line":4,"column":4},"end":{"line":5,"column":150}}],"line":4},"4":{"loc":{"start":{"line":4,"column":8},"end":{"line":4,"column":77}},"type":"binary-expr","locations":[{"start":{"line":4,"column":8},"end":{"line":4,"column":35}},{"start":{"line":4,"column":39},"end":{"line":4,"column":77}}],"line":4},"5":{"loc":{"start":{"line":5,"column":58},"end":{"line":5,"column":150}},"type":"if","locations":[{"start":{"line":5,"column":58},"end":{"line":5,"column":150}},{"start":{"line":5,"column":58},"end":{"line":5,"column":150}}],"line":5},"6":{"loc":{"start":{"line":5,"column":85},"end":{"line":5,"column":149}},"type":"binary-expr","locations":[{"start":{"line":5,"column":86},"end":{"line":5,"column":143}},{"start":{"line":5,"column":148},"end":{"line":5,"column":149}}],"line":5},"7":{"loc":{"start":{"line":5,"column":86},"end":{"line":5,"column":143}},"type":"cond-expr","locations":[{"start":{"line":5,"column":94},"end":{"line":5,"column":98}},{"start":{"line":5,"column":101},"end":{"line":5,"column":143}}],"line":5},"8":{"loc":{"start":{"line":5,"column":101},"end":{"line":5,"column":143}},"type":"cond-expr","locations":[{"start":{"line":5,"column":109},"end":{"line":5,"column":126}},{"start":{"line":5,"column":129},"end":{"line":5,"column":143}}],"line":5},"9":{"loc":{"start":{"line":6,"column":11},"end":{"line":6,"column":62}},"type":"binary-expr","locations":[{"start":{"line":6,"column":11},"end":{"line":6,"column":16}},{"start":{"line":6,"column":20},"end":{"line":6,"column":21}},{"start":{"line":6,"column":25},"end":{"line":6,"column":62}}],"line":6}},"s":{"0":1,"1":1,"2":1,"3":1,"4":0,"5":1,"6":1,"7":1,"8":1,"9":1,"10":1,"11":1,"12":1,"13":1,"14":1,"15":1,"16":1,"17":1,"18":1,"19":1,"20":1,"21":1,"22":1},"f":{"0":1,"1":1,"2":2},"b":{"0":[1,1,1],"1":[1,0],"2":[0,0],"3":[0,1],"4":[1,1],"5":[1,0],"6":[1,0],"7":[1,0],"8":[0,0],"9":[1,0,0]},"inputSourceMap":{"version":3,"file":"app.module.js","sourceRoot":"","sources":["app.module.ts"],"names":[],"mappings":";;;;;;;;AAAA,sCAAuC;AACvC,8DAA0D;AAC1D,0CAAgD;AAEhD,2DAAqD;AAErD,oCAA0C;AAC1C,+CAAoD;AACpD,mCAAwC;AACxC,iCAAsC;AAEtC,iDAA+C;AAmB/C;IAAA;IACA,CAAC;IADY,SAAS;QAjBrB,eAAQ,CAAC;YACR,YAAY,EAAE;gBACZ,4BAAY;aACb;YACD,OAAO,EAAE;gBACP,qBAAY;gBACZ,gCAAa;gBACb,sBAAa;gBACb,qBAAY;gBACZ,mBAAW;gBACX,wBAAS,CAAC,OAAO,EAAE;aACpB;YACD,SAAS,EAAE;gBACT,EAAE,OAAO,EAAE,sBAAa,EAAE,QAAQ,EAAE,GAAG,EAAE;aAC1C;YACD,SAAS,EAAE,CAAC,4BAAY,CAAC;SAC1B,CAAC;OACW,SAAS,CACrB;IAAD,gBAAC;CAAA,AADD,IACC;AADY,8BAAS"},"_coverageSchema":"332fd63041d2c1bcb487cc26dd0d5f7d97098a6c","hash":"1ee1ba83c51363090f2b75282947f6eb6302334f"},"/Users/wpannell/git/privacy-portal-dpo/src/router/index.ts":{"path":"/Users/wpannell/git/privacy-portal-dpo/src/router/index.ts","statementMap":{"0":{"start":{"line":3,"column":4},"end":{"line":3,"column":71}},"1":{"start":{"line":3,"column":21},"end":{"line":3,"column":71}},"2":{"start":{"line":3,"column":53},"end":{"line":3,"column":71}},"3":{"start":{"line":5,"column":0},"end":{"line":5,"column":62}},"4":{"start":{"line":6,"column":0},"end":{"line":6,"column":38}},"5":{"start":{"line":7,"column":0},"end":{"line":7,"column":30}}},"fnMap":{"0":{"name":"__export","decl":{"start":{"line":2,"column":9},"end":{"line":2,"column":17}},"loc":{"start":{"line":2,"column":21},"end":{"line":4,"column":1}},"line":2}},"branchMap":{"0":{"loc":{"start":{"line":3,"column":21},"end":{"line":3,"column":71}},"type":"if","locations":[{"start":{"line":3,"column":21},"end":{"line":3,"column":71}},{"start":{"line":3,"column":21},"end":{"line":3,"column":71}}],"line":3}},"s":{"0":2,"1":2,"2":2,"3":1,"4":1,"5":1},"f":{"0":2},"b":{"0":[2,0]},"inputSourceMap":{"version":3,"file":"index.js","sourceRoot":"","sources":["index.ts"],"names":[],"mappings":";;;;;AAAA,sCAAiC;AACjC,8BAAyB"},"_coverageSchema":"332fd63041d2c1bcb487cc26dd0d5f7d97098a6c","hash":"8c743ef2883f44b690cbe5a935934d66014c3e4d"},"/Users/wpannell/git/privacy-portal-dpo/src/router/routing.module.ts":{"path":"/Users/wpannell/git/privacy-portal-dpo/src/router/routing.module.ts","statementMap":{"0":{"start":{"line":2,"column":17},"end":{"line":7,"column":1}},"1":{"start":{"line":3,"column":12},"end":{"line":3,"column":28}},"2":{"start":{"line":3,"column":34},"end":{"line":3,"column":125}},"3":{"start":{"line":4,"column":4},"end":{"line":5,"column":150}},"4":{"start":{"line":4,"column":79},"end":{"line":4,"column":131}},"5":{"start":{"line":5,"column":9},"end":{"line":5,"column":150}},"6":{"start":{"line":5,"column":58},"end":{"line":5,"column":150}},"7":{"start":{"line":5,"column":81},"end":{"line":5,"column":150}},"8":{"start":{"line":6,"column":4},"end":{"line":6,"column":66}},"9":{"start":{"line":8,"column":0},"end":{"line":8,"column":62}},"10":{"start":{"line":9,"column":13},"end":{"line":9,"column":37}},"11":{"start":{"line":10,"column":15},"end":{"line":10,"column":41}},"12":{"start":{"line":11,"column":15},"end":{"line":11,"column":34}},"13":{"start":{"line":12,"column":35},"end":{"line":23,"column":3}},"14":{"start":{"line":15,"column":4},"end":{"line":21,"column":22}},"15":{"start":{"line":22,"column":4},"end":{"line":22,"column":25}},"16":{"start":{"line":24,"column":0},"end":{"line":24,"column":38}}},"fnMap":{"0":{"name":"(anonymous_0)","decl":{"start":{"line":2,"column":46},"end":{"line":2,"column":47}},"loc":{"start":{"line":2,"column":87},"end":{"line":7,"column":1}},"line":2},"1":{"name":"(anonymous_1)","decl":{"start":{"line":12,"column":35},"end":{"line":12,"column":36}},"loc":{"start":{"line":12,"column":47},"end":{"line":23,"column":1}},"line":12},"2":{"name":"RoutingModule","decl":{"start":{"line":13,"column":13},"end":{"line":13,"column":26}},"loc":{"start":{"line":13,"column":29},"end":{"line":14,"column":5}},"line":13}},"branchMap":{"0":{"loc":{"start":{"line":2,"column":17},"end":{"line":7,"column":1}},"type":"binary-expr","locations":[{"start":{"line":2,"column":18},"end":{"line":2,"column":22}},{"start":{"line":2,"column":26},"end":{"line":2,"column":41}},{"start":{"line":2,"column":46},"end":{"line":7,"column":1}}],"line":2},"1":{"loc":{"start":{"line":3,"column":34},"end":{"line":3,"column":125}},"type":"cond-expr","locations":[{"start":{"line":3,"column":42},"end":{"line":3,"column":48}},{"start":{"line":3,"column":51},"end":{"line":3,"column":125}}],"line":3},"2":{"loc":{"start":{"line":3,"column":51},"end":{"line":3,"column":125}},"type":"cond-expr","locations":[{"start":{"line":3,"column":67},"end":{"line":3,"column":118}},{"start":{"line":3,"column":121},"end":{"line":3,"column":125}}],"line":3},"3":{"loc":{"start":{"line":4,"column":4},"end":{"line":5,"column":150}},"type":"if","locations":[{"start":{"line":4,"column":4},"end":{"line":5,"column":150}},{"start":{"line":4,"column":4},"end":{"line":5,"column":150}}],"line":4},"4":{"loc":{"start":{"line":4,"column":8},"end":{"line":4,"column":77}},"type":"binary-expr","locations":[{"start":{"line":4,"column":8},"end":{"line":4,"column":35}},{"start":{"line":4,"column":39},"end":{"line":4,"column":77}}],"line":4},"5":{"loc":{"start":{"line":5,"column":58},"end":{"line":5,"column":150}},"type":"if","locations":[{"start":{"line":5,"column":58},"end":{"line":5,"column":150}},{"start":{"line":5,"column":58},"end":{"line":5,"column":150}}],"line":5},"6":{"loc":{"start":{"line":5,"column":85},"end":{"line":5,"column":149}},"type":"binary-expr","locations":[{"start":{"line":5,"column":86},"end":{"line":5,"column":143}},{"start":{"line":5,"column":148},"end":{"line":5,"column":149}}],"line":5},"7":{"loc":{"start":{"line":5,"column":86},"end":{"line":5,"column":143}},"type":"cond-expr","locations":[{"start":{"line":5,"column":94},"end":{"line":5,"column":98}},{"start":{"line":5,"column":101},"end":{"line":5,"column":143}}],"line":5},"8":{"loc":{"start":{"line":5,"column":101},"end":{"line":5,"column":143}},"type":"cond-expr","locations":[{"start":{"line":5,"column":109},"end":{"line":5,"column":126}},{"start":{"line":5,"column":129},"end":{"line":5,"column":143}}],"line":5},"9":{"loc":{"start":{"line":6,"column":11},"end":{"line":6,"column":62}},"type":"binary-expr","locations":[{"start":{"line":6,"column":11},"end":{"line":6,"column":16}},{"start":{"line":6,"column":20},"end":{"line":6,"column":21}},{"start":{"line":6,"column":25},"end":{"line":6,"column":62}}],"line":6}},"s":{"0":1,"1":1,"2":1,"3":1,"4":0,"5":1,"6":1,"7":1,"8":1,"9":1,"10":1,"11":1,"12":1,"13":1,"14":1,"15":1,"16":1},"f":{"0":1,"1":1,"2":5},"b":{"0":[1,1,1],"1":[1,0],"2":[0,0],"3":[0,1],"4":[1,1],"5":[1,0],"6":[1,0],"7":[1,0],"8":[0,0],"9":[1,0,0]},"inputSourceMap":{"version":3,"file":"routing.module.js","sourceRoot":"","sources":["routing.module.ts"],"names":[],"mappings":";;;;;;;;AAAA,sCAAuC;AACvC,0CAAqD;AACrD,mCAAgC;AAQhC;IAAA;IAA4B,CAAC;IAAhB,aAAa;QANzB,eAAQ,CAAC;YACR,OAAO,EAAE,CAAC,qBAAY,CAAC,OAAO,CAAC,eAAM,CAAC,CAAC;YACvC,OAAO,EAAE,CAAC,qBAAY,CAAC;YACvB,SAAS,EAAE,EAAE;SACd,CAAC;OAEW,aAAa,CAAG;IAAD,oBAAC;CAAA,AAA7B,IAA6B;AAAhB,sCAAa"},"_coverageSchema":"332fd63041d2c1bcb487cc26dd0d5f7d97098a6c","hash":"37e939be719b377a76c86fcd6c6eab036904b04a"},"/Users/wpannell/git/privacy-portal-dpo/src/router/routes.ts":{"path":"/Users/wpannell/git/privacy-portal-dpo/src/router/routes.ts","statementMap":{"0":{"start":{"line":2,"column":0},"end":{"line":2,"column":62}},"1":{"start":{"line":3,"column":15},"end":{"line":3,"column":39}},"2":{"start":{"line":4,"column":14},"end":{"line":4,"column":37}},"3":{"start":{"line":5,"column":0},"end":{"line":9,"column":2}}},"fnMap":{},"branchMap":{},"s":{"0":1,"1":1,"2":1,"3":1},"f":{},"b":{},"inputSourceMap":{"version":3,"file":"routes.js","sourceRoot":"","sources":["routes.ts"],"names":[],"mappings":";;AAAA,wCAA8C;AAE9C,sCAA4C;AAE/B,QAAA,MAAM,GAAW;IAC5B,EAAC,IAAI,EAAE,EAAE,EAAE,SAAS,EAAE,wBAAe,EAAC;IACtC,EAAC,IAAI,EAAE,WAAW,EAAE,SAAS,EAAE,sBAAc,EAAC;IAC9C,EAAC,IAAI,EAAE,IAAI,EAAE,UAAU,EAAE,EAAE,EAAE,SAAS,EAAE,MAAM,EAAC;CAChD,CAAC"},"_coverageSchema":"332fd63041d2c1bcb487cc26dd0d5f7d97098a6c","hash":"4b322df2ab26cb9c1b898fd21d2590e230ca2376"},"/Users/wpannell/git/privacy-portal-dpo/src/app/browse/index.ts":{"path":"/Users/wpannell/git/privacy-portal-dpo/src/app/browse/index.ts","statementMap":{"0":{"start":{"line":3,"column":4},"end":{"line":3,"column":71}},"1":{"start":{"line":3,"column":21},"end":{"line":3,"column":71}},"2":{"start":{"line":3,"column":53},"end":{"line":3,"column":71}},"3":{"start":{"line":5,"column":0},"end":{"line":5,"column":62}},"4":{"start":{"line":6,"column":0},"end":{"line":6,"column":37}},"5":{"start":{"line":7,"column":0},"end":{"line":7,"column":40}}},"fnMap":{"0":{"name":"__export","decl":{"start":{"line":2,"column":9},"end":{"line":2,"column":17}},"loc":{"start":{"line":2,"column":21},"end":{"line":4,"column":1}},"line":2}},"branchMap":{"0":{"loc":{"start":{"line":3,"column":21},"end":{"line":3,"column":71}},"type":"if","locations":[{"start":{"line":3,"column":21},"end":{"line":3,"column":71}},{"start":{"line":3,"column":21},"end":{"line":3,"column":71}}],"line":3}},"s":{"0":2,"1":2,"2":2,"3":1,"4":1,"5":1},"f":{"0":2},"b":{"0":[2,0]},"inputSourceMap":{"version":3,"file":"index.js","sourceRoot":"","sources":["index.ts"],"names":[],"mappings":";;;;;AAAA,qCAAgC;AAChC,wCAAmC"},"_coverageSchema":"332fd63041d2c1bcb487cc26dd0d5f7d97098a6c","hash":"c34b379e2e0025689457c5eec28166068729cc19"},"/Users/wpannell/git/privacy-portal-dpo/src/app/browse/browse.module.ts":{"path":"/Users/wpannell/git/privacy-portal-dpo/src/app/browse/browse.module.ts","statementMap":{"0":{"start":{"line":2,"column":17},"end":{"line":7,"column":1}},"1":{"start":{"line":3,"column":12},"end":{"line":3,"column":28}},"2":{"start":{"line":3,"column":34},"end":{"line":3,"column":125}},"3":{"start":{"line":4,"column":4},"end":{"line":5,"column":150}},"4":{"start":{"line":4,"column":79},"end":{"line":4,"column":131}},"5":{"start":{"line":5,"column":9},"end":{"line":5,"column":150}},"6":{"start":{"line":5,"column":58},"end":{"line":5,"column":150}},"7":{"start":{"line":5,"column":81},"end":{"line":5,"column":150}},"8":{"start":{"line":6,"column":4},"end":{"line":6,"column":66}},"9":{"start":{"line":8,"column":0},"end":{"line":8,"column":62}},"10":{"start":{"line":9,"column":13},"end":{"line":9,"column":37}},"11":{"start":{"line":10,"column":13},"end":{"line":10,"column":30}},"12":{"start":{"line":11,"column":14},"end":{"line":11,"column":32}},"13":{"start":{"line":12,"column":25},"end":{"line":12,"column":54}},"14":{"start":{"line":13,"column":17},"end":{"line":13,"column":42}},"15":{"start":{"line":14,"column":34},"end":{"line":34,"column":3}},"16":{"start":{"line":17,"column":4},"end":{"line":32,"column":21}},"17":{"start":{"line":33,"column":4},"end":{"line":33,"column":24}},"18":{"start":{"line":35,"column":0},"end":{"line":35,"column":36}}},"fnMap":{"0":{"name":"(anonymous_0)","decl":{"start":{"line":2,"column":46},"end":{"line":2,"column":47}},"loc":{"start":{"line":2,"column":87},"end":{"line":7,"column":1}},"line":2},"1":{"name":"(anonymous_1)","decl":{"start":{"line":14,"column":34},"end":{"line":14,"column":35}},"loc":{"start":{"line":14,"column":46},"end":{"line":34,"column":1}},"line":14},"2":{"name":"BrowseModule","decl":{"start":{"line":15,"column":13},"end":{"line":15,"column":25}},"loc":{"start":{"line":15,"column":28},"end":{"line":16,"column":5}},"line":15}},"branchMap":{"0":{"loc":{"start":{"line":2,"column":17},"end":{"line":7,"column":1}},"type":"binary-expr","locations":[{"start":{"line":2,"column":18},"end":{"line":2,"column":22}},{"start":{"line":2,"column":26},"end":{"line":2,"column":41}},{"start":{"line":2,"column":46},"end":{"line":7,"column":1}}],"line":2},"1":{"loc":{"start":{"line":3,"column":34},"end":{"line":3,"column":125}},"type":"cond-expr","locations":[{"start":{"line":3,"column":42},"end":{"line":3,"column":48}},{"start":{"line":3,"column":51},"end":{"line":3,"column":125}}],"line":3},"2":{"loc":{"start":{"line":3,"column":51},"end":{"line":3,"column":125}},"type":"cond-expr","locations":[{"start":{"line":3,"column":67},"end":{"line":3,"column":118}},{"start":{"line":3,"column":121},"end":{"line":3,"column":125}}],"line":3},"3":{"loc":{"start":{"line":4,"column":4},"end":{"line":5,"column":150}},"type":"if","locations":[{"start":{"line":4,"column":4},"end":{"line":5,"column":150}},{"start":{"line":4,"column":4},"end":{"line":5,"column":150}}],"line":4},"4":{"loc":{"start":{"line":4,"column":8},"end":{"line":4,"column":77}},"type":"binary-expr","locations":[{"start":{"line":4,"column":8},"end":{"line":4,"column":35}},{"start":{"line":4,"column":39},"end":{"line":4,"column":77}}],"line":4},"5":{"loc":{"start":{"line":5,"column":58},"end":{"line":5,"column":150}},"type":"if","locations":[{"start":{"line":5,"column":58},"end":{"line":5,"column":150}},{"start":{"line":5,"column":58},"end":{"line":5,"column":150}}],"line":5},"6":{"loc":{"start":{"line":5,"column":85},"end":{"line":5,"column":149}},"type":"binary-expr","locations":[{"start":{"line":5,"column":86},"end":{"line":5,"column":143}},{"start":{"line":5,"column":148},"end":{"line":5,"column":149}}],"line":5},"7":{"loc":{"start":{"line":5,"column":86},"end":{"line":5,"column":143}},"type":"cond-expr","locations":[{"start":{"line":5,"column":94},"end":{"line":5,"column":98}},{"start":{"line":5,"column":101},"end":{"line":5,"column":143}}],"line":5},"8":{"loc":{"start":{"line":5,"column":101},"end":{"line":5,"column":143}},"type":"cond-expr","locations":[{"start":{"line":5,"column":109},"end":{"line":5,"column":126}},{"start":{"line":5,"column":129},"end":{"line":5,"column":143}}],"line":5},"9":{"loc":{"start":{"line":6,"column":11},"end":{"line":6,"column":62}},"type":"binary-expr","locations":[{"start":{"line":6,"column":11},"end":{"line":6,"column":16}},{"start":{"line":6,"column":20},"end":{"line":6,"column":21}},{"start":{"line":6,"column":25},"end":{"line":6,"column":62}}],"line":6}},"s":{"0":1,"1":1,"2":1,"3":1,"4":0,"5":1,"6":1,"7":1,"8":1,"9":1,"10":1,"11":1,"12":1,"13":1,"14":1,"15":1,"16":1,"17":1,"18":1},"f":{"0":1,"1":1,"2":5},"b":{"0":[1,1,1],"1":[1,0],"2":[0,0],"3":[0,1],"4":[1,1],"5":[1,0],"6":[1,0],"7":[1,0],"8":[0,0],"9":[1,0,0]},"inputSourceMap":{"version":3,"file":"browse.module.js","sourceRoot":"","sources":["browse.module.ts"],"names":[],"mappings":";;;;;;;;AAAA,sCAAuC;AACvC,+BAAkC;AAClC,iCAA0C;AAE1C,uDAAmD;AACnD,2CAA+C;AAiB/C;IAAA;IACA,CAAC;IADY,YAAY;QAfxB,eAAQ,CAAC;YACR,YAAY,EAAE;gBACZ,kCAAe;aAChB;YACD,OAAO,EAAE;gBACP,iBAAU;gBACV,yBAAiB;gBACjB,0BAAe;aAChB;YACD,OAAO,EAAE;gBACP,kCAAe;aAChB;YACD,SAAS,EAAE,EAAE;SACd,CAAC;OAEW,YAAY,CACxB;IAAD,mBAAC;CAAA,AADD,IACC;AADY,oCAAY"},"_coverageSchema":"332fd63041d2c1bcb487cc26dd0d5f7d97098a6c","hash":"18c7c9d731c539d4bbd6a7da524c9976c1a9564c"},"/Users/wpannell/git/privacy-portal-dpo/src/app/browse/grid/index.ts":{"path":"/Users/wpannell/git/privacy-portal-dpo/src/app/browse/grid/index.ts","statementMap":{"0":{"start":{"line":3,"column":4},"end":{"line":3,"column":71}},"1":{"start":{"line":3,"column":21},"end":{"line":3,"column":71}},"2":{"start":{"line":3,"column":53},"end":{"line":3,"column":71}},"3":{"start":{"line":5,"column":0},"end":{"line":5,"column":62}},"4":{"start":{"line":6,"column":0},"end":{"line":6,"column":35}},"5":{"start":{"line":7,"column":0},"end":{"line":7,"column":38}}},"fnMap":{"0":{"name":"__export","decl":{"start":{"line":2,"column":9},"end":{"line":2,"column":17}},"loc":{"start":{"line":2,"column":21},"end":{"line":4,"column":1}},"line":2}},"branchMap":{"0":{"loc":{"start":{"line":3,"column":21},"end":{"line":3,"column":71}},"type":"if","locations":[{"start":{"line":3,"column":21},"end":{"line":3,"column":71}},{"start":{"line":3,"column":21},"end":{"line":3,"column":71}}],"line":3}},"s":{"0":2,"1":2,"2":2,"3":1,"4":1,"5":1},"f":{"0":2},"b":{"0":[2,0]},"inputSourceMap":{"version":3,"file":"index.js","sourceRoot":"","sources":["index.ts"],"names":[],"mappings":";;;;;AAAA,mCAA8B;AAC9B,sCAAiC"},"_coverageSchema":"332fd63041d2c1bcb487cc26dd0d5f7d97098a6c","hash":"702fd51f776b1b2336a20549749574f5e0ab1de6"},"/Users/wpannell/git/privacy-portal-dpo/src/app/browse/grid/grid.module.ts":{"path":"/Users/wpannell/git/privacy-portal-dpo/src/app/browse/grid/grid.module.ts","statementMap":{"0":{"start":{"line":2,"column":17},"end":{"line":7,"column":1}},"1":{"start":{"line":3,"column":12},"end":{"line":3,"column":28}},"2":{"start":{"line":3,"column":34},"end":{"line":3,"column":125}},"3":{"start":{"line":4,"column":4},"end":{"line":5,"column":150}},"4":{"start":{"line":4,"column":79},"end":{"line":4,"column":131}},"5":{"start":{"line":5,"column":9},"end":{"line":5,"column":150}},"6":{"start":{"line":5,"column":58},"end":{"line":5,"column":150}},"7":{"start":{"line":5,"column":81},"end":{"line":5,"column":150}},"8":{"start":{"line":6,"column":4},"end":{"line":6,"column":66}},"9":{"start":{"line":8,"column":0},"end":{"line":8,"column":62}},"10":{"start":{"line":9,"column":13},"end":{"line":9,"column":37}},"11":{"start":{"line":10,"column":13},"end":{"line":10,"column":44}},"12":{"start":{"line":11,"column":23},"end":{"line":11,"column":50}},"13":{"start":{"line":12,"column":32},"end":{"line":30,"column":3}},"14":{"start":{"line":15,"column":4},"end":{"line":28,"column":19}},"15":{"start":{"line":29,"column":4},"end":{"line":29,"column":22}},"16":{"start":{"line":31,"column":0},"end":{"line":31,"column":32}}},"fnMap":{"0":{"name":"(anonymous_0)","decl":{"start":{"line":2,"column":46},"end":{"line":2,"column":47}},"loc":{"start":{"line":2,"column":87},"end":{"line":7,"column":1}},"line":2},"1":{"name":"(anonymous_1)","decl":{"start":{"line":12,"column":32},"end":{"line":12,"column":33}},"loc":{"start":{"line":12,"column":44},"end":{"line":30,"column":1}},"line":12},"2":{"name":"GridModule","decl":{"start":{"line":13,"column":13},"end":{"line":13,"column":23}},"loc":{"start":{"line":13,"column":26},"end":{"line":14,"column":5}},"line":13}},"branchMap":{"0":{"loc":{"start":{"line":2,"column":17},"end":{"line":7,"column":1}},"type":"binary-expr","locations":[{"start":{"line":2,"column":18},"end":{"line":2,"column":22}},{"start":{"line":2,"column":26},"end":{"line":2,"column":41}},{"start":{"line":2,"column":46},"end":{"line":7,"column":1}}],"line":2},"1":{"loc":{"start":{"line":3,"column":34},"end":{"line":3,"column":125}},"type":"cond-expr","locations":[{"start":{"line":3,"column":42},"end":{"line":3,"column":48}},{"start":{"line":3,"column":51},"end":{"line":3,"column":125}}],"line":3},"2":{"loc":{"start":{"line":3,"column":51},"end":{"line":3,"column":125}},"type":"cond-expr","locations":[{"start":{"line":3,"column":67},"end":{"line":3,"column":118}},{"start":{"line":3,"column":121},"end":{"line":3,"column":125}}],"line":3},"3":{"loc":{"start":{"line":4,"column":4},"end":{"line":5,"column":150}},"type":"if","locations":[{"start":{"line":4,"column":4},"end":{"line":5,"column":150}},{"start":{"line":4,"column":4},"end":{"line":5,"column":150}}],"line":4},"4":{"loc":{"start":{"line":4,"column":8},"end":{"line":4,"column":77}},"type":"binary-expr","locations":[{"start":{"line":4,"column":8},"end":{"line":4,"column":35}},{"start":{"line":4,"column":39},"end":{"line":4,"column":77}}],"line":4},"5":{"loc":{"start":{"line":5,"column":58},"end":{"line":5,"column":150}},"type":"if","locations":[{"start":{"line":5,"column":58},"end":{"line":5,"column":150}},{"start":{"line":5,"column":58},"end":{"line":5,"column":150}}],"line":5},"6":{"loc":{"start":{"line":5,"column":85},"end":{"line":5,"column":149}},"type":"binary-expr","locations":[{"start":{"line":5,"column":86},"end":{"line":5,"column":143}},{"start":{"line":5,"column":148},"end":{"line":5,"column":149}}],"line":5},"7":{"loc":{"start":{"line":5,"column":86},"end":{"line":5,"column":143}},"type":"cond-expr","locations":[{"start":{"line":5,"column":94},"end":{"line":5,"column":98}},{"start":{"line":5,"column":101},"end":{"line":5,"column":143}}],"line":5},"8":{"loc":{"start":{"line":5,"column":101},"end":{"line":5,"column":143}},"type":"cond-expr","locations":[{"start":{"line":5,"column":109},"end":{"line":5,"column":126}},{"start":{"line":5,"column":129},"end":{"line":5,"column":143}}],"line":5},"9":{"loc":{"start":{"line":6,"column":11},"end":{"line":6,"column":62}},"type":"binary-expr","locations":[{"start":{"line":6,"column":11},"end":{"line":6,"column":16}},{"start":{"line":6,"column":20},"end":{"line":6,"column":21}},{"start":{"line":6,"column":25},"end":{"line":6,"column":62}}],"line":6}},"s":{"0":1,"1":1,"2":1,"3":1,"4":0,"5":1,"6":1,"7":1,"8":1,"9":1,"10":1,"11":1,"12":1,"13":1,"14":1,"15":1,"16":1},"f":{"0":1,"1":1,"2":5},"b":{"0":[1,1,1],"1":[1,0],"2":[0,0],"3":[0,1],"4":[1,1],"5":[1,0],"6":[1,0],"7":[1,0],"8":[0,0],"9":[1,0,0]},"inputSourceMap":{"version":3,"file":"grid.module.js","sourceRoot":"","sources":["grid.module.ts"],"names":[],"mappings":";;;;;;;;AAAA,sCAAuC;AACvC,6CAAkD;AAClD,mDAA+C;AAe/C;IAAA;IACA,CAAC;IADY,UAAU;QAbtB,eAAQ,CAAC;YACR,YAAY,EAAE;gBACZ,8BAAa;aACd;YACD,OAAO,EAAE;gBACP,mBAAY,CAAC,cAAc,CAAC,EAAE,CAAC;aAChC;YACD,OAAO,EAAE;gBACP,8BAAa;aACd;YACD,SAAS,EAAE,EAAE;SACd,CAAC;OAEW,UAAU,CACtB;IAAD,iBAAC;CAAA,AADD,IACC;AADY,gCAAU"},"_coverageSchema":"332fd63041d2c1bcb487cc26dd0d5f7d97098a6c","hash":"e6968e5f5da7f8156c3d777471b8991b717ec21c"},"/Users/wpannell/git/privacy-portal-dpo/src/app/browse/grid/grid.component.ts":{"path":"/Users/wpannell/git/privacy-portal-dpo/src/app/browse/grid/grid.component.ts","statementMap":{"0":{"start":{"line":2,"column":17},"end":{"line":7,"column":1}},"1":{"start":{"line":3,"column":12},"end":{"line":3,"column":28}},"2":{"start":{"line":3,"column":34},"end":{"line":3,"column":125}},"3":{"start":{"line":4,"column":4},"end":{"line":5,"column":150}},"4":{"start":{"line":4,"column":79},"end":{"line":4,"column":131}},"5":{"start":{"line":5,"column":9},"end":{"line":5,"column":150}},"6":{"start":{"line":5,"column":58},"end":{"line":5,"column":150}},"7":{"start":{"line":5,"column":81},"end":{"line":5,"column":150}},"8":{"start":{"line":6,"column":4},"end":{"line":6,"column":66}},"9":{"start":{"line":8,"column":17},"end":{"line":10,"column":1}},"10":{"start":{"line":9,"column":4},"end":{"line":9,"column":109}},"11":{"start":{"line":9,"column":79},"end":{"line":9,"column":109}},"12":{"start":{"line":11,"column":0},"end":{"line":11,"column":62}},"13":{"start":{"line":12,"column":13},"end":{"line":12,"column":37}},"14":{"start":{"line":13,"column":35},"end":{"line":62,"column":3}},"15":{"start":{"line":15,"column":8},"end":{"line":15,"column":52}},"16":{"start":{"line":16,"column":8},"end":{"line":16,"column":30}},"17":{"start":{"line":17,"column":8},"end":{"line":27,"column":10}},"18":{"start":{"line":28,"column":8},"end":{"line":33,"column":10}},"19":{"start":{"line":34,"column":8},"end":{"line":34,"column":37}},"20":{"start":{"line":36,"column":4},"end":{"line":39,"column":6}},"21":{"start":{"line":37,"column":22},"end":{"line":37,"column":80}},"22":{"start":{"line":38,"column":8},"end":{"line":38,"column":38}},"23":{"start":{"line":40,"column":4},"end":{"line":42,"column":6}},"24":{"start":{"line":41,"column":8},"end":{"line":41,"column":38}},"25":{"start":{"line":43,"column":4},"end":{"line":44,"column":6}},"26":{"start":{"line":45,"column":4},"end":{"line":48,"column":48}},"27":{"start":{"line":49,"column":4},"end":{"line":52,"column":54}},"28":{"start":{"line":53,"column":4},"end":{"line":60,"column":22}},"29":{"start":{"line":61,"column":4},"end":{"line":61,"column":25}},"30":{"start":{"line":63,"column":0},"end":{"line":63,"column":38}}},"fnMap":{"0":{"name":"(anonymous_0)","decl":{"start":{"line":2,"column":46},"end":{"line":2,"column":47}},"loc":{"start":{"line":2,"column":87},"end":{"line":7,"column":1}},"line":2},"1":{"name":"(anonymous_1)","decl":{"start":{"line":8,"column":46},"end":{"line":8,"column":47}},"loc":{"start":{"line":8,"column":62},"end":{"line":10,"column":1}},"line":8},"2":{"name":"(anonymous_2)","decl":{"start":{"line":13,"column":35},"end":{"line":13,"column":36}},"loc":{"start":{"line":13,"column":47},"end":{"line":62,"column":1}},"line":13},"3":{"name":"GridComponent","decl":{"start":{"line":14,"column":13},"end":{"line":14,"column":26}},"loc":{"start":{"line":14,"column":29},"end":{"line":35,"column":5}},"line":14},"4":{"name":"(anonymous_4)","decl":{"start":{"line":36,"column":43},"end":{"line":36,"column":44}},"loc":{"start":{"line":36,"column":60},"end":{"line":39,"column":5}},"line":36},"5":{"name":"(anonymous_5)","decl":{"start":{"line":40,"column":42},"end":{"line":40,"column":43}},"loc":{"start":{"line":40,"column":60},"end":{"line":42,"column":5}},"line":40},"6":{"name":"(anonymous_6)","decl":{"start":{"line":43,"column":39},"end":{"line":43,"column":40}},"loc":{"start":{"line":43,"column":51},"end":{"line":44,"column":5}},"line":43}},"branchMap":{"0":{"loc":{"start":{"line":2,"column":17},"end":{"line":7,"column":1}},"type":"binary-expr","locations":[{"start":{"line":2,"column":18},"end":{"line":2,"column":22}},{"start":{"line":2,"column":26},"end":{"line":2,"column":41}},{"start":{"line":2,"column":46},"end":{"line":7,"column":1}}],"line":2},"1":{"loc":{"start":{"line":3,"column":34},"end":{"line":3,"column":125}},"type":"cond-expr","locations":[{"start":{"line":3,"column":42},"end":{"line":3,"column":48}},{"start":{"line":3,"column":51},"end":{"line":3,"column":125}}],"line":3},"2":{"loc":{"start":{"line":3,"column":51},"end":{"line":3,"column":125}},"type":"cond-expr","locations":[{"start":{"line":3,"column":67},"end":{"line":3,"column":118}},{"start":{"line":3,"column":121},"end":{"line":3,"column":125}}],"line":3},"3":{"loc":{"start":{"line":4,"column":4},"end":{"line":5,"column":150}},"type":"if","locations":[{"start":{"line":4,"column":4},"end":{"line":5,"column":150}},{"start":{"line":4,"column":4},"end":{"line":5,"column":150}}],"line":4},"4":{"loc":{"start":{"line":4,"column":8},"end":{"line":4,"column":77}},"type":"binary-expr","locations":[{"start":{"line":4,"column":8},"end":{"line":4,"column":35}},{"start":{"line":4,"column":39},"end":{"line":4,"column":77}}],"line":4},"5":{"loc":{"start":{"line":5,"column":58},"end":{"line":5,"column":150}},"type":"if","locations":[{"start":{"line":5,"column":58},"end":{"line":5,"column":150}},{"start":{"line":5,"column":58},"end":{"line":5,"column":150}}],"line":5},"6":{"loc":{"start":{"line":5,"column":85},"end":{"line":5,"column":149}},"type":"binary-expr","locations":[{"start":{"line":5,"column":86},"end":{"line":5,"column":143}},{"start":{"line":5,"column":148},"end":{"line":5,"column":149}}],"line":5},"7":{"loc":{"start":{"line":5,"column":86},"end":{"line":5,"column":143}},"type":"cond-expr","locations":[{"start":{"line":5,"column":94},"end":{"line":5,"column":98}},{"start":{"line":5,"column":101},"end":{"line":5,"column":143}}],"line":5},"8":{"loc":{"start":{"line":5,"column":101},"end":{"line":5,"column":143}},"type":"cond-expr","locations":[{"start":{"line":5,"column":109},"end":{"line":5,"column":126}},{"start":{"line":5,"column":129},"end":{"line":5,"column":143}}],"line":5},"9":{"loc":{"start":{"line":6,"column":11},"end":{"line":6,"column":62}},"type":"binary-expr","locations":[{"start":{"line":6,"column":11},"end":{"line":6,"column":16}},{"start":{"line":6,"column":20},"end":{"line":6,"column":21}},{"start":{"line":6,"column":25},"end":{"line":6,"column":62}}],"line":6},"10":{"loc":{"start":{"line":8,"column":17},"end":{"line":10,"column":1}},"type":"binary-expr","locations":[{"start":{"line":8,"column":18},"end":{"line":8,"column":22}},{"start":{"line":8,"column":26},"end":{"line":8,"column":41}},{"start":{"line":8,"column":46},"end":{"line":10,"column":1}}],"line":8},"11":{"loc":{"start":{"line":9,"column":4},"end":{"line":9,"column":109}},"type":"if","locations":[{"start":{"line":9,"column":4},"end":{"line":9,"column":109}},{"start":{"line":9,"column":4},"end":{"line":9,"column":109}}],"line":9},"12":{"loc":{"start":{"line":9,"column":8},"end":{"line":9,"column":77}},"type":"binary-expr","locations":[{"start":{"line":9,"column":8},"end":{"line":9,"column":35}},{"start":{"line":9,"column":39},"end":{"line":9,"column":77}}],"line":9}},"s":{"0":1,"1":3,"2":3,"3":3,"4":0,"5":3,"6":6,"7":6,"8":3,"9":1,"10":3,"11":3,"12":1,"13":1,"14":1,"15":27,"16":27,"17":27,"18":27,"19":27,"20":1,"21":0,"22":0,"23":1,"24":0,"25":1,"26":1,"27":1,"28":1,"29":1,"30":1},"f":{"0":3,"1":3,"2":1,"3":27,"4":0,"5":0,"6":0},"b":{"0":[1,1,1],"1":[1,2],"2":[0,2],"3":[0,3],"4":[3,3],"5":[6,0],"6":[6,5],"7":[2,4],"8":[4,0],"9":[3,2,0],"10":[1,1,1],"11":[3,0],"12":[3,3]},"inputSourceMap":{"version":3,"file":"grid.component.js","sourceRoot":"","sources":["grid.component.ts"],"names":[],"mappings":";;;;;;;;;;;AAAA,sCAA6E;AA0B7E;IAcE;QAPU,eAAU,GAAsB,IAAI,mBAAY,EAAO,CAAC;QAQhE,IAAI,CAAC,WAAW,GAAgB,EAAE,CAAC;QACnC,IAAI,CAAC,iBAAiB,GAAG;YACvB,EAAC,UAAU,EAAE,YAAY,EAAE,KAAK,EAAE,WAAW,EAAG,cAAc,EAAE,KAAK,EAAE,eAAe,EAAE,IAAI,EAAC;YAC7F,EAAC,UAAU,EAAE,cAAc,EAAE,KAAK,EAAE,MAAM,EAAC;YAC3C,EAAC,UAAU,EAAE,YAAY,EAAE,KAAK,EAAE,WAAW,EAAE,cAAc,EAAE,IAAI,EAAE,eAAe,EAAE,IAAI,EAAC;YAC3F,EAAC,UAAU,EAAE,WAAW,EAAE,KAAK,EAAE,UAAU,EAAE,cAAc,EAAE,IAAI,EAAE,eAAe,EAAE,IAAI,EAAC;YACzF,EAAC,UAAU,EAAE,cAAc,EAAE,KAAK,EAAE,aAAa,EAAE,cAAc,EAAE,IAAI,EAAE,eAAe,EAAE,IAAI,EAAC;YAC/F,EAAC,UAAU,EAAE,aAAa,EAAE,KAAK,EAAE,KAAK,EAAE,cAAc,EAAE,IAAI,EAAE,IAAI,EAAE,MAAM,EAAC;YAC7E,EAAC,UAAU,EAAE,SAAS,EAAE,KAAK,EAAE,SAAS,EAAE,cAAc,EAAE,IAAI,EAAE,eAAe,EAAE,IAAI,EAAE,IAAI,EAAE,IAAI,EAAC;YAClG,EAAC,UAAU,EAAE,WAAW,EAAE,KAAK,EAAE,UAAU,EAAE,eAAe,EAAE,IAAI,EAAC;YACnE,EAAC,UAAU,EAAE,QAAQ,EAAE,KAAK,EAAE,QAAQ,EAAC;SACxC,CAAC;QAEF,IAAI,CAAC,WAAW,GAAG;YACjB,UAAU,EAAE,IAAI,CAAC,iBAAiB;YAClC,YAAY,EAAE,IAAI;YAClB,aAAa,EAAE,IAAI;YACnB,UAAU,EAAE,IAAI;SACjB,CAAC;QAEF,IAAI,CAAC,YAAY,GAAG,QAAQ,CAAC;IAC/B,CAAC;IA3BD,oCAAY,GAAZ,UAAa,KAAU;QACtB,IAAO,OAAO,GAAG,EAAC,SAAS,EAAE,KAAK,CAAC,IAAI,CAAC,SAAS,EAAG,IAAI,EAAE,KAAK,CAAC,IAAI,CAAC,IAAI,EAAC,CAAC;QAC1E,IAAI,CAAC,UAAU,CAAC,IAAI,CAAC,OAAO,CAAC,CAAC;IAChC,CAAC;IA2BD,mCAAW,GAAX,UAAY,MAAM;QAChB,MAAM,CAAC,GAAG,CAAC,gBAAgB,EAAE,CAAC;IAChC,CAAC;IACD,gCAAQ,GAAR;IACA,CAAC;IAtCQ;QAAR,YAAK,EAAE;;+CAAa;IAEX;QAAT,aAAM,EAAE;kCAAa,mBAAY;qDAAgC;IAPvD,aAAa;QAvBzB,gBAAS,CAAC;YACT,QAAQ,EAAE,MAAM;YAChB,QAAQ,EAAE,ieAcT;YACC,MAAM,EAAE,CAAC,2EAIR,CAAC;SACL,CAAC;;OACW,aAAa,CA4CzB;IAAD,oBAAC;CAAA,AA5CD,IA4CC;AA5CY,sCAAa"},"_coverageSchema":"332fd63041d2c1bcb487cc26dd0d5f7d97098a6c","hash":"b6231498d6d719613944ddb264b3eff38bde6058"},"/Users/wpannell/git/privacy-portal-dpo/src/app/browse/fetch/index.ts":{"path":"/Users/wpannell/git/privacy-portal-dpo/src/app/browse/fetch/index.ts","statementMap":{"0":{"start":{"line":3,"column":4},"end":{"line":3,"column":71}},"1":{"start":{"line":3,"column":21},"end":{"line":3,"column":71}},"2":{"start":{"line":3,"column":53},"end":{"line":3,"column":71}},"3":{"start":{"line":5,"column":0},"end":{"line":5,"column":62}},"4":{"start":{"line":6,"column":0},"end":{"line":6,"column":36}},"5":{"start":{"line":7,"column":0},"end":{"line":7,"column":37}}},"fnMap":{"0":{"name":"__export","decl":{"start":{"line":2,"column":9},"end":{"line":2,"column":17}},"loc":{"start":{"line":2,"column":21},"end":{"line":4,"column":1}},"line":2}},"branchMap":{"0":{"loc":{"start":{"line":3,"column":21},"end":{"line":3,"column":71}},"type":"if","locations":[{"start":{"line":3,"column":21},"end":{"line":3,"column":71}},{"start":{"line":3,"column":21},"end":{"line":3,"column":71}}],"line":3}},"s":{"0":2,"1":2,"2":2,"3":1,"4":1,"5":1},"f":{"0":2},"b":{"0":[2,0]},"inputSourceMap":{"version":3,"file":"index.js","sourceRoot":"","sources":["index.ts"],"names":[],"mappings":";;;;;AAAA,oCAA+B;AAC/B,qCAAgC"},"_coverageSchema":"332fd63041d2c1bcb487cc26dd0d5f7d97098a6c","hash":"303d930ec362c0951e04fe9323fb27a4f42640d8"},"/Users/wpannell/git/privacy-portal-dpo/src/app/browse/fetch/fetch.module.ts":{"path":"/Users/wpannell/git/privacy-portal-dpo/src/app/browse/fetch/fetch.module.ts","statementMap":{"0":{"start":{"line":2,"column":17},"end":{"line":7,"column":1}},"1":{"start":{"line":3,"column":12},"end":{"line":3,"column":28}},"2":{"start":{"line":3,"column":34},"end":{"line":3,"column":125}},"3":{"start":{"line":4,"column":4},"end":{"line":5,"column":150}},"4":{"start":{"line":4,"column":79},"end":{"line":4,"column":131}},"5":{"start":{"line":5,"column":9},"end":{"line":5,"column":150}},"6":{"start":{"line":5,"column":58},"end":{"line":5,"column":150}},"7":{"start":{"line":5,"column":81},"end":{"line":5,"column":150}},"8":{"start":{"line":6,"column":4},"end":{"line":6,"column":66}},"9":{"start":{"line":8,"column":0},"end":{"line":8,"column":62}},"10":{"start":{"line":9,"column":13},"end":{"line":9,"column":37}},"11":{"start":{"line":10,"column":13},"end":{"line":10,"column":44}},"12":{"start":{"line":11,"column":22},"end":{"line":11,"column":48}},"13":{"start":{"line":12,"column":39},"end":{"line":26,"column":3}},"14":{"start":{"line":15,"column":4},"end":{"line":24,"column":26}},"15":{"start":{"line":25,"column":4},"end":{"line":25,"column":29}},"16":{"start":{"line":27,"column":0},"end":{"line":27,"column":46}}},"fnMap":{"0":{"name":"(anonymous_0)","decl":{"start":{"line":2,"column":46},"end":{"line":2,"column":47}},"loc":{"start":{"line":2,"column":87},"end":{"line":7,"column":1}},"line":2},"1":{"name":"(anonymous_1)","decl":{"start":{"line":12,"column":39},"end":{"line":12,"column":40}},"loc":{"start":{"line":12,"column":51},"end":{"line":26,"column":1}},"line":12},"2":{"name":"BrowseFetchModule","decl":{"start":{"line":13,"column":13},"end":{"line":13,"column":30}},"loc":{"start":{"line":13,"column":33},"end":{"line":14,"column":5}},"line":13}},"branchMap":{"0":{"loc":{"start":{"line":2,"column":17},"end":{"line":7,"column":1}},"type":"binary-expr","locations":[{"start":{"line":2,"column":18},"end":{"line":2,"column":22}},{"start":{"line":2,"column":26},"end":{"line":2,"column":41}},{"start":{"line":2,"column":46},"end":{"line":7,"column":1}}],"line":2},"1":{"loc":{"start":{"line":3,"column":34},"end":{"line":3,"column":125}},"type":"cond-expr","locations":[{"start":{"line":3,"column":42},"end":{"line":3,"column":48}},{"start":{"line":3,"column":51},"end":{"line":3,"column":125}}],"line":3},"2":{"loc":{"start":{"line":3,"column":51},"end":{"line":3,"column":125}},"type":"cond-expr","locations":[{"start":{"line":3,"column":67},"end":{"line":3,"column":118}},{"start":{"line":3,"column":121},"end":{"line":3,"column":125}}],"line":3},"3":{"loc":{"start":{"line":4,"column":4},"end":{"line":5,"column":150}},"type":"if","locations":[{"start":{"line":4,"column":4},"end":{"line":5,"column":150}},{"start":{"line":4,"column":4},"end":{"line":5,"column":150}}],"line":4},"4":{"loc":{"start":{"line":4,"column":8},"end":{"line":4,"column":77}},"type":"binary-expr","locations":[{"start":{"line":4,"column":8},"end":{"line":4,"column":35}},{"start":{"line":4,"column":39},"end":{"line":4,"column":77}}],"line":4},"5":{"loc":{"start":{"line":5,"column":58},"end":{"line":5,"column":150}},"type":"if","locations":[{"start":{"line":5,"column":58},"end":{"line":5,"column":150}},{"start":{"line":5,"column":58},"end":{"line":5,"column":150}}],"line":5},"6":{"loc":{"start":{"line":5,"column":85},"end":{"line":5,"column":149}},"type":"binary-expr","locations":[{"start":{"line":5,"column":86},"end":{"line":5,"column":143}},{"start":{"line":5,"column":148},"end":{"line":5,"column":149}}],"line":5},"7":{"loc":{"start":{"line":5,"column":86},"end":{"line":5,"column":143}},"type":"cond-expr","locations":[{"start":{"line":5,"column":94},"end":{"line":5,"column":98}},{"start":{"line":5,"column":101},"end":{"line":5,"column":143}}],"line":5},"8":{"loc":{"start":{"line":5,"column":101},"end":{"line":5,"column":143}},"type":"cond-expr","locations":[{"start":{"line":5,"column":109},"end":{"line":5,"column":126}},{"start":{"line":5,"column":129},"end":{"line":5,"column":143}}],"line":5},"9":{"loc":{"start":{"line":6,"column":11},"end":{"line":6,"column":62}},"type":"binary-expr","locations":[{"start":{"line":6,"column":11},"end":{"line":6,"column":16}},{"start":{"line":6,"column":20},"end":{"line":6,"column":21}},{"start":{"line":6,"column":25},"end":{"line":6,"column":62}}],"line":6}},"s":{"0":1,"1":1,"2":1,"3":1,"4":0,"5":1,"6":1,"7":1,"8":1,"9":1,"10":1,"11":1,"12":1,"13":1,"14":1,"15":1,"16":1},"f":{"0":1,"1":1,"2":25},"b":{"0":[1,1,1],"1":[1,0],"2":[0,0],"3":[0,1],"4":[1,1],"5":[1,0],"6":[1,0],"7":[1,0],"8":[0,0],"9":[1,0,0]},"inputSourceMap":{"version":3,"file":"fetch.module.js","sourceRoot":"","sources":["fetch.module.ts"],"names":[],"mappings":";;;;;;;;AAAA,sCAAuC;AACvC,6CAAsD;AACtD,iDAAmD;AAanD;IAAA;IACA,CAAC;IADY,iBAAiB;QAX7B,eAAQ,CAAC;YACR,YAAY,EAAE,EACb;YACD,OAAO,EAAE;gBACP,uBAAgB;aACjB;YACD,OAAO,EAAE,EACR;YACD,SAAS,EAAE,CAAC,kCAAkB,CAAC;SAChC,CAAC;OAEW,iBAAiB,CAC7B;IAAD,wBAAC;CAAA,AADD,IACC;AADY,8CAAiB"},"_coverageSchema":"332fd63041d2c1bcb487cc26dd0d5f7d97098a6c","hash":"43e88d32c0bae4e137a46cb9eb5da69b18add2a2"},"/Users/wpannell/git/privacy-portal-dpo/src/app/browse/fetch/fetch.service.ts":{"path":"/Users/wpannell/git/privacy-portal-dpo/src/app/browse/fetch/fetch.service.ts","statementMap":{"0":{"start":{"line":2,"column":17},"end":{"line":7,"column":1}},"1":{"start":{"line":3,"column":12},"end":{"line":3,"column":28}},"2":{"start":{"line":3,"column":34},"end":{"line":3,"column":125}},"3":{"start":{"line":4,"column":4},"end":{"line":5,"column":150}},"4":{"start":{"line":4,"column":79},"end":{"line":4,"column":131}},"5":{"start":{"line":5,"column":9},"end":{"line":5,"column":150}},"6":{"start":{"line":5,"column":58},"end":{"line":5,"column":150}},"7":{"start":{"line":5,"column":81},"end":{"line":5,"column":150}},"8":{"start":{"line":6,"column":4},"end":{"line":6,"column":66}},"9":{"start":{"line":8,"column":17},"end":{"line":10,"column":1}},"10":{"start":{"line":9,"column":4},"end":{"line":9,"column":109}},"11":{"start":{"line":9,"column":79},"end":{"line":9,"column":109}},"12":{"start":{"line":11,"column":0},"end":{"line":11,"column":62}},"13":{"start":{"line":12,"column":13},"end":{"line":12,"column":37}},"14":{"start":{"line":13,"column":13},"end":{"line":13,"column":44}},"15":{"start":{"line":14,"column":20},"end":{"line":14,"column":64}},"16":{"start":{"line":15,"column":40},"end":{"line":33,"column":3}},"17":{"start":{"line":17,"column":8},"end":{"line":17,"column":25}},"18":{"start":{"line":19,"column":4},"end":{"line":27,"column":6}},"19":{"start":{"line":20,"column":18},"end":{"line":20,"column":61}},"20":{"start":{"line":21,"column":22},"end":{"line":21,"column":86}},"21":{"start":{"line":22,"column":21},"end":{"line":22,"column":62}},"22":{"start":{"line":23,"column":8},"end":{"line":26,"column":23}},"23":{"start":{"line":28,"column":4},"end":{"line":31,"column":27}},"24":{"start":{"line":32,"column":4},"end":{"line":32,"column":30}},"25":{"start":{"line":34,"column":0},"end":{"line":34,"column":48}}},"fnMap":{"0":{"name":"(anonymous_0)","decl":{"start":{"line":2,"column":46},"end":{"line":2,"column":47}},"loc":{"start":{"line":2,"column":87},"end":{"line":7,"column":1}},"line":2},"1":{"name":"(anonymous_1)","decl":{"start":{"line":8,"column":46},"end":{"line":8,"c
[...]
d":{"line":5,"column":143}}],"line":5},"8":{"loc":{"start":{"line":5,"column":101},"end":{"line":5,"column":143}},"type":"cond-expr","locations":[{"start":{"line":5,"column":109},"end":{"line":5,"column":126}},{"start":{"line":5,"column":129},"end":{"line":5,"column":143}}],"line":5},"9":{"loc":{"start":{"line":6,"column":11},"end":{"line":6,"column":62}},"type":"binary-expr","locations":[{"start":{"line":6,"column":11},"end":{"line":6,"column":16}},{"start":{"line":6,"column":20},"end":{"line":6,"column":21}},{"start":{"line":6,"column":25},"end":{"line":6,"column":62}}],"line":6},"10":{"loc":{"start":{"line":8,"column":17},"end":{"line":10,"column":1}},"type":"binary-expr","locations":[{"start":{"line":8,"column":18},"end":{"line":8,"column":22}},{"start":{"line":8,"column":26},"end":{"line":8,"column":41}},{"start":{"line":8,"column":46},"end":{"line":10,"column":1}}],"line":8},"11":{"loc":{"start":{"line":9,"column":4},"end":{"line":9,"column":109}},"type":"if","locations":[{"start":{"line":9,"column":4},"end":{"line":9,"column":109}},{"start":{"line":9,"column":4},"end":{"line":9,"column":109}}],"line":9},"12":{"loc":{"start":{"line":9,"column":8},"end":{"line":9,"column":77}},"type":"binary-expr","locations":[{"start":{"line":9,"column":8},"end":{"line":9,"column":35}},{"start":{"line":9,"column":39},"end":{"line":9,"column":77}}],"line":9}},"s":{"0":1,"1":1,"2":1,"3":1,"4":0,"5":1,"6":2,"7":2,"8":1,"9":1,"10":1,"11":1,"12":1,"13":1,"14":1,"15":1,"16":1,"17":1},"f":{"0":1,"1":1,"2":1,"3":2},"b":{"0":[1,1,1],"1":[1,0],"2":[0,0],"3":[0,1],"4":[1,1],"5":[2,0],"6":[2,1],"7":[2,0],"8":[0,0],"9":[1,0,0],"10":[1,1,1],"11":[1,0],"12":[1,1]},"inputSourceMap":{"version":3,"file":"interactions.component.js","sourceRoot":"","sources":["interactions.component.ts"],"names":[],"mappings":";;;;;;;;;;;AAAA,sCAAwC;AA4ExC;IACE;IACA,CAAC;IAFU,qBAAqB;QA1EjC,gBAAS,CAAC;YACT,QAAQ,EAAE,cAAc;YACxB,QAAQ,EACR,0hFAoEC;SACF,CAAC;;OAEW,qBAAqB,CAGjC;IAAD,4BAAC;CAAA,AAHD,IAGC;AAHY,sDAAqB"},"_coverageSchema":"332fd63041d2c1bcb487cc26dd0d5f7d97098a6c","hash":"daf62145af0073cc6a3748e5cc6d09be98a64f67"},"/Users/wpannell/git/privacy-portal-dpo/src/components/header/index.ts":{"path":"/Users/wpannell/git/privacy-portal-dpo/src/components/header/index.ts","statementMap":{"0":{"start":{"line":3,"column":4},"end":{"line":3,"column":71}},"1":{"start":{"line":3,"column":21},"end":{"line":3,"column":71}},"2":{"start":{"line":3,"column":53},"end":{"line":3,"column":71}},"3":{"start":{"line":5,"column":0},"end":{"line":5,"column":62}},"4":{"start":{"line":6,"column":0},"end":{"line":6,"column":37}},"5":{"start":{"line":7,"column":0},"end":{"line":7,"column":40}}},"fnMap":{"0":{"name":"__export","decl":{"start":{"line":2,"column":9},"end":{"line":2,"column":17}},"loc":{"start":{"line":2,"column":21},"end":{"line":4,"column":1}},"line":2}},"branchMap":{"0":{"loc":{"start":{"line":3,"column":21},"end":{"line":3,"column":71}},"type":"if","locations":[{"start":{"line":3,"column":21},"end":{"line":3,"column":71}},{"start":{"line":3,"column":21},"end":{"line":3,"column":71}}],"line":3}},"s":{"0":2,"1":2,"2":2,"3":1,"4":1,"5":1},"f":{"0":2},"b":{"0":[2,0]},"inputSourceMap":{"version":3,"file":"index.js","sourceRoot":"","sources":["index.ts"],"names":[],"mappings":";;;;;AAAA,qCAAgC;AAChC,wCAAmC"},"_coverageSchema":"332fd63041d2c1bcb487cc26dd0d5f7d97098a6c","hash":"afe6f3f4a07ddaf1eeced837d833edde3e581dc6"},"/Users/wpannell/git/privacy-portal-dpo/src/components/header/header.module.ts":{"path":"/Users/wpannell/git/privacy-portal-dpo/src/components/header/header.module.ts","statementMap":{"0":{"start":{"line":2,"column":17},"end":{"line":7,"column":1}},"1":{"start":{"line":3,"column":12},"end":{"line":3,"column":28}},"2":{"start":{"line":3,"column":34},"end":{"line":3,"column":125}},"3":{"start":{"line":4,"column":4},"end":{"line":5,"column":150}},"4":{"start":{"line":4,"column":79},"end":{"line":4,"column":131}},"5":{"start":{"line":5,"column":9},"end":{"line":5,"column":150}},"6":{"start":{"line":5,"column":58},"end":{"line":5,"column":150}},"7":{"start":{"line":5,"column":81},"end":{"line":5,"column":150}},"8":{"start":{"line":6,"column":4},"end":{"line":6,"column":66}},"9":{"start":{"line":8,"column":0},"end":{"line":8,"column":62}},"10":{"start":{"line":9,"column":13},"end":{"line":9,"column":37}},"11":{"start":{"line":10,"column":25},"end":{"line":10,"column":54}},"12":{"start":{"line":11,"column":34},"end":{"line":24,"column":3}},"13":{"start":{"line":14,"column":4},"end":{"line":22,"column":21}},"14":{"start":{"line":23,"column":4},"end":{"line":23,"column":24}},"15":{"start":{"line":25,"column":0},"end":{"line":25,"column":36}}},"fnMap":{"0":{"name":"(anonymous_0)","decl":{"start":{"line":2,"column":46},"end":{"line":2,"column":47}},"loc":{"start":{"line":2,"column":87},"end":{"line":7,"column":1}},"line":2},"1":{"name":"(anonymous_1)","decl":{"start":{"line":11,"column":34},"end":{"line":11,"column":35}},"loc":{"start":{"line":11,"column":46},"end":{"line":24,"column":1}},"line":11},"2":{"name":"HeaderModule","decl":{"start":{"line":12,"column":13},"end":{"line":12,"column":25}},"loc":{"start":{"line":12,"column":28},"end":{"line":13,"column":5}},"line":12}},"branchMap":{"0":{"loc":{"start":{"line":2,"column":17},"end":{"line":7,"column":1}},"type":"binary-expr","locations":[{"start":{"line":2,"column":18},"end":{"line":2,"column":22}},{"start":{"line":2,"column":26},"end":{"line":2,"column":41}},{"start":{"line":2,"column":46},"end":{"line":7,"column":1}}],"line":2},"1":{"loc":{"start":{"line":3,"column":34},"end":{"line":3,"column":125}},"type":"cond-expr","locations":[{"start":{"line":3,"column":42},"end":{"line":3,"column":48}},{"start":{"line":3,"column":51},"end":{"line":3,"column":125}}],"line":3},"2":{"loc":{"start":{"line":3,"column":51},"end":{"line":3,"column":125}},"type":"cond-expr","locations":[{"start":{"line":3,"column":67},"end":{"line":3,"column":118}},{"start":{"line":3,"column":121},"end":{"line":3,"column":125}}],"line":3},"3":{"loc":{"start":{"line":4,"column":4},"end":{"line":5,"column":150}},"type":"if","locations":[{"start":{"line":4,"column":4},"end":{"line":5,"column":150}},{"start":{"line":4,"column":4},"end":{"line":5,"column":150}}],"line":4},"4":{"loc":{"start":{"line":4,"column":8},"end":{"line":4,"column":77}},"type":"binary-expr","locations":[{"start":{"line":4,"column":8},"end":{"line":4,"column":35}},{"start":{"line":4,"column":39},"end":{"line":4,"column":77}}],"line":4},"5":{"loc":{"start":{"line":5,"column":58},"end":{"line":5,"column":150}},"type":"if","locations":[{"start":{"line":5,"column":58},"end":{"line":5,"column":150}},{"start":{"line":5,"column":58},"end":{"line":5,"column":150}}],"line":5},"6":{"loc":{"start":{"line":5,"column":85},"end":{"line":5,"column":149}},"type":"binary-expr","locations":[{"start":{"line":5,"column":86},"end":{"line":5,"column":143}},{"start":{"line":5,"column":148},"end":{"line":5,"column":149}}],"line":5},"7":{"loc":{"start":{"line":5,"column":86},"end":{"line":5,"column":143}},"type":"cond-expr","locations":[{"start":{"line":5,"column":94},"end":{"line":5,"column":98}},{"start":{"line":5,"column":101},"end":{"line":5,"column":143}}],"line":5},"8":{"loc":{"start":{"line":5,"column":101},"end":{"line":5,"column":143}},"type":"cond-expr","locations":[{"start":{"line":5,"column":109},"end":{"line":5,"column":126}},{"start":{"line":5,"column":129},"end":{"line":5,"column":143}}],"line":5},"9":{"loc":{"start":{"line":6,"column":11},"end":{"line":6,"column":62}},"type":"binary-expr","locations":[{"start":{"line":6,"column":11},"end":{"line":6,"column":16}},{"start":{"line":6,"column":20},"end":{"line":6,"column":21}},{"start":{"line":6,"column":25},"end":{"line":6,"column":62}}],"line":6}},"s":{"0":1,"1":1,"2":1,"3":1,"4":0,"5":1,"6":1,"7":1,"8":1,"9":1,"10":1,"11":1,"12":1,"13":1,"14":1,"15":1},"f":{"0":1,"1":1,"2":2},"b":{"0":[1,1,1],"1":[1,0],"2":[0,0],"3":[0,1],"4":[1,1],"5":[1,0],"6":[1,0],"7":[1,0],"8":[0,0],"9":[1,0,0]},"inputSourceMap":{"version":3,"file":"header.module.js","sourceRoot":"","sources":["header.module.ts"],"names":[],"mappings":";;;;;;;;AAAA,sCAAuC;AAGvC,uDAAmD;AASnD;IAAA;IACA,CAAC;IADY,YAAY;QAPxB,eAAQ,CAAC;YACR,YAAY,EAAE;gBACZ,kCAAe;aAAC;YAClB,OAAO,EAAE,CAAC,kCAAe,CAAC;YAC1B,SAAS,EAAE,EAAE;SACd,CAAC;OAEW,YAAY,CACxB;IAAD,mBAAC;CAAA,AADD,IACC;AADY,oCAAY"},"_coverageSchema":"332fd63041d2c1bcb487cc26dd0d5f7d97098a6c","hash":"b88eebe06ca43683db3ffa60967297349f199307"},"/Users/wpannell/git/privacy-portal-dpo/src/components/header/header.component.ts":{"path":"/Users/wpannell/git/privacy-portal-dpo/src/components/header/header.component.ts","statementMap":{"0":{"start":{"line":2,"column":17},"end":{"line":7,"column":1}},"1":{"start":{"line":3,"column":12},"end":{"line":3,"column":28}},"2":{"start":{"line":3,"column":34},"end":{"line":3,"column":125}},"3":{"start":{"line":4,"column":4},"end":{"line":5,"column":150}},"4":{"start":{"line":4,"column":79},"end":{"line":4,"column":131}},"5":{"start":{"line":5,"column":9},"end":{"line":5,"column":150}},"6":{"start":{"line":5,"column":58},"end":{"line":5,"column":150}},"7":{"start":{"line":5,"column":81},"end":{"line":5,"column":150}},"8":{"start":{"line":6,"column":4},"end":{"line":6,"column":66}},"9":{"start":{"line":8,"column":17},"end":{"line":10,"column":1}},"10":{"start":{"line":9,"column":4},"end":{"line":9,"column":109}},"11":{"start":{"line":9,"column":79},"end":{"line":9,"column":109}},"12":{"start":{"line":11,"column":0},"end":{"line":11,"column":62}},"13":{"start":{"line":12,"column":13},"end":{"line":12,"column":37}},"14":{"start":{"line":13,"column":37},"end":{"line":26,"column":3}},"15":{"start":{"line":16,"column":4},"end":{"line":16,"column":57}},"16":{"start":{"line":17,"column":4},"end":{"line":24,"column":24}},"17":{"start":{"line":25,"column":4},"end":{"line":25,"column":27}},"18":{"start":{"line":27,"column":0},"end":{"line":27,"column":42}}},"fnMap":{"0":{"name":"(anonymous_0)","decl":{"start":{"line":2,"column":46},"end":{"line":2,"column":47}},"loc":{"start":{"line":2,"column":87},"end":{"line":7,"column":1}},"line":2},"1":{"name":"(anonymous_1)","decl":{"start":{"line":8,"column":46},"end":{"line":8,"column":47}},"loc":{"start":{"line":8,"column":62},"end":{"line":10,"column":1}},"line":8},"2":{"name":"(anonymous_2)","decl":{"start":{"line":13,"column":37},"end":{"line":13,"column":38}},"loc":{"start":{"line":13,"column":49},"end":{"line":26,"column":1}},"line":13},"3":{"name":"HeaderComponent","decl":{"start":{"line":14,"column":13},"end":{"line":14,"column":28}},"loc":{"start":{"line":14,"column":31},"end":{"line":15,"column":5}},"line":14},"4":{"name":"(anonymous_4)","decl":{"start":{"line":16,"column":41},"end":{"line":16,"column":42}},"loc":{"start":{"line":16,"column":53},"end":{"line":16,"column":56}},"line":16}},"branchMap":{"0":{"loc":{"start":{"line":2,"column":17},"end":{"line":7,"column":1}},"type":"binary-expr","locations":[{"start":{"line":2,"column":18},"end":{"line":2,"column":22}},{"start":{"line":2,"column":26},"end":{"line":2,"column":41}},{"start":{"line":2,"column":46},"end":{"line":7,"column":1}}],"line":2},"1":{"loc":{"start":{"line":3,"column":34},"end":{"line":3,"column":125}},"type":"cond-expr","locations":[{"start":{"line":3,"column":42},"end":{"line":3,"column":48}},{"start":{"line":3,"column":51},"end":{"line":3,"column":125}}],"line":3},"2":{"loc":{"start":{"line":3,"column":51},"end":{"line":3,"column":125}},"type":"cond-expr","locations":[{"start":{"line":3,"column":67},"end":{"line":3,"column":118}},{"start":{"line":3,"column":121},"end":{"line":3,"column":125}}],"line":3},"3":{"loc":{"start":{"line":4,"column":4},"end":{"line":5,"column":150}},"type":"if","locations":[{"start":{"line":4,"column":4},"end":{"line":5,"column":150}},{"start":{"line":4,"column":4},"end":{"line":5,"column":150}}],"line":4},"4":{"loc":{"start":{"line":4,"column":8},"end":{"line":4,"column":77}},"type":"binary-expr","locations":[{"start":{"line":4,"column":8},"end":{"line":4,"column":35}},{"start":{"line":4,"column":39},"end":{"line":4,"column":77}}],"line":4},"5":{"loc":{"start":{"line":5,"column":58},"end":{"line":5,"column":150}},"type":"if","locations":[{"start":{"line":5,"column":58},"end":{"line":5,"column":150}},{"start":{"line":5,"column":58},"end":{"line":5,"column":150}}],"line":5},"6":{"loc":{"start":{"line":5,"column":85},"end":{"line":5,"column":149}},"type":"binary-expr","locations":[{"start":{"line":5,"column":86},"end":{"line":5,"column":143}},{"start":{"line":5,"column":148},"end":{"line":5,"column":149}}],"line":5},"7":{"loc":{"start":{"line":5,"column":86},"end":{"line":5,"column":143}},"type":"cond-expr","locations":[{"start":{"line":5,"column":94},"end":{"line":5,"column":98}},{"start":{"line":5,"column":101},"end":{"line":5,"column":143}}],"line":5},"8":{"loc":{"start":{"line":5,"column":101},"end":{"line":5,"column":143}},"type":"cond-expr","locations":[{"start":{"line":5,"column":109},"end":{"line":5,"column":126}},{"start":{"line":5,"column":129},"end":{"line":5,"column":143}}],"line":5},"9":{"loc":{"start":{"line":6,"column":11},"end":{"line":6,"column":62}},"type":"binary-expr","locations":[{"start":{"line":6,"column":11},"end":{"line":6,"column":16}},{"start":{"line":6,"column":20},"end":{"line":6,"column":21}},{"start":{"line":6,"column":25},"end":{"line":6,"column":62}}],"line":6},"10":{"loc":{"start":{"line":8,"column":17},"end":{"line":10,"column":1}},"type":"binary-expr","locations":[{"start":{"line":8,"column":18},"end":{"line":8,"column":22}},{"start":{"line":8,"column":26},"end":{"line":8,"column":41}},{"start":{"line":8,"column":46},"end":{"line":10,"column":1}}],"line":8},"11":{"loc":{"start":{"line":9,"column":4},"end":{"line":9,"column":109}},"type":"if","locations":[{"start":{"line":9,"column":4},"end":{"line":9,"column":109}},{"start":{"line":9,"column":4},"end":{"line":9,"column":109}}],"line":9},"12":{"loc":{"start":{"line":9,"column":8},"end":{"line":9,"column":77}},"type":"binary-expr","locations":[{"start":{"line":9,"column":8},"end":{"line":9,"column":35}},{"start":{"line":9,"column":39},"end":{"line":9,"column":77}}],"line":9}},"s":{"0":1,"1":1,"2":1,"3":1,"4":0,"5":1,"6":2,"7":2,"8":1,"9":1,"10":1,"11":1,"12":1,"13":1,"14":1,"15":1,"16":1,"17":1,"18":1},"f":{"0":1,"1":1,"2":1,"3":4,"4":4},"b":{"0":[1,1,1],"1":[1,0],"2":[0,0],"3":[0,1],"4":[1,1],"5":[2,0],"6":[2,1],"7":[2,0],"8":[0,0],"9":[1,0,0],"10":[1,1,1],"11":[1,0],"12":[1,1]},"inputSourceMap":{"version":3,"file":"header.component.js","sourceRoot":"","sources":["header.component.ts"],"names":[],"mappings":";;;;;;;;;;;AAAA,sCAAgD;AA0BhD;IACE;IAAe,CAAC;IAEhB,kCAAQ,GAAR,cAAY,CAAC;IAHF,eAAe;QAxB3B,gBAAS,CAAC;YACT,QAAQ,EAAE,YAAY;YACtB,QAAQ,EAAE,4oBAeT;YACD,MAAM,EAAE,CAAC,2EAIR,CAAC;SACH,CAAC;;OACW,eAAe,CAI3B;IAAD,sBAAC;CAAA,AAJD,IAIC;AAJY,0CAAe"},"_coverageSchema":"332fd63041d2c1bcb487cc26dd0d5f7d97098a6c","hash":"3427cf4b46a4e0d6f084cba1687783987ee97f2b"},"/Users/wpannell/git/privacy-portal-dpo/src/app/app.component.ts":{"path":"/Users/wpannell/git/privacy-portal-dpo/src/app/app.component.ts","statementMap":{"0":{"start":{"line":2,"column":17},"end":{"line":7,"column":1}},"1":{"start":{"line":3,"column":12},"end":{"line":3,"column":28}},"2":{"start":{"line":3,"column":34},"end":{"line":3,"column":125}},"3":{"start":{"line":4,"column":4},"end":{"line":5,"column":150}},"4":{"start":{"line":4,"column":79},"end":{"line":4,"column":131}},"5":{"start":{"line":5,"column":9},"end":{"line":5,"column":150}},"6":{"start":{"line":5,"column":58},"end":{"line":5,"column":150}},"7":{"start":{"line":5,"column":81},"end":{"line":5,"column":150}},"8":{"start":{"line":6,"column":4},"end":{"line":6,"column":66}},"9":{"start":{"line":8,"column":0},"end":{"line":8,"column":62}},"10":{"start":{"line":9,"column":13},"end":{"line":9,"column":37}},"11":{"start":{"line":10,"column":34},"end":{"line":22,"column":3}},"12":{"start":{"line":12,"column":8},"end":{"line":12,"column":42}},"13":{"start":{"line":14,"column":4},"end":{"line":20,"column":21}},"14":{"start":{"line":21,"column":4},"end":{"line":21,"column":24}},"15":{"start":{"line":23,"column":0},"end":{"line":23,"column":36}}},"fnMap":{"0":{"name":"(anonymous_0)","decl":{"start":{"line":2,"column":46},"end":{"line":2,"column":47}},"loc":{"start":{"line":2,"column":87},"end":{"line":7,"column":1}},"line":2},"1":{"name":"(anonymous_1)","decl":{"start":{"line":10,"column":34},"end":{"line":10,"column":35}},"loc":{"start":{"line":10,"column":46},"end":{"line":22,"column":1}},"line":10},"2":{"name":"AppComponent","decl":{"start":{"line":11,"column":13},"end":{"line":11,"column":25}},"loc":{"start":{"line":11,"column":28},"end":{"line":13,"column":5}},"line":11}},"branchMap":{"0":{"loc":{"start":{"line":2,"column":17},"end":{"line":7,"column":1}},"type":"binary-expr","locations":[{"start":{"line":2,"column":18},"end":{"line":2,"column":22}},{"start":{"line":2,"column":26},"end":{"line":2,"column":41}},{"start":{"line":2,"column":46},"end":{"line":7,"column":1}}],"line":2},"1":{"loc":{"start":{"line":3,"column":34},"end":{"line":3,"column":125}},"type":"cond-expr","locations":[{"start":{"line":3,"column":42},"end":{"line":3,"column":48}},{"start":{"line":3,"column":51},"end":{"line":3,"column":125}}],"line":3},"2":{"loc":{"start":{"line":3,"column":51},"end":{"line":3,"column":125}},"type":"cond-expr","locations":[{"start":{"line":3,"column":67},"end":{"line":3,"column":118}},{"start":{"line":3,"column":121},"end":{"line":3,"column":125}}],"line":3},"3":{"loc":{"start":{"line":4,"column":4},"end":{"line":5,"column":150}},"type":"if","locations":[{"start":{"line":4,"column":4},"end":{"line":5,"column":150}},{"start":{"line":4,"column":4},"end":{"line":5,"column":150}}],"line":4},"4":{"loc":{"start":{"line":4,"column":8},"end":{"line":4,"column":77}},"type":"binary-expr","locations":[{"start":{"line":4,"column":8},"end":{"line":4,"column":35}},{"start":{"line":4,"column":39},"end":{"line":4,"column":77}}],"line":4},"5":{"loc":{"start":{"line":5,"column":58},"end":{"line":5,"column":150}},"type":"if","locations":[{"start":{"line":5,"column":58},"end":{"line":5,"column":150}},{"start":{"line":5,"column":58},"end":{"line":5,"column":150}}],"line":5},"6":{"loc":{"start":{"line":5,"column":85},"end":{"line":5,"column":149}},"type":"binary-expr","locations":[{"start":{"line":5,"column":86},"end":{"line":5,"column":143}},{"start":{"line":5,"column":148},"end":{"line":5,"column":149}}],"line":5},"7":{"loc":{"start":{"line":5,"column":86},"end":{"line":5,"column":143}},"type":"cond-expr","locations":[{"start":{"line":5,"column":94},"end":{"line":5,"column":98}},{"start":{"line":5,"column":101},"end":{"line":5,"column":143}}],"line":5},"8":{"loc":{"start":{"line":5,"column":101},"end":{"line":5,"column":143}},"type":"cond-expr","locations":[{"start":{"line":5,"column":109},"end":{"line":5,"column":126}},{"start":{"line":5,"column":129},"end":{"line":5,"column":143}}],"line":5},"9":{"loc":{"start":{"line":6,"column":11},"end":{"line":6,"column":62}},"type":"binary-expr","locations":[{"start":{"line":6,"column":11},"end":{"line":6,"column":16}},{"start":{"line":6,"column":20},"end":{"line":6,"column":21}},{"start":{"line":6,"column":25},"end":{"line":6,"column":62}}],"line":6}},"s":{"0":1,"1":1,"2":1,"3":1,"4":0,"5":1,"6":1,"7":1,"8":1,"9":1,"10":1,"11":1,"12":2,"13":1,"14":1,"15":1},"f":{"0":1,"1":1,"2":2},"b":{"0":[1,1,1],"1":[1,0],"2":[0,0],"3":[0,1],"4":[1,1],"5":[1,0],"6":[1,0],"7":[1,0],"8":[0,0],"9":[1,0,0]},"inputSourceMap":{"version":3,"file":"app.component.js","sourceRoot":"","sources":["app.component.ts"],"names":[],"mappings":";;;;;;;;AAAA,sCAA0C;AAqB1C;IAnBA;QAoBE,UAAK,GAAG,oBAAoB,CAAC;IAC/B,CAAC;IAFY,YAAY;QAnBxB,gBAAS,CAAC;YACT,QAAQ,EAAE,oBAAoB;YAC9B,QAAQ,EAAE,qIAKT;YACC,MAAM,EAAE,CAAC,6KAQR,CAAC;SACL,CAAC;OAEW,YAAY,CAExB;IAAD,mBAAC;CAAA,AAFD,IAEC;AAFY,oCAAY"},"_coverageSchema":"332fd63041d2c1bcb487cc26dd0d5f7d97098a6c","hash":"898f441d1ea0723613131347067f3bf684f9d081"}}