{"/Users/lsteck/git/bmxedu/BootCamp_Latest_pipeline/angular5-bootstrap-node-fast-specs/config/mocha/mocha-node-test-shim.js":{"path":"/Users/lsteck/git/bmxedu/BootCamp_Latest_pipeline/angular5-bootstrap-node-fast-specs/config/mocha/mocha-node-test-shim.js","statementMap":{"0":{"start":{"line":1,"column":0},"end":{"line":1,"column":23}},"1":{"start":{"line":2,"column":0},"end":{"line":2,"column":31}},"2":{"start":{"line":4,"column":0},"end":{"line":4,"column":34}},"3":{"start":{"line":5,"column":0},"end":{"line":5,"column":46}},"4":{"start":{"line":6,"column":0},"end":{"line":6,"column":30}},"5":{"start":{"line":7,"column":0},"end":{"line":7,"column":34}},"6":{"start":{"line":8,"column":0},"end":{"line":8,"column":35}},"7":{"start":{"line":9,"column":0},"end":{"line":9,"column":40}},"8":{"start":{"line":11,"column":16},"end":{"line":11,"column":48}},"9":{"start":{"line":12,"column":16},"end":{"line":12,"column":68}},"10":{"start":{"line":14,"column":0},"end":{"line":14,"column":114}},"11":{"start":{"line":16,"column":14},"end":{"line":16,"column":30}},"12":{"start":{"line":17,"column":18},"end":{"line":17,"column":23}},"13":{"start":{"line":19,"column":15},"end":{"line":19,"column":78}},"14":{"start":{"line":20,"column":17},"end":{"line":20,"column":32}},"15":{"start":{"line":22,"column":0},"end":{"line":22,"column":27}},"16":{"start":{"line":23,"column":0},"end":{"line":23,"column":37}},"17":{"start":{"line":24,"column":0},"end":{"line":24,"column":32}},"18":{"start":{"line":26,"column":0},"end":{"line":26,"column":40}},"19":{"start":{"line":27,"column":0},"end":{"line":27,"column":46}},"20":{"start":{"line":28,"column":0},"end":{"line":28,"column":26}},"21":{"start":{"line":29,"column":0},"end":{"line":29,"column":28}},"22":{"start":{"line":30,"column":0},"end":{"line":30,"column":38}},"23":{"start":{"line":32,"column":0},"end":{"line":36,"column":3}},"24":{"start":{"line":33,"column":2},"end":{"line":35,"column":3}},"25":{"start":{"line":34,"column":4},"end":{"line":34,"column":54}},"26":{"start":{"line":38,"column":0},"end":{"line":40,"column":2}}},"fnMap":{"0":{"name":"(anonymous_0)","decl":{"start":{"line":32,"column":42},"end":{"line":32,"column":43}},"loc":{"start":{"line":32,"column":56},"end":{"line":36,"column":1}},"line":32}},"branchMap":{"0":{"loc":{"start":{"line":33,"column":2},"end":{"line":35,"column":3}},"type":"if","locations":[{"start":{"line":33,"column":2},"end":{"line":35,"column":3}},{"start":{"line":33,"column":2},"end":{"line":35,"column":3}}],"line":33}},"s":{"0":1,"1":1,"2":1,"3":1,"4":1,"5":1,"6":1,"7":1,"8":1,"9":1,"10":1,"11":1,"12":1,"13":1,"14":1,"15":1,"16":1,"17":1,"18":1,"19":1,"20":1,"21":1,"22":1,"23":1,"24":87,"25":69,"26":1},"f":{"0":87},"b":{"0":[69,18]},"_coverageSchema":"332fd63041d2c1bcb487cc26dd0d5f7d97098a6c","hash":"6fd17d39c2977d66e7f17923ec5658ec9936deaf","contentHash":"f986d8dbf3911057994d56c88e1c1ca7_11.4.1"},"/Users/lsteck/git/bmxedu/BootCamp_Latest_pipeline/angular5-bootstrap-node-fast-specs/config/webpack.test.node.js":{"path":"/Users/lsteck/git/bmxedu/BootCamp_Latest_pipeline/angular5-bootstrap-node-fast-specs/config/webpack.test.node.js","statementMap":{"0":{"start":{"line":1,"column":22},"end":{"line":1,"column":55}},"1":{"start":{"line":2,"column":16},"end":{"line":2,"column":36}},"2":{"start":{"line":3,"column":21},"end":{"line":3,"column":45}},"3":{"start":{"line":4,"column":25},"end":{"line":4,"column":60}},"4":{"start":{"line":5,"column":19},"end":{"line":5,"column":54}},"5":{"start":{"line":7,"column":22},"end":{"line":33,"column":2}},"6":{"start":{"line":35,"column":25},"end":{"line":45,"column":2}},"7":{"start":{"line":47,"column":0},"end":{"line":65,"column":3}}},"fnMap":{},"branchMap":{"0":{"loc":{"start":{"line":50,"column":11},"end":{"line":50,"column":65}},"type":"cond-expr","locations":[{"start":{"line":50,"column":24},"end":{"line":50,"column":30}},{"start":{"line":50,"column":33},"end":{"line":50,"column":65}}],"line":50},"1":{"loc":{"start":{"line":59,"column":11},"end":{"line":59,"column":56}},"type":"cond-expr","locations":[{"start":{"line":59,"column":24},"end":{"line":59,"column":37}},{"start":{"line":59,"column":40},"end":{"line":59,"column":56}}],"line":59}},"s":{"0":1,"1":1,"2":1,"3":1,"4":1,"5":1,"6":1,"7":1},"f":{},"b":{"0":[0,1],"1":[0,1]},"_coverageSchema":"332fd63041d2c1bcb487cc26dd0d5f7d97098a6c","hash":"fdb4d165a58d9940069082e82fb7474ddff20eeb","contentHash":"185d0ed0d7357c79f87c72df29f64def_11.4.1"},"/Users/lsteck/git/bmxedu/BootCamp_Latest_pipeline/angular5-bootstrap-node-fast-specs/config/helpers.js":{"path":"/Users/lsteck/git/bmxedu/BootCamp_Latest_pipeline/angular5-bootstrap-node-fast-specs/config/helpers.js","statementMap":{"0":{"start":{"line":1,"column":11},"end":{"line":1,"column":26}},"1":{"start":{"line":2,"column":12},"end":{"line":2,"column":41}},"2":{"start":{"line":4,"column":2},"end":{"line":4,"column":50}},"3":{"start":{"line":5,"column":2},"end":{"line":5,"column":53}},"4":{"start":{"line":7,"column":0},"end":{"line":7,"column":20}}},"fnMap":{"0":{"name":"root","decl":{"start":{"line":3,"column":9},"end":{"line":3,"column":13}},"loc":{"start":{"line":3,"column":20},"end":{"line":6,"column":1}},"line":3}},"branchMap":{},"s":{"0":1,"1":1,"2":10,"3":10,"4":1},"f":{"0":10},"b":{},"_coverageSchema":"332fd63041d2c1bcb487cc26dd0d5f7d97098a6c","hash":"d0662d2358266aef8093d5023895fa142eede3e1","contentHash":"a07c5cebfb987383740764f202d9cc07_11.4.1"},"/Users/lsteck/git/bmxedu/BootCamp_Latest_pipeline/angular5-bootstrap-node-fast-specs/config/webpack.test.common.js":{"path":"/Users/lsteck/git/bmxedu/BootCamp_Latest_pipeline/angular5-bootstrap-node-fast-specs/config/webpack.test.common.js","statementMap":{"0":{"start":{"line":1,"column":16},"end":{"line":1,"column":36}},"1":{"start":{"line":2,"column":16},"end":{"line":2,"column":34}},"2":{"start":{"line":4,"column":0},"end":{"line":60,"column":2}}},"fnMap":{},"branchMap":{},"s":{"0":1,"1":1,"2":1},"f":{},"b":{},"_coverageSchema":"332fd63041d2c1bcb487cc26dd0d5f7d97098a6c","hash":"1f623296492c4def3bc5857b2df7c14baed08c8d","contentHash":"8e372607f44141ae3cbf0d9ef1efd628_11.4.1"},"/Users/lsteck/git/bmxedu/BootCamp_Latest_pipeline/angular5-bootstrap-node-fast-specs/.tmp/mocha-webpack/1522119328417/bundle.js":{"path":"/Users/lsteck/git/bmxedu/BootCamp_Latest_pipeline/angular5-bootstrap-node-fast-specs/.tmp/mocha-webpack/1522119328417/bundle.js","statementMap":{"0":{"start":{"line":1,"column":9},"end":{"line":1364,"column":12}},"1":{"start":{"line":3,"column":33},"end":{"line":3,"column":35}},"2":{"start":{"line":9,"column":11},"end":{"line":11,"column":12}},"3":{"start":{"line":10,"column":12},"end":{"line":10,"column":54}},"4":{"start":{"line":13,"column":24},"end":{"line":17,"column":12}},"5":{"start":{"line":20,"column":11},"end":{"line":20,"column":95}},"6":{"start":{"line":23,"column":11},"end":{"line":23,"column":27}},"7":{"start":{"line":26,"column":11},"end":{"line":26,"column":33}},"8":{"start":{"line":31,"column":10},"end":{"line":31,"column":42}},"9":{"start":{"line":34,"column":10},"end":{"line":34,"column":51}},"10":{"start":{"line":37,"column":10},"end":{"line":45,"column":12}},"11":{"start":{"line":38,"column":11},"end":{"line":44,"column":12}},"12":{"start":{"line":39,"column":12},"end":{"line":43,"column":15}},"13":{"start":{"line":48,"column":10},"end":{"line":54,"column":12}},"14":{"start":{"line":49,"column":24},"end":{"line":51,"column":58}},"15":{"start":{"line":50,"column":36},"end":{"line":50,"column":61}},"16":{"start":{"line":51,"column":42},"end":{"line":51,"column":56}},"17":{"start":{"line":52,"column":11},"end":{"line":52,"column":54}},"18":{"start":{"line":53,"column":11},"end":{"line":53,"column":25}},"19":{"start":{"line":57,"column":10},"end":{"line":57,"column":128}},"20":{"start":{"line":57,"column":63},"end":{"line":57,"column":125}},"21":{"start":{"line":60,"column":10},"end":{"line":60,"column":37}},"22":{"start":{"line":63,"column":10},"end":{"line":63,"column":64}},"23":{"start":{"line":71,"column":31},"end":{"line":71,"column":107}},"24":{"start":{"line":71,"column":92},"end":{"line":71,"column":103}},"25":{"start":{"line":72,"column":31},"end":{"line":72,"column":109}},"26":{"start":{"line":72,"column":92},"end":{"line":72,"column":105}},"27":{"start":{"line":73,"column":31},"end":{"line":73,"column":108}},"28":{"start":{"line":73,"column":92},"end":{"line":73,"column":104}},"29":{"start":{"line":74,"column":31},"end":{"line":74,"column":116}},"30":{"start":{"line":74,"column":92},"end":{"line":74,"column":112}},"31":{"start":{"line":75,"column":31},"end":{"line":75,"column":112}},"32":{"start":{"line":75,"column":92},"end":{"line":75,"column":108}},"33":{"start":{"line":76,"column":31},"end":{"line":76,"column":107}},"34":{"start":{"line":76,"column":92},"end":{"line":76,"column":103}},"35":{"start":{"line":77,"column":31},"end":{"line":77,"column":107}},"36":{"start":{"line":77,"column":92},"end":{"line":77,"column":103}},"37":{"start":{"line":78,"column":31},"end":{"line":78,"column":109}},"38":{"start":{"line":78,"column":92},"end":{"line":78,"column":105}},"39":{"start":{"line":82,"column":12},"end":{"line":87,"column":2}},"40":{"start":{"line":83,"column":1},"end":{"line":87,"column":1}},"41":{"start":{"line":84,"column":12},"end":{"line":84,"column":21}},"42":{"start":{"line":85,"column":13},"end":{"line":85,"column":17}},"43":{"start":{"line":86,"column":17},"end":{"line":86,"column":28}},"44":{"start":{"line":89,"column":14},"end":{"line":95,"column":2}},"45":{"start":{"line":90,"column":1},"end":{"line":95,"column":1}},"46":{"start":{"line":91,"column":14},"end":{"line":91,"column":18}},"47":{"start":{"line":92,"column":12},"end":{"line":92,"column":23}},"48":{"start":{"line":93,"column":18},"end":{"line":93,"column":22}},"49":{"start":{"line":94,"column":17},"end":{"line":94,"column":30}},"50":{"start":{"line":97,"column":13},"end":{"line":103,"column":2}},"51":{"start":{"line":98,"column":1},"end":{"line":103,"column":1}},"52":{"start":{"line":99,"column":14},"end":{"line":99,"column":21}},"53":{"start":{"line":100,"column":12},"end":{"line":100,"column":19}},"54":{"start":{"line":101,"column":18},"end":{"line":101,"column":22}},"55":{"start":{"line":102,"column":17},"end":{"line":102,"column":29}},"56":{"start":{"line":105,"column":21},"end":{"line":105,"column":59}},"57":{"start":{"line":105,"column":26},"end":{"line":105,"column":59}},"58":{"start":{"line":107,"column":17},"end":{"line":113,"column":1}},"59":{"start":{"line":108,"column":2},"end":{"line":112,"column":3}},"60":{"start":{"line":109,"column":4},"end":{"line":109,"column":24}},"61":{"start":{"line":111,"column":4},"end":{"line":111,"column":19}},"62":{"start":{"line":115,"column":12},"end":{"line":121,"column":2}},"63":{"start":{"line":115,"column":18},"end":{"line":121,"column":1}},"64":{"start":{"line":117,"column":22},"end":{"line":117,"column":32}},"65":{"start":{"line":118,"column":15},"end":{"line":118,"column":21}},"66":{"start":{"line":119,"column":17},"end":{"line":119,"column":28}},"67":{"start":{"line":120,"column":18},"end":{"line":120,"column":29}},"68":{"start":{"line":123,"column":12},"end":{"line":129,"column":2}},"69":{"start":{"line":123,"column":18},"end":{"line":129,"column":1}},"70":{"start":{"line":125,"column":22},"end":{"line":125,"column":33}},"71":{"start":{"line":126,"column":15},"end":{"line":126,"column":24}},"72":{"start":{"line":127,"column":17},"end":{"line":127,"column":28}},"73":{"start":{"line":128,"column":18},"end":{"line":128,"column":29}},"74":{"start":{"line":131,"column":14},"end":{"line":136,"column":2}},"75":{"start":{"line":131,"column":20},"end":{"line":136,"column":1}},"76":{"start":{"line":133,"column":15},"end":{"line":133,"column":23}},"77":{"start":{"line":134,"column":17},"end":{"line":134,"column":30}},"78":{"start":{"line":135,"column":18},"end":{"line":135,"column":31}},"79":{"start":{"line":145,"column":0},"end":{"line":145,"column":31}},"80":{"start":{"line":151,"column":0},"end":{"line":151,"column":34}},"81":{"start":{"line":158,"column":31},"end":{"line":158,"column":111}},"82":{"start":{"line":158,"column":92},"end":{"line":158,"column":107}},"83":{"start":{"line":159,"column":31},"end":{"line":159,"column":115}},"84":{"start":{"line":159,"column":92},"end":{"line":159,"column":111}},"85":{"start":{"line":160,"column":31},"end":{"line":160,"column":113}},"86":{"start":{"line":160,"column":92},"end":{"line":160,"column":109}},"87":{"start":{"line":161,"column":16},"end":{"line":161,"column":17}},"88":{"start":{"line":162,"column":20},"end":{"line":162,"column":21}},"89":{"start":{"line":163,"column":18},"end":{"line":163,"column":19}},"90":{"start":{"line":173,"column":26},"end":{"line":173,"column":77}},"91":{"start":{"line":174,"column":19},"end":{"line":174,"column":43}},"92":{"start":{"line":177,"column":10},"end":{"line":179,"column":1}},"93":{"start":{"line":181,"column":0},"end":{"line":181,"column":35}},"94":{"start":{"line":188,"column":0},"end":{"line":188,"column":74}},"95":{"start":{"line":189,"column":31},"end":{"line":189,"column":117}},"96":{"start":{"line":189,"column":98},"end":{"line":189,"column":113}},"97":{"start":{"line":190,"column":31},"end":{"line":190,"column":111}},"98":{"start":{"line":190,"column":95},"end":{"line":190,"column":107}},"99":{"start":{"line":191,"column":31},"end":{"line":191,"column":115}},"100":{"start":{"line":191,"column":97},"end":{"line":191,"column":111}},"101":{"start":{"line":192,"column":31},"end":{"line":192,"column":113}},"102":{"start":{"line":192,"column":96},"end":{"line":192,"column":109}},"103":{"start":{"line":193,"column":63},"end":{"line":193,"column":85}},"104":{"start":{"line":194,"column":71},"end":{"line":194,"column":129}},"105":{"start":{"line":195,"column":64},"end":{"line":195,"column":86}},"106":{"start":{"line":196,"column":72},"end":{"line":196,"column":131}},"107":{"start":{"line":197,"column":68},"end":{"line":197,"column":90}},"108":{"start":{"line":198,"column":76},"end":{"line":198,"column":139}},"109":{"start":{"line":199,"column":49},"end":{"line":199,"column":167}},"110":{"start":{"line":199,"column":110},"end":{"line":199,"column":163}},"111":{"start":{"line":200,"column":49},"end":{"line":200,"column":173}},"112":{"start":{"line":200,"column":115},"end":{"line":200,"column":169}},"113":{"start":{"line":208,"column":39},"end":{"line":208,"column":89}},"114":{"start":{"line":210,"column":0},"end":{"line":212,"column":3}},"115":{"start":{"line":214,"column":0},"end":{"line":214,"column":26}},"116":{"start":{"line":215,"column":0},"end":{"line":215,"column":63}},"117":{"start":{"line":217,"column":0},"end":{"line":219,"column":3}},"118":{"start":{"line":218,"column":2},"end":{"line":218,"column":10}},"119":{"start":{"line":228,"column":0},"end":{"line":228,"column":35}},"120":{"start":{"line":234,"column":0},"end":{"line":234,"column":39}},"121":{"start":{"line":240,"column":0},"end":{"line":240,"column":37}},"122":{"start":{"line":246,"column":0},"end":{"line":250,"column":3}},"123":{"start":{"line":247,"column":2},"end":{"line":249,"column":5}},"124":{"start":{"line":248,"column":4},"end":{"line":248,"column":26}},"125":{"start":{"line":258,"column":25},"end":{"line":258,"column":52}},"126":{"start":{"line":258,"column":33},"end":{"line":258,"column":52}},"127":{"start":{"line":260,"column":0},"end":{"line":272,"column":3}},"128":{"start":{"line":261,"column":2},"end":{"line":263,"column":5}},"129":{"start":{"line":262,"column":4},"end":{"line":262,"column":26}},"130":{"start":{"line":265,"column":2},"end":{"line":267,"column":5}},"131":{"start":{"line":266,"column":4},"end":{"line":266,"column":46}},"132":{"start":{"line":269,"column":2},"end":{"line":271,"column":5}},"133":{"start":{"line":270,"column":4},"end":{"line":270,"column":43}},"134":{"start":{"line":279,"column":17},"end":{"line":279,"column":27}},"135":{"start":{"line":279,"column":23},"end":{"line":279,"column":27}},"136":{"start":{"line":281,"column":0},"end":{"line":294,"column":3}},"137":{"start":{"line":282,"column":2},"end":{"line":284,"column":5}},"138":{"start":{"line":283,"column":4},"end":{"line":283,"column":26}},"139":{"start":{"line":286,"column":2},"end":{"line":289,"column":5}},"140":{"start":{"line":287,"column":4},"end":{"line":287,"column":39}},"141":{"start":{"line":291,"column":2},"end":{"line":291,"column":38}},"142":{"start":{"line":292,"column":2},"end":{"line":292,"column":30}},"143":{"start":{"line":293,"column":2},"end":{"line":293,"column":41}},"144":{"start":{"line":315,"column":0},"end":{"line":315,"column":74}},"145":{"start":{"line":316,"column":75},"end":{"line":316,"column":98}},"146":{"start":{"line":317,"column":72},"end":{"line":317,"column":95}},"147":{"start":{"line":318,"column":73},"end":{"line":318,"column":96}},"148":{"start":{"line":319,"column":70},"end":{"line":319,"column":92}},"149":{"start":{"line":325,"column":0},"end":{"line":388,"column":3}},"150":{"start":{"line":326,"column":27},"end":{"line":326,"column":28}},"151":{"start":{"line":327,"column":27},"end":{"line":327,"column":28}},"152":{"start":{"line":328,"column":27},"end":{"line":328,"column":28}},"153":{"start":{"line":344,"column":2},"end":{"line":358,"column":5}},"154":{"start":{"line":345,"column":4},"end":{"line":345,"column":122}},"155":{"start":{"line":347,"column":4},"end":{"line":347,"column":174}},"156":{"start":{"line":348,"column":4},"end":{"line":348,"column":174}},"157":{"start":{"line":349,"column":4},"end":{"line":349,"column":174}},"158":{"start":{"line":351,"column":4},"end":{"line":351,"column":179}},"159":{"start":{"line":352,"column":4},"end":{"line":352,"column":179}},"160":{"start":{"line":353,"column":4},"end":{"line":353,"column":179}},"161":{"start":{"line":355,"column":4},"end":{"line":355,"column":168}},"162":{"start":{"line":356,"column":4},"end":{"line":356,"column":168}},"163":{"start":{"line":357,"column":4},"end":{"line":357,"column":168}},"164":{"start":{"line":360,"column":2},"end":{"line":387,"column":5}},"165":{"start":{"line":361,"column":19},"end":{"line":372,"column":46}},"166":{"start":{"line":374,"column":4},"end":{"line":374,"column":134}},"167":{"start":{"line":375,"column":4},"end":{"line":375,"column":134}},"168":{"start":{"line":376,"column":4},"end":{"line":376,"column":134}},"169":{"start":{"line":378,"column":4},"end":{"line":378,"column":132}},"170":{"start":{"line":379,"column":4},"end":{"line":379,"column":132}},"171":{"start":{"line":380,"column":4},"end":{"line":380,"column":132}},"172":{"start":{"line":382,"column":4},"end":{"line":382,"column":135}},"173":{"start":{"line":383,"column":4},"end":{"line":383,"column":135}},"174":{"start":{"line":384,"column":4},"end":{"line":384,"column":135}},"175":{"start":{"line":386,"column":4},"end":{"line":386,"column":50}},"176":{"start":{"line":396,"column":31},"end":{"line":396,"column":120}},"177":{"start":{"line":396,"column":92},"end":{"line":396,"column":116}},"178":{"start":{"line":397,"column":70},"end":{"line":397,"column":92}},"179":{"start":{"line":400,"column":23},"end":{"line":464,"column":1}},"180":{"start":{"line":401,"column":16},"end":{"line":401,"column":18}},"181":{"start":{"line":403,"column":2},"end":{"line":463,"column":4}},"182":{"start":{"line":404,"column":17},"end":{"line":404,"column":29}},"183":{"start":{"line":405,"column":24},"end":{"line":405,"column":45}},"184":{"start":{"line":408,"column":18},"end":{"line":408,"column":19}},"185":{"start":{"line":409,"column":33},"end":{"line":409,"column":34}},"186":{"start":{"line":410,"column":22},"end":{"line":410,"column":56}},"187":{"start":{"line":412,"column":6},"end":{"line":454,"column":7}},"188":{"start":{"line":413,"column":23},"end":{"line":413,"column":24}},"189":{"start":{"line":414,"column":21},"end":{"line":414,"column":31}},"190":{"start":{"line":417,"column":8},"end":{"line":441,"column":9}},"191":{"start":{"line":420,"column":12},"end":{"line":420,"column":26}},"192":{"start":{"line":421,"column":12},"end":{"line":423,"column":13}},"193":{"start":{"line":422,"column":14},"end":{"line":422,"column":56}},"194":{"start":{"line":424,"column":12},"end":{"line":424,"column":18}},"195":{"start":{"line":428,"column":12},"end":{"line":428,"column":46}},"196":{"start":{"line":429,"column":12},"end":{"line":429,"column":18}},"197":{"start":{"line":433,"column":12},"end":{"line":433,"column":28}},"198":{"start":{"line":434,"column":12},"end":{"line":436,"column":13}},"199":{"start":{"line":435,"column":14},"end":{"line":435,"column":56}},"200":{"start":{"line":438,"column":12},"end":{"line":438,"column":18}},"201":{"start":{"line":444,"column":8},"end":{"line":444,"column":31}},"202":{"start":{"line":447,"column":8},"end":{"line":448,"column":58}},"203":{"start":{"line":448,"column":35},"end":{"line":448,"column":58}},"204":{"start":{"line":451,"column":8},"end":{"line":451,"column":85}},"205":{"start":{"line":453,"column":8},"end":{"line":453,"column":26}},"206":{"start":{"line":457,"column":6},"end":{"line":457,"column":65}},"207":{"start":{"line":458,"column":6},"end":{"line":459,"column":36}},"208":{"start":{"line":461,"column":6},"end":{"line":461,"column":23}},"209":{"start":{"line":474,"column":31},"end":{"line":474,"column":117}},"210":{"start":{"line":474,"column":92},"end":{"line":474,"column":113}},"211":{"start":{"line":475,"column":20},"end":{"line":483,"column":1}},"212":{"start":{"line":476,"column":18},"end":{"line":476,"column":31}},"213":{"start":{"line":478,"column":2},"end":{"line":482,"column":4}},"214":{"start":{"line":479,"column":18},"end":{"line":479,"column":31}},"215":{"start":{"line":480,"column":22},"end":{"line":480,"column":39}},"216":{"start":{"line":481,"column":26},"end":{"line":481,"column":43}},"217":{"start":{"line":493,"column":31},"end":{"line":493,"column":118}},"218":{"start":{"line":493,"column":92},"end":{"line":493,"column":114}},"219":{"start":{"line":494,"column":21},"end":{"line":500,"column":1}},"220":{"start":{"line":496,"column":2},"end":{"line":499,"column":4}},"221":{"start":{"line":497,"column":18},"end":{"line":497,"column":31}},"222":{"start":{"line":498,"column":23},"end":{"line":498,"column":41}},"223":{"start":{"line":510,"column":0},"end":{"line":510,"column":74}},"224":{"start":{"line":511,"column":61},"end":{"line":511,"column":84}},"225":{"start":{"line":514,"column":0},"end":{"line":553,"column":3}},"226":{"start":{"line":515,"column":2},"end":{"line":552,"column":5}},"227":{"start":{"line":516,"column":4},"end":{"line":518,"column":7}},"228":{"start":{"line":517,"column":6},"end":{"line":517,"column":28}},"229":{"start":{"line":520,"column":4},"end":{"line":542,"column":7}},"230":{"start":{"line":521,"column":6},"end":{"line":523,"column":9}},"231":{"start":{"line":522,"column":8},"end":{"line":522,"column":100}},"232":{"start":{"line":525,"column":6},"end":{"line":528,"column":9}},"233":{"start":{"line":526,"column":8},"end":{"line":526,"column":69}},"234":{"start":{"line":527,"column":8},"end":{"line":527,"column":100}},"235":{"start":{"line":530,"column":6},"end":{"line":535,"column":9}},"236":{"start":{"line":531,"column":8},"end":{"line":531,"column":100}},"237":{"start":{"line":532,"column":8},"end":{"line":532,"column":99}},"238":{"start":{"line":532,"column":89},"end":{"line":532,"column":96}},"239":{"start":{"line":533,"column":8},"end":{"line":533,"column":69}},"240":{"start":{"line":534,"column":8},"end":{"line":534,"column":100}},"241":{"start":{"line":537,"column":6},"end":{"line":539,"column":9}},"242":{"start":{"line":541,"column":6},"end":{"line":541,"column":45}},"243":{"start":{"line":543,"column":4},"end":{"line":551,"column":7}},"244":{"start":{"line":544,"column":6},"end":{"line":544,"column":40}},"245":{"start":{"line":545,"column":6},"end":{"line":545,"column":31}},"246":{"start":{"line":546,"column":6},"end":{"line":546,"column":41}},"247":{"start":{"line":547,"column":6},"end":{"line":547,"column":28}},"248":{"start":{"line":548,"column":6},"end":{"line":548,"column":42}},"249":{"start":{"line":549,"column":6},"end":{"line":549,"column":34}},"250":{"start":{"line":550,"column":6},"end":{"line":550,"column":45}},"251":{"start":{"line":561,"column":29},"end":{"line":570,"column":3}},"252":{"start":{"line":565,"column":4},"end":{"line":568,"column":5}},"253":{"start":{"line":566,"column":7},"end":{"line":566,"column":31}},"254":{"start":{"line":567,"column":7},"end":{"line":567,"column":30}},"255":{"start":{"line":577,"column":0},"end":{"line":646,"column":3}},"256":{"start":{"line":578,"column":2},"end":{"line":588,"column":5}},"257":{"start":{"line":579,"column":36},"end":{"line":584,"column":5}},"258":{"start":{"line":580,"column":22},"end":{"line":580,"column":32}},"259":{"start":{"line":581,"column":21},"end":{"line":581,"column":38}},"260":{"start":{"line":582,"column":25},"end":{"line":582,"column":35}},"261":{"start":{"line":583,"column":6},"end":{"line":583,"column":45}},"262":{"start":{"line":586,"column":4},"end":{"line":586,"column":49}},"263":{"start":{"line":587,"column":4},"end":{"line":587,"column":54}},"264":{"start":{"line":590,"column":2},"end":{"line":597,"column":5}},"265":{"start":{"line":591,"column":36},"end":{"line":593,"column":5}},"266":{"start":{"line":592,"column":6},"end":{"line":592,"column":59}},"267":{"start":{"line":595,"column":4},"end":{"line":595,"column":49}},"268":{"start":{"line":596,"column":4},"end":{"line":596,"column":54}},"269":{"start":{"line":599,"column":2},"end":{"line":609,"column":5}},"270":{"start":{"line":600,"column":36},"end":{"line":605,"column":37}},"271":{"start":{"line":601,"column":4},"end":{"line":605,"column":37}},"272":{"start":{"line":602,"column":14},"end":{"line":602,"column":22}},"273":{"start":{"line":603,"column":14},"end":{"line":603,"column":25}},"274":{"start":{"line":604,"column":14},"end":{"line":604,"column":19}},"275":{"start":{"line":605,"column":14},"end":{"line":605,"column":36}},"276":{"start":{"line":607,"column":4},"end":{"line":607,"column":49}},"277":{"start":{"line":608,"column":4},"end":{"line":608,"column":60}},"278":{"start":{"line":611,"column":2},"end":{"line":627,"column":5}},"279":{"start":{"line":612,"column":16},"end":{"line":616,"column":6}},"280":{"start":{"line":613,"column":5},"end":{"line":616,"column":5}},"281":{"start":{"line":614,"column":16},"end":{"line":614,"column":25}},"282":{"start":{"line":615,"column":21},"end":{"line":615,"column":32}},"283":{"start":{"line":618,"column":36},"end":{"line":623,"column":37}},"284":{"start":{"line":619,"column":4},"end":{"line":623,"column":37}},"285":{"start":{"line":620,"column":14},"end":{"line":620,"column":22}},"286":{"start":{"line":621,"column":14},"end":{"line":621,"column":23}},"287":{"start":{"line":622,"column":14},"end":{"line":622,"column":19}},"288":{"start":{"line":623,"column":14},"end":{"line":623,"column":36}},"289":{"start":{"line":625,"column":4},"end":{"line":625,"column":59}},"290":{"start":{"line":626,"column":4},"end":{"line":626,"column":73}},"291":{"start":{"line":629,"column":2},"end":{"line":645,"column":5}},"292":{"start":{"line":630,"column":16},"end":{"line":635,"column":10}},"293":{"start":{"line":631,"column":9},"end":{"line":635,"column":9}},"294":{"start":{"line":632,"column":20},"end":{"line":632,"column":29}},"295":{"start":{"line":633,"column":21},"end":{"line":633,"column":25}},"296":{"start":{"line":634,"column":25},"end":{"line":634,"column":36}},"297":{"start":{"line":637,"column":36},"end":{"line":642,"column":46}},"298":{"start":{"line":638,"column":8},"end":{"line":642,"column":46}},"299":{"start":{"line":639,"column":22},"end":{"line":639,"column":30}},"300":{"start":{"line":640,"column":22},"end":{"line":640,"column":31}},"301":{"start":{"line":641,"column":22},"end":{"line":641,"column":27}},"302":{"start":{"line":642,"column":23},"end":{"line":642,"column":45}},"303":{"start":{"line":644,"column":4},"end":{"line":644,"column":54}},"304":{"start":{"line":654,"column":0},"end":{"line":654,"column":74}},"305":{"start":{"line":655,"column":75},"end":{"line":655,"column":97}},"306":{"start":{"line":660,"column":21},"end":{"line":662,"column":25}},"307":{"start":{"line":661,"column":1},"end":{"line":662,"column":25}},"308":{"start":{"line":662,"column":11},"end":{"line":662,"column":24}},"309":{"start":{"line":664,"column":23},"end":{"line":667,"column":20}},"310":{"start":{"line":665,"column":1},"end":{"line":667,"column":20}},"311":{"start":{"line":666,"column":11},"end":{"line":666,"column":24}},"312":{"start":{"line":667,"column":11},"end":{"line":667,"column":19}},"313":{"start":{"line":669,"column":22},"end":{"line":674,"column":25}},"314":{"start":{"line":670,"column":2},"end":{"line":674,"column":25}},"315":{"start":{"line":672,"column":2},"end":{"line":674,"column":24}},"316":{"start":{"line":674,"column":2},"end":{"line":674,"column":23}},"317":{"start":{"line":676,"column":0},"end":{"line":680,"column":3}},"318":{"start":{"line":677,"column":2},"end":{"line":679,"column":5}},"319":{"start":{"line":678,"column":4},"end":{"line":678,"column":50}},"320":{"start":{"line":688,"column":0},"end":{"line":688,"column":74}},"321":{"start":{"line":689,"column":75},"end":{"line":689,"column":97}},"322":{"start":{"line":696,"column":18},"end":{"line":697,"column":64}},"323":{"start":{"line":697,"column":5},"end":{"line":697,"column":63}},"324":{"start":{"line":699,"column":24},"end":{"line":702,"column":1}},"325":{"start":{"line":700,"column":17},"end":{"line":700,"column":75}},"326":{"start":{"line":701,"column":2},"end":{"line":701,"column":177}},"327":{"start":{"line":704,"column":26},"end":{"line":705,"column":143}},"328":{"start":{"line":705,"column":4},"end":{"line":705,"column":143}},"329":{"start":{"line":707,"column":0},"end":{"line":775,"column":3}},"330":{"start":{"line":708,"column":2},"end":{"line":713,"column":5}},"331":{"start":{"line":709,"column":4},"end":{"line":712,"column":46}},"332":{"start":{"line":710,"column":18},"end":{"line":710,"column":23}},"333":{"start":{"line":711,"column":18},"end":{"line":711,"column":23}},"334":{"start":{"line":715,"column":2},"end":{"line":720,"column":5}},"335":{"start":{"line":716,"column":4},"end":{"line":719,"column":43}},"336":{"start":{"line":717,"column":18},"end":{"line":717,"column":23}},"337":{"start":{"line":718,"column":18},"end":{"line":718,"column":23}},"338":{"start":{"line":722,"column":2},"end":{"line":727,"column":5}},"339":{"start":{"line":723,"column":4},"end":{"line":726,"column":54}},"340":{"start":{"line":724,"column":18},"end":{"line":724,"column":23}},"341":{"start":{"line":725,"column":18},"end":{"line":725,"column":23}},"342":{"start":{"line":726,"column":19},"end":{"line":726,"column":26}},"343":{"start":{"line":726,"column":33},"end":{"line":726,"column":34}},"344":{"start":{"line":729,"column":2},"end":{"line":734,"column":5}},"345":{"start":{"line":730,"column":4},"end":{"line":733,"column":58}},"346":{"start":{"line":731,"column":18},"end":{"line":731,"column":23}},"347":{"start":{"line":732,"column":18},"end":{"line":732,"column":23}},"348":{"start":{"line":733,"column":19},"end":{"line":733,"column":26}},"349":{"start":{"line":733,"column":33},"end":{"line":733,"column":34}},"350":{"start":{"line":736,"column":2},"end":{"line":738,"column":5}},"351":{"start":{"line":737,"column":4},"end":{"line":737,"column":45}},"352":{"start":{"line":740,"column":2},"end":{"line":742,"column":5}},"353":{"start":{"line":741,"column":4},"end":{"line":741,"column":67}},"354":{"start":{"line":744,"column":2},"end":{"line":758,"column":5}},"355":{"start":{"line":745,"column":4},"end":{"line":750,"column":33}},"356":{"start":{"line":746,"column":18},"end":{"line":746,"column":28}},"357":{"start":{"line":748,"column":17},"end":{"line":748,"column":27}},"358":{"start":{"line":749,"column":17},"end":{"line":749,"column":32}},"359":{"start":{"line":752,"column":4},"end":{"line":757,"column":35}},"360":{"start":{"line":753,"column":18},"end":{"line":753,"column":28}},"361":{"start":{"line":755,"column":17},"end":{"line":755,"column":27}},"362":{"start":{"line":756,"column":17},"end":{"line":756,"column":32}},"363":{"start":{"line":760,"column":2},"end":{"line":774,"column":5}},"364":{"start":{"line":761,"column":4},"end":{"line":766,"column":29}},"365":{"start":{"line":762,"column":16},"end":{"line":762,"column":26}},"366":{"start":{"line":764,"column":13},"end":{"line":764,"column":23}},"367":{"start":{"line":765,"column":13},"end":{"line":765,"column":28}},"368":{"start":{"line":768,"column":4},"end":{"line":773,"column":31}},"369":{"start":{"line":769,"column":16},"end":{"line":769,"column":26}},"370":{"start":{"line":771,"column":13},"end":{"line":771,"column":23}},"371":{"start":{"line":772,"column":13},"end":{"line":772,"column":28}},"372":{"start":{"line":783,"column":0},"end":{"line":783,"column":74}},"373":{"start":{"line":784,"column":75},"end":{"line":784,"column":97}},"374":{"start":{"line":785,"column":60},"end":{"line":785,"column":82}},"375":{"start":{"line":786,"column":68},"end":{"line":786,"column":123}},"376":{"start":{"line":793,"column":0},"end":{"line":811,"column":3}},"377":{"start":{"line":794,"column":2},"end":{"line":801,"column":5}},"378":{"start":{"line":795,"column":20},"end":{"line":798,"column":35}},"379":{"start":{"line":796,"column":6},"end":{"line":798,"column":35}},"380":{"start":{"line":796,"column":88},"end":{"line":796,"column":179}},"381":{"start":{"line":797,"column":18},"end":{"line":797,"column":114}},"382":{"start":{"line":797,"column":100},"end":{"line":797,"column":113}},"383":{"start":{"line":798,"column":17},"end":{"line":798,"column":21}},"384":{"start":{"line":798,"column":28},"end":{"line":798,"column":34}},"385":{"start":{"line":800,"column":4},"end":{"line":800,"column":33}},"386":{"start":{"line":803,"column":2},"end":{"line":810,"column":5}},"387":{"start":{"line":804,"column":20},"end":{"line":807,"column":35}},"388":{"start":{"line":805,"column":6},"end":{"line":807,"column":35}},"389":{"start":{"line":805,"column":88},"end":{"line":805,"column":185}},"390":{"start":{"line":806,"column":18},"end":{"line":806,"column":114}},"391":{"start":{"line":806,"column":100},"end":{"line":806,"column":113}},"392":{"start":{"line":807,"column":17},"end":{"line":807,"column":21}},"393":{"start":{"line":807,"column":28},"end":{"line":807,"column":34}},"394":{"start":{"line":809,"column":4},"end":{"line":809,"column":33}},"395":{"start":{"line":819,"column":0},"end":{"line":819,"column":74}},"396":{"start":{"line":820,"column":75},"end":{"line":820,"column":97}},"397":{"start":{"line":824,"column":0},"end":{"line":863,"column":3}},"398":{"start":{"line":825,"column":2},"end":{"line":862,"column":5}},"399":{"start":{"line":827,"column":22},"end":{"line":827,"column":41}},"400":{"start":{"line":827,"column":28},"end":{"line":827,"column":41}},"401":{"start":{"line":828,"column":23},"end":{"line":828,"column":68}},"402":{"start":{"line":828,"column":40},"end":{"line":828,"column":68}},"403":{"start":{"line":830,"column":4},"end":{"line":845,"column":7}},"404":{"start":{"line":831,"column":23},"end":{"line":834,"column":7}},"405":{"start":{"line":832,"column":8},"end":{"line":833,"column":32}},"406":{"start":{"line":832,"column":25},"end":{"line":832,"column":56}},"407":{"start":{"line":833,"column":13},"end":{"line":833,"column":32}},"408":{"start":{"line":836,"column":6},"end":{"line":839,"column":9}},"409":{"start":{"line":837,"column":8},"end":{"line":837,"column":28}},"410":{"start":{"line":838,"column":8},"end":{"line":838,"column":51}},"411":{"start":{"line":841,"column":6},"end":{"line":844,"column":9}},"412":{"start":{"line":842,"column":8},"end":{"line":842,"column":27}},"413":{"start":{"line":843,"column":8},"end":{"line":843,"column":47}},"414":{"start":{"line":847,"column":4},"end":{"line":861,"column":7}},"415":{"start":{"line":848,"column":23},"end":{"line":850,"column":36}},"416":{"start":{"line":849,"column":8},"end":{"line":850,"column":36}},"417":{"start":{"line":852,"column":6},"end":{"line":855,"column":9}},"418":{"start":{"line":853,"column":8},"end":{"line":853,"column":28}},"419":{"start":{"line":854,"column":8},"end":{"line":854,"column":51}},"420":{"start":{"line":857,"column":6},"end":{"line":860,"column":9}},"421":{"start":{"line":858,"column":8},"end":{"line":858,"column":27}},"422":{"start":{"line":859,"column":8},"end":{"line":859,"column":47}},"423":{"start":{"line":871,"column":0},"end":{"line":871,"column":74}},"424":{"start":{"line":872,"column":75},"end":{"line":872,"column":97}},"425":{"start":{"line":876,"column":0},"end":{"line":917,"column":3}},"426":{"start":{"line":877,"column":2},"end":{"line":915,"column":5}},"427":{"start":{"line":878,"column":17},"end":{"line":878,"column":69}},"428":{"start":{"line":879,"column":22},"end":{"line":879,"column":64}},"429":{"start":{"line":879,"column":37},"end":{"line":879,"column":64}},"430":{"start":{"line":880,"column":25},"end":{"line":880,"column":49}},"431":{"start":{"line":882,"column":4},"end":{"line":897,"column":7}},"432":{"start":{"line":883,"column":23},"end":{"line":886,"column":7}},"433":{"start":{"line":884,"column":8},"end":{"line":885,"column":33}},"434":{"start":{"line":884,"column":26},"end":{"line":884,"column":61}},"435":{"start":{"line":885,"column":13},"end":{"line":885,"column":33}},"436":{"start":{"line":888,"column":6},"end":{"line":891,"column":9}},"437":{"start":{"line":889,"column":8},"end":{"line":889,"column":33}},"438":{"start":{"line":890,"column":8},"end":{"line":890,"column":75}},"439":{"start":{"line":893,"column":6},"end":{"line":896,"column":9}},"440":{"start":{"line":894,"column":8},"end":{"line":894,"column":28}},"441":{"start":{"line":895,"column":8},"end":{"line":895,"column":66}},"442":{"start":{"line":899,"column":4},"end":{"line":914,"column":7}},"443":{"start":{"line":900,"column":23},"end":{"line":903,"column":50}},"444":{"start":{"line":901,"column":6},"end":{"line":903,"column":50}},"445":{"start":{"line":902,"column":16},"end":{"line":902,"column":29}},"446":{"start":{"line":903,"column":18},"end":{"line":903,"column":30}},"447":{"start":{"line":903,"column":37},"end":{"line":903,"column":49}},"448":{"start":{"line":905,"column":6},"end":{"line":908,"column":9}},"449":{"start":{"line":906,"column":8},"end":{"line":906,"column":33}},"450":{"start":{"line":907,"column":8},"end":{"line":907,"column":75}},"451":{"start":{"line":910,"column":6},"end":{"line":913,"column":9}},"452":{"start":{"line":911,"column":8},"end":{"line":911,"column":28}},"453":{"start":{"line":912,"column":8},"end":{"line":912,"column":66}},"454":{"start":{"line":925,"column":0},"end":{"line":925,"column":74}},"455":{"start":{"line":926,"column":75},"end":{"line":926,"column":97}},"456":{"start":{"line":931,"column":0},"end":{"line":1008,"column":3}},"457":{"start":{"line":932,"column":2},"end":{"line":1006,"column":5}},"458":{"start":{"line":933,"column":17},"end":{"line":933,"column":32}},"459":{"start":{"line":934,"column":20},"end":{"line":934,"column":34}},"460":{"start":{"line":935,"column":19},"end":{"line":935,"column":31}},"461":{"start":{"line":937,"column":4},"end":{"line":972,"column":7}},"462":{"start":{"line":938,"column":25},"end":{"line":946,"column":7}},"463":{"start":{"line":939,"column":24},"end":{"line":939,"column":36}},"464":{"start":{"line":941,"column":8},"end":{"line":944,"column":9}},"465":{"start":{"line":942,"column":25},"end":{"line":942,"column":39}},"466":{"start":{"line":943,"column":10},"end":{"line":943,"column":41}},"467":{"start":{"line":943,"column":22},"end":{"line":943,"column":41}},"468":{"start":{"line":945,"column":8},"end":{"line":945,"column":27}},"469":{"start":{"line":948,"column":6},"end":{"line":951,"column":9}},"470":{"start":{"line":949,"column":8},"end":{"line":949,"column":28}},"471":{"start":{"line":950,"column":8},"end":{"line":950,"column":51}},"472":{"start":{"line":953,"column":6},"end":{"line":957,"column":9}},"473":{"start":{"line":954,"column":8},"end":{"line":954,"column":30}},"474":{"start":{"line":955,"column":8},"end":{"line":955,"column":31}},"475":{"start":{"line":956,"column":8},"end":{"line":956,"column":51}},"476":{"start":{"line":959,"column":6},"end":{"line":964,"column":9}},"477":{"start":{"line":960,"column":8},"end":{"line":960,"column":27}},"478":{"start":{"line":961,"column":8},"end":{"line":961,"column":32}},"479":{"start":{"line":962,"column":8},"end":{"line":962,"column":31}},"480":{"start":{"line":963,"column":8},"end":{"line":963,"column":53}},"481":{"start":{"line":966,"column":6},"end":{"line":971,"column":9}},"482":{"start":{"line":967,"column":8},"end":{"line":967,"column":28}},"483":{"start":{"line":968,"column":8},"end":{"line":968,"column":32}},"484":{"start":{"line":969,"column":8},"end":{"line":969,"column":31}},"485":{"start":{"line":970,"column":8},"end":{"line":970,"column":45}},"486":{"start":{"line":974,"column":4},"end":{"line":1005,"column":7}},"487":{"start":{"line":975,"column":25},"end":{"line":979,"column":46}},"488":{"start":{"line":976,"column":8},"end":{"line":979,"column":46}},"489":{"start":{"line":977,"column":26},"end":{"line":977,"column":121}},"490":{"start":{"line":978,"column":23},"end":{"line":978,"column":34}},"491":{"start":{"line":979,"column":20},"end":{"line":979,"column":31}},"492":{"start":{"line":979,"column":41},"end":{"line":979,"column":45}},"493":{"start":{"line":981,"column":6},"end":{"line":984,"column":9}},"494":{"start":{"line":982,"column":8},"end":{"line":982,"column":28}},"495":{"start":{"line":983,"column":8},"end":{"line":983,"column":51}},"496":{"start":{"line":986,"column":6},"end":{"line":990,"column":9}},"497":{"start":{"line":987,"column":8},"end":{"line":987,"column":30}},"498":{"start":{"line":988,"column":8},"end":{"line":988,"column":31}},"499":{"start":{"line":989,"column":8},"end":{"line":989,"column":51}},"500":{"start":{"line":992,"column":6},"end":{"line":997,"column":9}},"501":{"start":{"line":993,"column":8},"end":{"line":993,"column":27}},"502":{"start":{"line":994,"column":8},"end":{"line":994,"column":32}},"503":{"start":{"line":995,"column":8},"end":{"line":995,"column":31}},"504":{"start":{"line":996,"column":8},"end":{"line":996,"column":53}},"505":{"start":{"line":999,"column":6},"end":{"line":1004,"column":9}},"506":{"start":{"line":1000,"column":8},"end":{"line":1000,"column":28}},"507":{"start":{"line":1001,"column":8},"end":{"line":1001,"column":32}},"508":{"start":{"line":1002,"column":8},"end":{"line":1002,"column":31}},"509":{"start":{"line":1003,"column":8},"end":{"line":1003,"column":45}},"510":{"start":{"line":1016,"column":0},"end":{"line":1016,"column":74}},"511":{"start":{"line":1017,"column":75},"end":{"line":1017,"column":97}},"512":{"start":{"line":1023,"column":0},"end":{"line":1067,"column":3}},"513":{"start":{"line":1024,"column":2},"end":{"line":1044,"column":5}},"514":{"start":{"line":1025,"column":23},"end":{"line":1028,"column":5}},"515":{"start":{"line":1026,"column":22},"end":{"line":1026,"column":48}},"516":{"start":{"line":1026,"column":37},"end":{"line":1026,"column":44}},"517":{"start":{"line":1027,"column":6},"end":{"line":1027,"column":41}},"518":{"start":{"line":1030,"column":4},"end":{"line":1036,"column":7}},"519":{"start":{"line":1031,"column":16},"end":{"line":1031,"column":18}},"520":{"start":{"line":1032,"column":17},"end":{"line":1032,"column":23}},"521":{"start":{"line":1033,"column":23},"end":{"line":1033,"column":32}},"522":{"start":{"line":1035,"column":6},"end":{"line":1035,"column":51}},"523":{"start":{"line":1038,"column":4},"end":{"line":1043,"column":7}},"524":{"start":{"line":1039,"column":16},"end":{"line":1039,"column":18}},"525":{"start":{"line":1040,"column":17},"end":{"line":1040,"column":26}},"526":{"start":{"line":1042,"column":6},"end":{"line":1042,"column":45}},"527":{"start":{"line":1046,"column":2},"end":{"line":1066,"column":5}},"528":{"start":{"line":1047,"column":23},"end":{"line":1050,"column":5}},"529":{"start":{"line":1048,"column":6},"end":{"line":1049,"column":40}},"530":{"start":{"line":1048,"column":101},"end":{"line":1048,"column":108}},"531":{"start":{"line":1049,"column":18},"end":{"line":1049,"column":30}},"532":{"start":{"line":1049,"column":37},"end":{"line":1049,"column":39}},"533":{"start":{"line":1052,"column":4},"end":{"line":1058,"column":7}},"534":{"start":{"line":1053,"column":16},"end":{"line":1053,"column":18}},"535":{"start":{"line":1054,"column":17},"end":{"line":1054,"column":23}},"536":{"start":{"line":1055,"column":23},"end":{"line":1055,"column":32}},"537":{"start":{"line":1057,"column":6},"end":{"line":1057,"column":51}},"538":{"start":{"line":1060,"column":4},"end":{"line":1065,"column":7}},"539":{"start":{"line":1061,"column":16},"end":{"line":1061,"column":18}},"540":{"start":{"line":1062,"column":17},"end":{"line":1062,"column":26}},"541":{"start":{"line":1064,"column":6},"end":{"line":1064,"column":45}},"542":{"start":{"line":1075,"column":0},"end":{"line":1075,"column":74}},"543":{"start":{"line":1076,"column":60},"end":{"line":1076,"column":82}},"544":{"start":{"line":1077,"column":68},"end":{"line":1077,"column":123}},"545":{"start":{"line":1078,"column":75},"end":{"line":1078,"column":97}},"546":{"start":{"line":1085,"column":0},"end":{"line":1126,"column":3}},"547":{"start":{"line":1086,"column":2},"end":{"line":1105,"column":5}},"548":{"start":{"line":1087,"column":25},"end":{"line":1094,"column":5}},"549":{"start":{"line":1088,"column":6},"end":{"line":1092,"column":7}},"550":{"start":{"line":1089,"column":8},"end":{"line":1091,"column":22}},"551":{"start":{"line":1090,"column":10},"end":{"line":1090,"column":105}},"552":{"start":{"line":1093,"column":6},"end":{"line":1093,"column":21}},"553":{"start":{"line":1096,"column":4},"end":{"line":1099,"column":7}},"554":{"start":{"line":1097,"column":22},"end":{"line":1097,"column":71}},"555":{"start":{"line":1098,"column":6},"end":{"line":1098,"column":68}},"556":{"start":{"line":1101,"column":4},"end":{"line":1104,"column":7}},"557":{"start":{"line":1102,"column":22},"end":{"line":1102,"column":24}},"558":{"start":{"line":1103,"column":6},"end":{"line":1103,"column":71}},"559":{"start":{"line":1107,"column":2},"end":{"line":1125,"column":5}},"560":{"start":{"line":1108,"column":21},"end":{"line":1108,"column":167}},"561":{"start":{"line":1108,"column":26},"end":{"line":1108,"column":167}},"562":{"start":{"line":1108,"column":108},"end":{"line":1108,"column":166}},"563":{"start":{"line":1110,"column":25},"end":{"line":1114,"column":5}},"564":{"start":{"line":1111,"column":6},"end":{"line":1113,"column":69}},"565":{"start":{"line":1113,"column":18},"end":{"line":1113,"column":25}},"566":{"start":{"line":1113,"column":32},"end":{"line":1113,"column":68}},"567":{"start":{"line":1116,"column":4},"end":{"line":1119,"column":7}},"568":{"start":{"line":1117,"column":22},"end":{"line":1117,"column":71}},"569":{"start":{"line":1118,"column":6},"end":{"line":1118,"column":68}},"570":{"start":{"line":1121,"column":4},"end":{"line":1124,"column":7}},"571":{"start":{"line":1122,"column":22},"end":{"line":1122,"column":24}},"572":{"start":{"line":1123,"column":6},"end":{"line":1123,"column":71}},"573":{"start":{"line":1134,"column":0},"end":{"line":1134,"column":74}},"574":{"start":{"line":1135,"column":60},"end":{"line":1135,"column":82}},"575":{"start":{"line":1136,"column":68},"end":{"line":1136,"column":123}},"576":{"start":{"line":1137,"column":71},"end":{"line":1137,"column":94}},"577":{"start":{"line":1138,"column":79},"end":{"line":1138,"column":145}},"578":{"start":{"line":1139,"column":75},"end":{"line":1139,"column":97}},"579":{"start":{"line":1149,"column":0},"end":{"line":1172,"column":3}},"580":{"start":{"line":1150,"column":16},"end":{"line":1155,"column":4}},"581":{"start":{"line":1157,"column":16},"end":{"line":1162,"column":4}},"582":{"start":{"line":1164,"column":2},"end":{"line":1171,"column":5}},"583":{"start":{"line":1165,"column":4},"end":{"line":1170,"column":7}},"584":{"start":{"line":1179,"column":0},"end":{"line":1179,"column":42}},"585":{"start":{"line":1192,"column":0},"end":{"line":1192,"column":74}},"586":{"start":{"line":1193,"column":65},"end":{"line":1193,"column":88}},"587":{"start":{"line":1196,"column":0},"end":{"line":1200,"column":3}},"588":{"start":{"line":1197,"column":2},"end":{"line":1199,"column":5}},"589":{"start":{"line":1198,"column":4},"end":{"line":1198,"column":26}},"590":{"start":{"line":1202,"column":29},"end":{"line":1202,"column":121}},"591":{"start":{"line":1210,"column":65},"end":{"line":1210,"column":88}},"592":{"start":{"line":1211,"column":73},"end":{"line":1211,"column":133}},"593":{"start":{"line":1214,"column":12},"end":{"line":1214,"column":61}},"594":{"start":{"line":1216,"column":0},"end":{"line":1218,"column":3}},"595":{"start":{"line":1217,"column":2},"end":{"line":1217,"column":23}},"596":{"start":{"line":1220,"column":29},"end":{"line":1220,"column":62}},"597":{"start":{"line":1227,"column":0},"end":{"line":1227,"column":36}},"598":{"start":{"line":1234,"column":0},"end":{"line":1234,"column":74}},"599":{"start":{"line":1235,"column":64},"end":{"line":1235,"column":87}},"600":{"start":{"line":1236,"column":72},"end":{"line":1236,"column":131}},"601":{"start":{"line":1237,"column":63},"end":{"line":1237,"column":85}},"602":{"start":{"line":1238,"column":71},"end":{"line":1238,"column":129}},"603":{"start":{"line":1241,"column":24},"end":{"line":1241,"column":69}},"604":{"start":{"line":1243,"column":0},"end":{"line":1247,"column":3}},"605":{"start":{"line":1244,"column":2},"end":{"line":1246,"column":5}},"606":{"start":{"line":1245,"column":4},"end":{"line":1245,"column":26}},"607":{"start":{"line":1250,"column":2},"end":{"line":1256,"column":4}},"608":{"start":{"line":1251,"column":22},"end":{"line":1251,"column":114}},"609":{"start":{"line":1252,"column":23},"end":{"line":1252,"column":91}},"610":{"start":{"line":1254,"column":4},"end":{"line":1255,"column":40}},"611":{"start":{"line":1259,"column":0},"end":{"line":1292,"column":3}},"612":{"start":{"line":1260,"column":2},"end":{"line":1291,"column":5}},"613":{"start":{"line":1261,"column":34},"end":{"line":1261,"column":86}},"614":{"start":{"line":1263,"column":4},"end":{"line":1268,"column":7}},"615":{"start":{"line":1264,"column":6},"end":{"line":1267,"column":27}},"616":{"start":{"line":1270,"column":4},"end":{"line":1275,"column":7}},"617":{"start":{"line":1271,"column":6},"end":{"line":1274,"column":26}},"618":{"start":{"line":1277,"column":4},"end":{"line":1282,"column":7}},"619":{"start":{"line":1278,"column":6},"end":{"line":1281,"column":27}},"620":{"start":{"line":1284,"column":4},"end":{"line":1290,"column":7}},"621":{"start":{"line":1285,"column":6},"end":{"line":1289,"column":27}},"622":{"start":{"line":1294,"column":30},"end":{"line":1294,"column":118}},"623":{"start":{"line":1294,"column":43},"end":{"line":1294,"column":117}},"624":{"start":{"line":1296,"column":0},"end":{"line":1327,"column":3}},"625":{"start":{"line":1297,"column":2},"end":{"line":1301,"column":5}},"626":{"start":{"line":1298,"column":4},"end":{"line":1300,"column":7}},"627":{"start":{"line":1299,"column":6},"end":{"line":1299,"column":53}},"628":{"start":{"line":1303,"column":2},"end":{"line":1326,"column":5}},"629":{"start":{"line":1304,"column":19},"end":{"line":1308,"column":5}},"630":{"start":{"line":1310,"column":4},"end":{"line":1312,"column":7}},"631":{"start":{"line":1311,"column":6},"end":{"line":1311,"column":85}},"632":{"start":{"line":1314,"column":4},"end":{"line":1319,"column":7}},"633":{"start":{"line":1315,"column":6},"end":{"line":1318,"column":9}},"634":{"start":{"line":1321,"column":4},"end":{"line":1325,"column":7}},"635":{"start":{"line":1322,"column":6},"end":{"line":1324,"column":9}},"636":{"start":{"line":1334,"column":0},"end":{"line":1334,"column":35}},"637":{"start":{"line":1340,"column":0},"end":{"line":1345,"column":3}},"638":{"start":{"line":1341,"column":2},"end":{"line":1341,"column":50}},"639":{"start":{"line":1343,"column":2},"end":{"line":1344,"column":25}},"640":{"start":{"line":1352,"column":0},"end":{"line":1360,"column":3}},"641":{"start":{"line":1355,"column":2},"end":{"line":1355,"column":53}},"642":{"start":{"line":1357,"column":2},"end":{"line":1357,"column":45}},"643":{"start":{"line":1359,"column":2},"end":{"line":1359,"column":45}}},"fnMap":{"0":{"name":"(anonymous_0)","decl":{"start":{"line":1,"column":10},"end":{"line":1,"column":11}},"loc":{"start":{"line":1,"column":28},"end":{"line":64,"column":10}},"line":1},"1":{"name":"__webpack_require__","decl":{"start":{"line":6,"column":19},"end":{"line":6,"column":38}},"loc":{"start":{"line":6,"column":49},"end":{"line":27,"column":11}},"line":6},"2":{"name":"(anonymous_2)","decl":{"start":{"line":37,"column":34},"end":{"line":37,"column":35}},"loc":{"start":{"line":37,"column":66},"end":{"line":45,"column":11}},"line":37},"3":{"name":"(anonymous_3)","decl":{"start":{"line":48,"column":34},"end":{"line":48,"column":35}},"loc":{"start":{"line":48,"column":51},"end":{"line":54,"column":11}},"line":48},"4":{"name":"getDefault","decl":{"start":{"line":50,"column":21},"end":{"line":50,"column":31}},"loc":{"start":{"line":50,"column":34},"end":{"line":50,"column":63}},"line":50},"5":{"name":"getModuleExports","decl":{"start":{"line":51,"column":21},"end":{"line":51,"column":37}},"loc":{"start":{"line":51,"column":40},"end":{"line":51,"column":58}},"line":51},"6":{"name":"(anonymous_6)","decl":{"start":{"line":57,"column":34},"end":{"line":57,"column":35}},"loc":{"start":{"line":57,"column":61},"end":{"line":57,"column":127}},"line":57},"7":{"name":"(anonymous_7)","decl":{"start":{"line":68,"column":7},"end":{"line":68,"column":8}},"loc":{"start":{"line":68,"column":66},"end":{"line":141,"column":7}},"line":68},"8":{"name":"(anonymous_8)","decl":{"start":{"line":71,"column":79},"end":{"line":71,"column":80}},"loc":{"start":{"line":71,"column":90},"end":{"line":71,"column":105}},"line":71},"9":{"name":"(anonymous_9)","decl":{"start":{"line":72,"column":79},"end":{"line":72,"column":80}},"loc":{"start":{"line":72,"column":90},"end":{"line":72,"column":107}},"line":72},"10":{"name":"(anonymous_10)","decl":{"start":{"line":73,"column":79},"end":{"line":73,"column":80}},"loc":{"start":{"line":73,"column":90},"end":{"line":73,"column":106}},"line":73},"11":{"name":"(anonymous_11)","decl":{"start":{"line":74,"column":79},"end":{"line":74,"column":80}},"loc":{"start":{"line":74,"column":90},"end":{"line":74,"column":114}},"line":74},"12":{"name":"(anonymous_12)","decl":{"start":{"line":75,"column":79},"end":{"line":75,"column":80}},"loc":{"start":{"line":75,"column":90},"end":{"line":75,"column":110}},"line":75},"13":{"name":"(anonymous_13)","decl":{"start":{"line":76,"column":79},"end":{"line":76,"column":80}},"loc":{"start":{"line":76,"column":90},"end":{"line":76,"column":105}},"line":76},"14":{"name":"(anonymous_14)","decl":{"start":{"line":77,"column":79},"end":{"line":77,"column":80}},"loc":{"start":{"line":77,"column":90},"end":{"line":77,"column":105}},"line":77},"15":{"name":"(anonymous_15)","decl":{"start":{"line":78,"column":79},"end":{"line":78,"column":80}},"loc":{"start":{"line":78,"column":90},"end":{"line":78,"column":107}},"line":78},"16":{"name":"(anonymous_16)","decl":{"start":{"line":82,"column":12},"end":{"line":82,"column":13}},"loc":{"start":{"line":83,"column":1},"end":{"line":87,"column":1}},"line":83},"17":{"name":"(anonymous_17)","decl":{"start":{"line":84,"column":7},"end":{"line":84,"column":8}},"loc":{"start":{"line":84,"column":12},"end":{"line":84,"column":21}},"line":84},"18":{"name":"(anonymous_18)","decl":{"start":{"line":85,"column":8},"end":{"line":85,"column":9}},"loc":{"start":{"line":85,"column":13},"end":{"line":85,"column":17}},"line":85},"19":{"name":"(anonymous_19)","decl":{"start":{"line":86,"column":11},"end":{"line":86,"column":12}},"loc":{"start":{"line":86,"column":17},"end":{"line":86,"column":28}},"line":86},"20":{"name":"(anonymous_20)","decl":{"start":{"line":89,"column":14},"end":{"line":89,"column":15}},"loc":{"start":{"line":90,"column":1},"end":{"line":95,"column":1}},"line":90},"21":{"name":"(anonymous_21)","decl":{"start":{"line":91,"column":9},"end":{"line":91,"column":10}},"loc":{"start":{"line":91,"column":14},"end":{"line":91,"column":18}},"line":91},"22":{"name":"(anonymous_22)","decl":{"start":{"line":92,"column":7},"end":{"line":92,"column":8}},"loc":{"start":{"line":92,"column":12},"end":{"line":92,"column":23}},"line":92},"23":{"name":"(anonymous_23)","decl":{"start":{"line":93,"column":8},"end":{"line":93,"column":9}},"loc":{"start":{"line":93,"column":18},"end":{"line":93,"column":22}},"line":93},"24":{"name":"(anonymous_24)","decl":{"start":{"line":94,"column":11},"end":{"line":94,"column":12}},"loc":{"start":{"line":94,"column":17},"end":{"line":94,"column":30}},"line":94},"25":{"name":"(anonymous_25)","decl":{"start":{"line":97,"column":13},"end":{"line":97,"column":14}},"loc":{"start":{"line":98,"column":1},"end":{"line":103,"column":1}},"line":98},"26":{"name":"(anonymous_26)","decl":{"start":{"line":99,"column":9},"end":{"line":99,"column":10}},"loc":{"start":{"line":99,"column":14},"end":{"line":99,"column":21}},"line":99},"27":{"name":"(anonymous_27)","decl":{"start":{"line":100,"column":7},"end":{"line":100,"column":8}},"loc":{"start":{"line":100,"column":12},"end":{"line":100,"column":19}},"line":100},"28":{"name":"(anonymous_28)","decl":{"start":{"line":101,"column":8},"end":{"line":101,"column":9}},"loc":{"start":{"line":101,"column":18},"end":{"line":101,"column":22}},"line":101},"29":{"name":"(anonymous_29)","decl":{"start":{"line":102,"column":11},"end":{"line":102,"column":12}},"loc":{"start":{"line":102,"column":17},"end":{"line":102,"column":29}},"line":102},"30":{"name":"(anonymous_30)","decl":{"start":{"line":105,"column":21},"end":{"line":105,"column":22}},"loc":{"start":{"line":105,"column":26},"end":{"line":105,"column":59}},"line":105},"31":{"name":"(anonymous_31)","decl":{"start":{"line":107,"column":17},"end":{"line":107,"column":18}},"loc":{"start":{"line":107,"column":22},"end":{"line":113,"column":1}},"line":107},"32":{"name":"(anonymous_32)","decl":{"start":{"line":115,"column":12},"end":{"line":115,"column":13}},"loc":{"start":{"line":115,"column":18},"end":{"line":121,"column":1}},"line":115},"33":{"name":"(anonymous_33)","decl":{"start":{"line":117,"column":10},"end":{"line":117,"column":11}},"loc":{"start":{"line":117,"column":22},"end":{"line":117,"column":32}},"line":117},"34":{"name":"(anonymous_34)","decl":{"start":{"line":118,"column":9},"end":{"line":118,"column":10}},"loc":{"start":{"line":118,"column":15},"end":{"line":118,"column":21}},"line":118},"35":{"name":"(anonymous_35)","decl":{"start":{"line":119,"column":11},"end":{"line":119,"column":12}},"loc":{"start":{"line":119,"column":17},"end":{"line":119,"column":28}},"line":119},"36":{"name":"(anonymous_36)","decl":{"start":{"line":120,"column":12},"end":{"line":120,"column":13}},"loc":{"start":{"line":120,"column":18},"end":{"line":120,"column":29}},"line":120},"37":{"name":"(anonymous_37)","decl":{"start":{"line":123,"column":12},"end":{"line":123,"column":13}},"loc":{"start":{"line":123,"column":18},"end":{"line":129,"column":1}},"line":123},"38":{"name":"(anonymous_38)","decl":{"start":{"line":125,"column":10},"end":{"line":125,"column":11}},"loc":{"start":{"line":125,"column":22},"end":{"line":125,"column":33}},"line":125},"39":{"name":"(anonymous_39)","decl":{"start":{"line":126,"column":9},"end":{"line":126,"column":10}},"loc":{"start":{"line":126,"column":15},"end":{"line":126,"column":24}},"line":126},"40":{"name":"(anonymous_40)","decl":{"start":{"line":127,"column":11},"end":{"line":127,"column":12}},"loc":{"start":{"line":127,"column":17},"end":{"line":127,"column":28}},"line":127},"41":{"name":"(anonymous_41)","decl":{"start":{"line":128,"column":12},"end":{"line":128,"column":13}},"loc":{"start":{"line":128,"column":18},"end":{"line":128,"column":29}},"line":128},"42":{"name":"(anonymous_42)","decl":{"start":{"line":131,"column":14},"end":{"line":131,"column":15}},"loc":{"start":{"line":131,"column":20},"end":{"line":136,"column":1}},"line":131},"43":{"name":"(anonymous_43)","decl":{"start":{"line":133,"column":10},"end":{"line":133,"column":11}},"loc":{"start":{"line":133,"column":15},"end":{"line":133,"column":23}},"line":133},"44":{"name":"(anonymous_44)","decl":{"start":{"line":134,"column":11},"end":{"line":134,"column":12}},"loc":{"start":{"line":134,"column":17},"end":{"line":134,"column":30}},"line":134},"45":{"name":"(anonymous_45)","decl":{"start":{"line":135,"column":12},"end":{"line":135,"column":13}},"loc":{"start":{"line":135,"column":18},"end":{"line":135,"column":31}},"line":135},"46":{"name":"(anonymous_46)","decl":{"start":{"line":143,"column":7},"end":{"line":143,"column":8}},"loc":{"start":{"line":143,"column":33},"end":{"line":147,"column":7}},"line":143},"47":{"name":"(anonymous_47)","decl":{"start":{"line":149,"column":7},"end":{"line":149,"column":8}},"loc":{"start":{"line":149,"column":33},"end":{"line":153,"column":7}},"line":149},"48":{"name":"(anonymous_48)","decl":{"start":{"line":155,"column":7},"end":{"line":155,"column":8}},"loc":{"start":{"line":155,"column":66},"end":{"line":168,"column":7}},"line":155},"49":{"name":"(anonymous_49)","decl":{"start":{"line":158,"column":79},"end":{"line":158,"column":80}},"loc":{"start":{"line":158,"column":90},"end":{"line":158,"column":109}},"line":158},"50":{"name":"(anonymous_50)","decl":{"start":{"line":159,"column":79},"end":{"line":159,"column":80}},"loc":{"start":{"line":159,"column":90},"end":{"line":159,"column":113}},"line":159},"51":{"name":"(anonymous_51)","decl":{"start":{"line":160,"column":79},"end":{"line":160,"column":80}},"loc":{"start":{"line":160,"column":90},"end":{"line":160,"column":111}},"line":160},"52":{"name":"(anonymous_52)","decl":{"start":{"line":170,"column":7},"end":{"line":170,"column":8}},"loc":{"start":{"line":170,"column":54},"end":{"line":183,"column":7}},"line":170},"53":{"name":"inManifest","decl":{"start":{"line":173,"column":9},"end":{"line":173,"column":19}},"loc":{"start":{"line":173,"column":24},"end":{"line":173,"column":78}},"line":173},"54":{"name":"run","decl":{"start":{"line":174,"column":9},"end":{"line":174,"column":12}},"loc":{"start":{"line":174,"column":17},"end":{"line":174,"column":44}},"line":174},"55":{"name":"(anonymous_55)","decl":{"start":{"line":185,"column":7},"end":{"line":185,"column":8}},"loc":{"start":{"line":185,"column":66},"end":{"line":224,"column":7}},"line":185},"56":{"name":"(anonymous_56)","decl":{"start":{"line":189,"column":85},"end":{"line":189,"column":86}},"loc":{"start":{"line":189,"column":96},"end":{"line":189,"column":115}},"line":189},"57":{"name":"(anonymous_57)","decl":{"start":{"line":190,"column":82},"end":{"line":190,"column":83}},"loc":{"start":{"line":190,"column":93},"end":{"line":190,"column":109}},"line":190},"58":{"name":"(anonymous_58)","decl":{"start":{"line":191,"column":84},"end":{"line":191,"column":85}},"loc":{"start":{"line":191,"column":95},"end":{"line":191,"column":113}},"line":191},"59":{"name":"(anonymous_59)","decl":{"start":{"line":192,"column":83},"end":{"line":192,"column":84}},"loc":{"start":{"line":192,"column":94},"end":{"line":192,"column":111}},"line":192},"60":{"name":"(anonymous_60)","decl":{"start":{"line":199,"column":97},"end":{"line":199,"column":98}},"loc":{"start":{"line":199,"column":108},"end":{"line":199,"column":165}},"line":199},"61":{"name":"(anonymous_61)","decl":{"start":{"line":200,"column":102},"end":{"line":200,"column":103}},"loc":{"start":{"line":200,"column":113},"end":{"line":200,"column":171}},"line":200},"62":{"name":"(anonymous_62)","decl":{"start":{"line":217,"column":10},"end":{"line":217,"column":11}},"loc":{"start":{"line":217,"column":16},"end":{"line":219,"column":1}},"line":217},"63":{"name":"(anonymous_63)","decl":{"start":{"line":226,"column":7},"end":{"line":226,"column":8}},"loc":{"start":{"line":226,"column":33},"end":{"line":230,"column":7}},"line":226},"64":{"name":"(anonymous_64)","decl":{"start":{"line":232,"column":7},"end":{"line":232,"column":8}},"loc":{"start":{"line":232,"column":33},"end":{"line":236,"column":7}},"line":232},"65":{"name":"(anonymous_65)","decl":{"start":{"line":238,"column":7},"end":{"line":238,"column":8}},"loc":{"start":{"line":238,"column":33},"end":{"line":242,"column":7}},"line":238},"66":{"name":"(anonymous_66)","decl":{"start":{"line":244,"column":7},"end":{"line":244,"column":8}},"loc":{"start":{"line":244,"column":33},"end":{"line":254,"column":7}},"line":244},"67":{"name":"(anonymous_67)","decl":{"start":{"line":246,"column":28},"end":{"line":246,"column":29}},"loc":{"start":{"line":246,"column":34},"end":{"line":250,"column":1}},"line":246},"68":{"name":"(anonymous_68)","decl":{"start":{"line":247,"column":44},"end":{"line":247,"column":45}},"loc":{"start":{"line":247,"column":50},"end":{"line":249,"column":3}},"line":247},"69":{"name":"(anonymous_69)","decl":{"start":{"line":256,"column":7},"end":{"line":256,"column":8}},"loc":{"start":{"line":256,"column":33},"end":{"line":275,"column":7}},"line":256},"70":{"name":"(anonymous_70)","decl":{"start":{"line":258,"column":25},"end":{"line":258,"column":26}},"loc":{"start":{"line":258,"column":33},"end":{"line":258,"column":52}},"line":258},"71":{"name":"(anonymous_71)","decl":{"start":{"line":260,"column":41},"end":{"line":260,"column":42}},"loc":{"start":{"line":260,"column":47},"end":{"line":272,"column":1}},"line":260},"72":{"name":"(anonymous_72)","decl":{"start":{"line":261,"column":42},"end":{"line":261,"column":43}},"loc":{"start":{"line":261,"column":48},"end":{"line":263,"column":3}},"line":261},"73":{"name":"(anonymous_73)","decl":{"start":{"line":265,"column":41},"end":{"line":265,"column":42}},"loc":{"start":{"line":265,"column":47},"end":{"line":267,"column":3}},"line":265},"74":{"name":"(anonymous_74)","decl":{"start":{"line":269,"column":38},"end":{"line":269,"column":39}},"loc":{"start":{"line":269,"column":44},"end":{"line":271,"column":3}},"line":269},"75":{"name":"(anonymous_75)","decl":{"start":{"line":277,"column":7},"end":{"line":277,"column":8}},"loc":{"start":{"line":277,"column":33},"end":{"line":297,"column":7}},"line":277},"76":{"name":"(anonymous_76)","decl":{"start":{"line":279,"column":17},"end":{"line":279,"column":18}},"loc":{"start":{"line":279,"column":23},"end":{"line":279,"column":27}},"line":279},"77":{"name":"(anonymous_77)","decl":{"start":{"line":281,"column":34},"end":{"line":281,"column":35}},"loc":{"start":{"line":281,"column":40},"end":{"line":294,"column":1}},"line":281},"78":{"name":"(anonymous_78)","decl":{"start":{"line":282,"column":68},"end":{"line":282,"column":69}},"loc":{"start":{"line":282,"column":74},"end":{"line":284,"column":3}},"line":282},"79":{"name":"(anonymous_79)","decl":{"start":{"line":286,"column":28},"end":{"line":286,"column":29}},"loc":{"start":{"line":286,"column":34},"end":{"line":289,"column":3}},"line":286},"80":{"name":"(anonymous_80)","decl":{"start":{"line":299,"column":7},"end":{"line":299,"column":8}},"loc":{"start":{"line":299,"column":33},"end":{"line":303,"column":7}},"line":299},"81":{"name":"(anonymous_81)","decl":{"start":{"line":305,"column":7},"end":{"line":305,"column":8}},"loc":{"start":{"line":305,"column":33},"end":{"line":310,"column":7}},"line":305},"82":{"name":"(anonymous_82)","decl":{"start":{"line":312,"column":7},"end":{"line":312,"column":8}},"loc":{"start":{"line":312,"column":66},"end":{"line":391,"column":7}},"line":312},"83":{"name":"(anonymous_83)","decl":{"start":{"line":325,"column":55},"end":{"line":325,"column":56}},"loc":{"start":{"line":325,"column":61},"end":{"line":388,"column":1}},"line":325},"84":{"name":"(anonymous_84)","decl":{"start":{"line":344,"column":14},"end":{"line":344,"column":15}},"loc":{"start":{"line":344,"column":20},"end":{"line":358,"column":3}},"line":344},"85":{"name":"(anonymous_85)","decl":{"start":{"line":360,"column":38},"end":{"line":360,"column":39}},"loc":{"start":{"line":360,"column":44},"end":{"line":387,"column":3}},"line":360},"86":{"name":"(anonymous_86)","decl":{"start":{"line":393,"column":7},"end":{"line":393,"column":8}},"loc":{"start":{"line":393,"column":66},"end":{"line":469,"column":7}},"line":393},"87":{"name":"(anonymous_87)","decl":{"start":{"line":396,"column":79},"end":{"line":396,"column":80}},"loc":{"start":{"line":396,"column":90},"end":{"line":396,"column":118}},"line":396},"88":{"name":"(anonymous_88)","decl":{"start":{"line":400,"column":23},"end":{"line":400,"column":24}},"loc":{"start":{"line":400,"column":33},"end":{"line":464,"column":1}},"line":400},"89":{"name":"(anonymous_89)","decl":{"start":{"line":471,"column":7},"end":{"line":471,"column":8}},"loc":{"start":{"line":471,"column":66},"end":{"line":488,"column":7}},"line":471},"90":{"name":"(anonymous_90)","decl":{"start":{"line":474,"column":79},"end":{"line":474,"column":80}},"loc":{"start":{"line":474,"column":90},"end":{"line":474,"column":115}},"line":474},"91":{"name":"(anonymous_91)","decl":{"start":{"line":475,"column":20},"end":{"line":475,"column":21}},"loc":{"start":{"line":475,"column":46},"end":{"line":483,"column":1}},"line":475},"92":{"name":"(anonymous_92)","decl":{"start":{"line":490,"column":7},"end":{"line":490,"column":8}},"loc":{"start":{"line":490,"column":66},"end":{"line":505,"column":7}},"line":490},"93":{"name":"(anonymous_93)","decl":{"start":{"line":493,"column":79},"end":{"line":493,"column":80}},"loc":{"start":{"line":493,"column":90},"end":{"line":493,"column":116}},"line":493},"94":{"name":"(anonymous_94)","decl":{"start":{"line":494,"column":21},"end":{"line":494,"column":22}},"loc":{"start":{"line":494,"column":44},"end":{"line":500,"column":1}},"line":494},"95":{"name":"(anonymous_95)","decl":{"start":{"line":507,"column":7},"end":{"line":507,"column":8}},"loc":{"start":{"line":507,"column":66},"end":{"line":556,"column":7}},"line":507},"96":{"name":"(anonymous_96)","decl":{"start":{"line":514,"column":40},"end":{"line":514,"column":41}},"loc":{"start":{"line":514,"column":46},"end":{"line":553,"column":1}},"line":514},"97":{"name":"(anonymous_97)","decl":{"start":{"line":515,"column":26},"end":{"line":515,"column":27}},"loc":{"start":{"line":515,"column":32},"end":{"line":552,"column":3}},"line":515},"98":{"name":"(anonymous_98)","decl":{"start":{"line":516,"column":46},"end":{"line":516,"column":47}},"loc":{"start":{"line":516,"column":52},"end":{"line":518,"column":5}},"line":516},"99":{"name":"(anonymous_99)","decl":{"start":{"line":520,"column":19},"end":{"line":520,"column":20}},"loc":{"start":{"line":520,"column":25},"end":{"line":542,"column":5}},"line":520},"100":{"name":"(anonymous_100)","decl":{"start":{"line":521,"column":45},"end":{"line":521,"column":46}},"loc":{"start":{"line":521,"column":51},"end":{"line":523,"column":7}},"line":521},"101":{"name":"(anonymous_101)","decl":{"start":{"line":525,"column":38},"end":{"line":525,"column":39}},"loc":{"start":{"line":525,"column":44},"end":{"line":528,"column":7}},"line":525},"102":{"name":"(anonymous_102)","decl":{"start":{"line":530,"column":48},"end":{"line":530,"column":49}},"loc":{"start":{"line":530,"column":58},"end":{"line":535,"column":7}},"line":530},"103":{"name":"(anonymous_103)","decl":{"start":{"line":532,"column":82},"end":{"line":532,"column":83}},"loc":{"start":{"line":532,"column":88},"end":{"line":532,"column":97}},"line":532},"104":{"name":"(anonymous_104)","decl":{"start":{"line":537,"column":46},"end":{"line":537,"column":47}},"loc":{"start":{"line":537,"column":52},"end":{"line":539,"column":7}},"line":537},"105":{"name":"(anonymous_105)","decl":{"start":{"line":543,"column":21},"end":{"line":543,"column":22}},"loc":{"start":{"line":543,"column":27},"end":{"line":551,"column":5}},"line":543},"106":{"name":"(anonymous_106)","decl":{"start":{"line":558,"column":7},"end":{"line":558,"column":8}},"loc":{"start":{"line":558,"column":66},"end":{"line":573,"column":7}},"line":558},"107":{"name":"(anonymous_107)","decl":{"start":{"line":564,"column":9},"end":{"line":564,"column":10}},"loc":{"start":{"line":564,"column":20},"end":{"line":569,"column":3}},"line":564},"108":{"name":"(anonymous_108)","decl":{"start":{"line":575,"column":7},"end":{"line":575,"column":8}},"loc":{"start":{"line":575,"column":33},"end":{"line":649,"column":7}},"line":575},"109":{"name":"(anonymous_109)","decl":{"start":{"line":577,"column":40},"end":{"line":577,"column":41}},"loc":{"start":{"line":577,"column":46},"end":{"line":646,"column":1}},"line":577},"110":{"name":"(anonymous_110)","decl":{"start":{"line":578,"column":16},"end":{"line":578,"column":17}},"loc":{"start":{"line":578,"column":22},"end":{"line":588,"column":3}},"line":578},"111":{"name":"(anonymous_111)","decl":{"start":{"line":579,"column":36},"end":{"line":579,"column":37}},"loc":{"start":{"line":579,"column":43},"end":{"line":584,"column":5}},"line":579},"112":{"name":"(anonymous_112)","decl":{"start":{"line":590,"column":15},"end":{"line":590,"column":16}},"loc":{"start":{"line":590,"column":21},"end":{"line":597,"column":3}},"line":590},"113":{"name":"(anonymous_113)","decl":{"start":{"line":591,"column":36},"end":{"line":591,"column":37}},"loc":{"start":{"line":591,"column":43},"end":{"line":593,"column":5}},"line":591},"114":{"name":"(anonymous_114)","decl":{"start":{"line":599,"column":19},"end":{"line":599,"column":20}},"loc":{"start":{"line":599,"column":25},"end":{"line":609,"column":3}},"line":599},"115":{"name":"(anonymous_115)","decl":{"start":{"line":600,"column":36},"end":{"line":600,"column":37}},"loc":{"start":{"line":601,"column":4},"end":{"line":605,"column":37}},"line":601},"116":{"name":"(anonymous_116)","decl":{"start":{"line":602,"column":9},"end":{"line":602,"column":10}},"loc":{"start":{"line":602,"column":14},"end":{"line":602,"column":22}},"line":602},"117":{"name":"(anonymous_117)","decl":{"start":{"line":603,"column":9},"end":{"line":603,"column":10}},"loc":{"start":{"line":603,"column":14},"end":{"line":603,"column":25}},"line":603},"118":{"name":"(anonymous_118)","decl":{"start":{"line":604,"column":9},"end":{"line":604,"column":10}},"loc":{"start":{"line":604,"column":14},"end":{"line":604,"column":19}},"line":604},"119":{"name":"(anonymous_119)","decl":{"start":{"line":605,"column":9},"end":{"line":605,"column":10}},"loc":{"start":{"line":605,"column":14},"end":{"line":605,"column":36}},"line":605},"120":{"name":"(anonymous_120)","decl":{"start":{"line":611,"column":12},"end":{"line":611,"column":13}},"loc":{"start":{"line":611,"column":18},"end":{"line":627,"column":3}},"line":611},"121":{"name":"(anonymous_121)","decl":{"start":{"line":612,"column":16},"end":{"line":612,"column":17}},"loc":{"start":{"line":613,"column":5},"end":{"line":616,"column":5}},"line":613},"122":{"name":"(anonymous_122)","decl":{"start":{"line":614,"column":11},"end":{"line":614,"column":12}},"loc":{"start":{"line":614,"column":16},"end":{"line":614,"column":25}},"line":614},"123":{"name":"(anonymous_123)","decl":{"start":{"line":615,"column":15},"end":{"line":615,"column":16}},"loc":{"start":{"line":615,"column":21},"end":{"line":615,"column":32}},"line":615},"124":{"name":"(anonymous_124)","decl":{"start":{"line":618,"column":36},"end":{"line":618,"column":37}},"loc":{"start":{"line":619,"column":4},"end":{"line":623,"column":37}},"line":619},"125":{"name":"(anonymous_125)","decl":{"start":{"line":620,"column":9},"end":{"line":620,"column":10}},"loc":{"start":{"line":620,"column":14},"end":{"line":620,"column":22}},"line":620},"126":{"name":"(anonymous_126)","decl":{"start":{"line":621,"column":9},"end":{"line":621,"column":10}},"loc":{"start":{"line":621,"column":14},"end":{"line":621,"column":23}},"line":621},"127":{"name":"(anonymous_127)","decl":{"start":{"line":622,"column":9},"end":{"line":622,"column":10}},"loc":{"start":{"line":622,"column":14},"end":{"line":622,"column":19}},"line":622},"128":{"name":"(anonymous_128)","decl":{"start":{"line":623,"column":9},"end":{"line":623,"column":10}},"loc":{"start":{"line":623,"column":14},"end":{"line":623,"column":36}},"line":623},"129":{"name":"(anonymous_129)","decl":{"start":{"line":629,"column":13},"end":{"line":629,"column":14}},"loc":{"start":{"line":629,"column":19},"end":{"line":645,"column":3}},"line":629},"130":{"name":"(anonymous_130)","decl":{"start":{"line":630,"column":16},"end":{"line":630,"column":17}},"loc":{"start":{"line":631,"column":9},"end":{"line":635,"column":9}},"line":631},"131":{"name":"(anonymous_131)","decl":{"start":{"line":632,"column":15},"end":{"line":632,"column":16}},"loc":{"start":{"line":632,"column":20},"end":{"line":632,"column":29}},"line":632},"132":{"name":"(anonymous_132)","decl":{"start":{"line":633,"column":16},"end":{"line":633,"column":17}},"loc":{"start":{"line":633,"column":21},"end":{"line":633,"column":25}},"line":633},"133":{"name":"(anonymous_133)","decl":{"start":{"line":634,"column":19},"end":{"line":634,"column":20}},"loc":{"start":{"line":634,"column":25},"end":{"line":634,"column":36}},"line":634},"134":{"name":"(anonymous_134)","decl":{"start":{"line":637,"column":36},"end":{"line":637,"column":37}},"loc":{"start":{"line":638,"column":8},"end":{"line":642,"column":46}},"line":638},"135":{"name":"(anonymous_135)","decl":{"start":{"line":639,"column":17},"end":{"line":639,"column":18}},"loc":{"start":{"line":639,"column":22},"end":{"line":639,"column":30}},"line":639},"136":{"name":"(anonymous_136)","decl":{"start":{"line":640,"column":17},"end":{"line":640,"column":18}},"loc":{"start":{"line":640,"column":22},"end":{"line":640,"column":31}},"line":640},"137":{"name":"(anonymous_137)","decl":{"start":{"line":641,"column":17},"end":{"line":641,"column":18}},"loc":{"start":{"line":641,"column":22},"end":{"line":641,"column":27}},"line":641},"138":{"name":"(anonymous_138)","decl":{"start":{"line":642,"column":18},"end":{"line":642,"column":19}},"loc":{"start":{"line":642,"column":23},"end":{"line":642,"column":45}},"line":642},"139":{"name":"(anonymous_139)","decl":{"start":{"line":651,"column":7},"end":{"line":651,"column":8}},"loc":{"start":{"line":651,"column":66},"end":{"line":683,"column":7}},"line":651},"140":{"name":"(anonymous_140)","decl":{"start":{"line":660,"column":21},"end":{"line":660,"column":22}},"loc":{"start":{"line":661,"column":1},"end":{"line":662,"column":25}},"line":661},"141":{"name":"(anonymous_141)","decl":{"start":{"line":662,"column":6},"end":{"line":662,"column":7}},"loc":{"start":{"line":662,"column":11},"end":{"line":662,"column":24}},"line":662},"142":{"name":"(anonymous_142)","decl":{"start":{"line":664,"column":23},"end":{"line":664,"column":24}},"loc":{"start":{"line":665,"column":1},"end":{"line":667,"column":20}},"line":665},"143":{"name":"(anonymous_143)","decl":{"start":{"line":666,"column":6},"end":{"line":666,"column":7}},"loc":{"start":{"line":666,"column":11},"end":{"line":666,"column":24}},"line":666},"144":{"name":"(anonymous_144)","decl":{"start":{"line":667,"column":6},"end":{"line":667,"column":7}},"loc":{"start":{"line":667,"column":11},"end":{"line":667,"column":19}},"line":667},"145":{"name":"(anonymous_145)","decl":{"start":{"line":669,"column":22},"end":{"line":669,"column":23}},"loc":{"start":{"line":670,"column":2},"end":{"line":674,"column":25}},"line":670},"146":{"name":"(anonymous_146)","decl":{"start":{"line":671,"column":8},"end":{"line":671,"column":9}},"loc":{"start":{"line":672,"column":2},"end":{"line":674,"column":24}},"line":672},"147":{"name":"(anonymous_147)","decl":{"start":{"line":673,"column":8},"end":{"line":673,"column":9}},"loc":{"start":{"line":674,"column":2},"end":{"line":674,"column":23}},"line":674},"148":{"name":"(anonymous_148)","decl":{"start"
[...]
78)","decl":{"start":{"line":1131,"column":7},"end":{"line":1131,"column":8}},"loc":{"start":{"line":1131,"column":66},"end":{"line":1175,"column":7}},"line":1131},"279":{"name":"(anonymous_279)","decl":{"start":{"line":1149,"column":23},"end":{"line":1149,"column":24}},"loc":{"start":{"line":1149,"column":29},"end":{"line":1172,"column":1}},"line":1149},"280":{"name":"(anonymous_280)","decl":{"start":{"line":1164,"column":21},"end":{"line":1164,"column":22}},"loc":{"start":{"line":1164,"column":27},"end":{"line":1171,"column":3}},"line":1164},"281":{"name":"(anonymous_281)","decl":{"start":{"line":1177,"column":7},"end":{"line":1177,"column":8}},"loc":{"start":{"line":1177,"column":33},"end":{"line":1181,"column":7}},"line":1177},"282":{"name":"(anonymous_282)","decl":{"start":{"line":1183,"column":7},"end":{"line":1183,"column":8}},"loc":{"start":{"line":1183,"column":33},"end":{"line":1187,"column":7}},"line":1183},"283":{"name":"(anonymous_283)","decl":{"start":{"line":1189,"column":7},"end":{"line":1189,"column":8}},"loc":{"start":{"line":1189,"column":66},"end":{"line":1205,"column":7}},"line":1189},"284":{"name":"(anonymous_284)","decl":{"start":{"line":1196,"column":28},"end":{"line":1196,"column":29}},"loc":{"start":{"line":1196,"column":34},"end":{"line":1200,"column":1}},"line":1196},"285":{"name":"(anonymous_285)","decl":{"start":{"line":1197,"column":39},"end":{"line":1197,"column":40}},"loc":{"start":{"line":1197,"column":50},"end":{"line":1199,"column":3}},"line":1197},"286":{"name":"(anonymous_286)","decl":{"start":{"line":1207,"column":7},"end":{"line":1207,"column":8}},"loc":{"start":{"line":1207,"column":66},"end":{"line":1223,"column":7}},"line":1207},"287":{"name":"(anonymous_287)","decl":{"start":{"line":1216,"column":13},"end":{"line":1216,"column":14}},"loc":{"start":{"line":1216,"column":27},"end":{"line":1218,"column":1}},"line":1216},"288":{"name":"(anonymous_288)","decl":{"start":{"line":1225,"column":7},"end":{"line":1225,"column":8}},"loc":{"start":{"line":1225,"column":33},"end":{"line":1229,"column":7}},"line":1225},"289":{"name":"(anonymous_289)","decl":{"start":{"line":1231,"column":7},"end":{"line":1231,"column":8}},"loc":{"start":{"line":1231,"column":66},"end":{"line":1330,"column":7}},"line":1231},"290":{"name":"(anonymous_290)","decl":{"start":{"line":1243,"column":50},"end":{"line":1243,"column":51}},"loc":{"start":{"line":1243,"column":56},"end":{"line":1247,"column":1}},"line":1243},"291":{"name":"(anonymous_291)","decl":{"start":{"line":1244,"column":44},"end":{"line":1244,"column":45}},"loc":{"start":{"line":1244,"column":50},"end":{"line":1246,"column":3}},"line":1244},"292":{"name":"createLeaveEventPredicateFor","decl":{"start":{"line":1249,"column":9},"end":{"line":1249,"column":37}},"loc":{"start":{"line":1249,"column":50},"end":{"line":1257,"column":1}},"line":1249},"293":{"name":"(anonymous_293)","decl":{"start":{"line":1250,"column":9},"end":{"line":1250,"column":10}},"loc":{"start":{"line":1250,"column":25},"end":{"line":1256,"column":3}},"line":1250},"294":{"name":"(anonymous_294)","decl":{"start":{"line":1259,"column":33},"end":{"line":1259,"column":34}},"loc":{"start":{"line":1259,"column":39},"end":{"line":1292,"column":1}},"line":1259},"295":{"name":"(anonymous_295)","decl":{"start":{"line":1260,"column":30},"end":{"line":1260,"column":31}},"loc":{"start":{"line":1260,"column":36},"end":{"line":1291,"column":3}},"line":1260},"296":{"name":"(anonymous_296)","decl":{"start":{"line":1263,"column":44},"end":{"line":1263,"column":45}},"loc":{"start":{"line":1263,"column":50},"end":{"line":1268,"column":5}},"line":1263},"297":{"name":"(anonymous_297)","decl":{"start":{"line":1270,"column":48},"end":{"line":1270,"column":49}},"loc":{"start":{"line":1270,"column":54},"end":{"line":1275,"column":5}},"line":1270},"298":{"name":"(anonymous_298)","decl":{"start":{"line":1277,"column":56},"end":{"line":1277,"column":57}},"loc":{"start":{"line":1277,"column":62},"end":{"line":1282,"column":5}},"line":1277},"299":{"name":"(anonymous_299)","decl":{"start":{"line":1284,"column":35},"end":{"line":1284,"column":36}},"loc":{"start":{"line":1284,"column":41},"end":{"line":1290,"column":5}},"line":1284},"300":{"name":"(anonymous_300)","decl":{"start":{"line":1294,"column":38},"end":{"line":1294,"column":39}},"loc":{"start":{"line":1294,"column":43},"end":{"line":1294,"column":117}},"line":1294},"301":{"name":"(anonymous_301)","decl":{"start":{"line":1296,"column":26},"end":{"line":1296,"column":27}},"loc":{"start":{"line":1296,"column":32},"end":{"line":1327,"column":1}},"line":1296},"302":{"name":"(anonymous_302)","decl":{"start":{"line":1297,"column":51},"end":{"line":1297,"column":52}},"loc":{"start":{"line":1297,"column":57},"end":{"line":1301,"column":3}},"line":1297},"303":{"name":"(anonymous_303)","decl":{"start":{"line":1298,"column":34},"end":{"line":1298,"column":35}},"loc":{"start":{"line":1298,"column":40},"end":{"line":1300,"column":5}},"line":1298},"304":{"name":"(anonymous_304)","decl":{"start":{"line":1303,"column":44},"end":{"line":1303,"column":45}},"loc":{"start":{"line":1303,"column":50},"end":{"line":1326,"column":3}},"line":1303},"305":{"name":"(anonymous_305)","decl":{"start":{"line":1310,"column":41},"end":{"line":1310,"column":42}},"loc":{"start":{"line":1310,"column":47},"end":{"line":1312,"column":5}},"line":1310},"306":{"name":"(anonymous_306)","decl":{"start":{"line":1314,"column":59},"end":{"line":1314,"column":60}},"loc":{"start":{"line":1314,"column":65},"end":{"line":1319,"column":5}},"line":1314},"307":{"name":"(anonymous_307)","decl":{"start":{"line":1321,"column":54},"end":{"line":1321,"column":55}},"loc":{"start":{"line":1321,"column":60},"end":{"line":1325,"column":5}},"line":1321},"308":{"name":"(anonymous_308)","decl":{"start":{"line":1332,"column":7},"end":{"line":1332,"column":8}},"loc":{"start":{"line":1332,"column":33},"end":{"line":1336,"column":7}},"line":1332},"309":{"name":"(anonymous_309)","decl":{"start":{"line":1338,"column":7},"end":{"line":1338,"column":8}},"loc":{"start":{"line":1338,"column":33},"end":{"line":1348,"column":7}},"line":1338},"310":{"name":"(anonymous_310)","decl":{"start":{"line":1340,"column":23},"end":{"line":1340,"column":24}},"loc":{"start":{"line":1340,"column":29},"end":{"line":1345,"column":1}},"line":1340},"311":{"name":"(anonymous_311)","decl":{"start":{"line":1350,"column":7},"end":{"line":1350,"column":8}},"loc":{"start":{"line":1350,"column":33},"end":{"line":1363,"column":7}},"line":1350},"312":{"name":"(anonymous_312)","decl":{"start":{"line":1352,"column":38},"end":{"line":1352,"column":39}},"loc":{"start":{"line":1352,"column":44},"end":{"line":1360,"column":1}},"line":1352}},"branchMap":{"0":{"loc":{"start":{"line":9,"column":11},"end":{"line":11,"column":12}},"type":"if","locations":[{"start":{"line":9,"column":11},"end":{"line":11,"column":12}},{"start":{"line":9,"column":11},"end":{"line":11,"column":12}}],"line":9},"1":{"loc":{"start":{"line":38,"column":11},"end":{"line":44,"column":12}},"type":"if","locations":[{"start":{"line":38,"column":11},"end":{"line":44,"column":12}},{"start":{"line":38,"column":11},"end":{"line":44,"column":12}}],"line":38},"2":{"loc":{"start":{"line":49,"column":24},"end":{"line":51,"column":58}},"type":"cond-expr","locations":[{"start":{"line":50,"column":12},"end":{"line":50,"column":63}},{"start":{"line":51,"column":12},"end":{"line":51,"column":58}}],"line":49},"3":{"loc":{"start":{"line":49,"column":24},"end":{"line":49,"column":51}},"type":"binary-expr","locations":[{"start":{"line":49,"column":24},"end":{"line":49,"column":30}},{"start":{"line":49,"column":34},"end":{"line":49,"column":51}}],"line":49},"4":{"loc":{"start":{"line":105,"column":26},"end":{"line":105,"column":59}},"type":"cond-expr","locations":[{"start":{"line":105,"column":38},"end":{"line":105,"column":46}},{"start":{"line":105,"column":49},"end":{"line":105,"column":59}}],"line":105},"5":{"loc":{"start":{"line":125,"column":26},"end":{"line":125,"column":32}},"type":"binary-expr","locations":[{"start":{"line":125,"column":26},"end":{"line":125,"column":27}},{"start":{"line":125,"column":31},"end":{"line":125,"column":32}}],"line":125},"6":{"loc":{"start":{"line":417,"column":8},"end":{"line":441,"column":9}},"type":"switch","locations":[{"start":{"line":418,"column":10},"end":{"line":424,"column":18}},{"start":{"line":426,"column":10},"end":{"line":429,"column":18}},{"start":{"line":431,"column":10},"end":{"line":438,"column":18}},{"start":{"line":439,"column":10},"end":{"line":439,"column":18}}],"line":417},"7":{"loc":{"start":{"line":421,"column":12},"end":{"line":423,"column":13}},"type":"if","locations":[{"start":{"line":421,"column":12},"end":{"line":423,"column":13}},{"start":{"line":421,"column":12},"end":{"line":423,"column":13}}],"line":421},"8":{"loc":{"start":{"line":434,"column":12},"end":{"line":436,"column":13}},"type":"if","locations":[{"start":{"line":434,"column":12},"end":{"line":436,"column":13}},{"start":{"line":434,"column":12},"end":{"line":436,"column":13}}],"line":434},"9":{"loc":{"start":{"line":447,"column":8},"end":{"line":448,"column":58}},"type":"if","locations":[{"start":{"line":447,"column":8},"end":{"line":448,"column":58}},{"start":{"line":447,"column":8},"end":{"line":448,"column":58}}],"line":447},"10":{"loc":{"start":{"line":447,"column":12},"end":{"line":448,"column":33}},"type":"binary-expr","locations":[{"start":{"line":447,"column":13},"end":{"line":447,"column":105}},{"start":{"line":448,"column":12},"end":{"line":448,"column":33}}],"line":447},"11":{"loc":{"start":{"line":565,"column":4},"end":{"line":568,"column":5}},"type":"if","locations":[{"start":{"line":565,"column":4},"end":{"line":568,"column":5}},{"start":{"line":565,"column":4},"end":{"line":568,"column":5}}],"line":565},"12":{"loc":{"start":{"line":701,"column":9},"end":{"line":701,"column":176}},"type":"cond-expr","locations":[{"start":{"line":701,"column":17},"end":{"line":701,"column":96}},{"start":{"line":701,"column":99},"end":{"line":701,"column":176}}],"line":701},"13":{"loc":{"start":{"line":832,"column":8},"end":{"line":833,"column":32}},"type":"if","locations":[{"start":{"line":832,"column":8},"end":{"line":833,"column":32}},{"start":{"line":832,"column":8},"end":{"line":833,"column":32}}],"line":832},"14":{"loc":{"start":{"line":884,"column":8},"end":{"line":885,"column":33}},"type":"if","locations":[{"start":{"line":884,"column":8},"end":{"line":885,"column":33}},{"start":{"line":884,"column":8},"end":{"line":885,"column":33}}],"line":884},"15":{"loc":{"start":{"line":901,"column":7},"end":{"line":901,"column":189}},"type":"cond-expr","locations":[{"start":{"line":901,"column":22},"end":{"line":901,"column":100}},{"start":{"line":901,"column":103},"end":{"line":901,"column":189}}],"line":901},"16":{"loc":{"start":{"line":941,"column":8},"end":{"line":944,"column":9}},"type":"if","locations":[{"start":{"line":941,"column":8},"end":{"line":944,"column":9}},{"start":{"line":941,"column":8},"end":{"line":944,"column":9}}],"line":941},"17":{"loc":{"start":{"line":943,"column":10},"end":{"line":943,"column":41}},"type":"if","locations":[{"start":{"line":943,"column":10},"end":{"line":943,"column":41}},{"start":{"line":943,"column":10},"end":{"line":943,"column":41}}],"line":943},"18":{"loc":{"start":{"line":1027,"column":13},"end":{"line":1027,"column":40}},"type":"cond-expr","locations":[{"start":{"line":1027,"column":23},"end":{"line":1027,"column":25}},{"start":{"line":1027,"column":28},"end":{"line":1027,"column":40}}],"line":1027},"19":{"loc":{"start":{"line":1088,"column":6},"end":{"line":1092,"column":7}},"type":"if","locations":[{"start":{"line":1088,"column":6},"end":{"line":1092,"column":7}},{"start":{"line":1088,"column":6},"end":{"line":1092,"column":7}}],"line":1088},"20":{"loc":{"start":{"line":1254,"column":11},"end":{"line":1255,"column":39}},"type":"binary-expr","locations":[{"start":{"line":1254,"column":11},"end":{"line":1254,"column":102}},{"start":{"line":1255,"column":8},"end":{"line":1255,"column":39}}],"line":1254}},"s":{"0":1,"1":1,"2":51,"3":12,"4":39,"5":39,"6":39,"7":39,"8":1,"9":1,"10":1,"11":30,"12":30,"13":1,"14":10,"15":0,"16":26,"17":10,"18":10,"19":1,"20":30,"21":1,"22":1,"23":1,"24":2,"25":1,"26":4,"27":1,"28":4,"29":1,"30":13,"31":1,"32":0,"33":1,"34":3,"35":1,"36":3,"37":1,"38":3,"39":1,"40":5,"41":3,"42":2,"43":0,"44":1,"45":21,"46":3,"47":9,"48":8,"49":1,"50":1,"51":19,"52":1,"53":9,"54":8,"55":1,"56":1,"57":13,"58":1,"59":0,"60":0,"61":0,"62":1,"63":4,"64":1,"65":0,"66":0,"67":0,"68":1,"69":4,"70":1,"71":0,"72":0,"73":0,"74":1,"75":4,"76":1,"77":0,"78":0,"79":1,"80":1,"81":1,"82":12,"83":1,"84":18,"85":1,"86":6,"87":1,"88":1,"89":1,"90":23,"91":23,"92":1,"93":1,"94":1,"95":1,"96":0,"97":1,"98":0,"99":1,"100":0,"101":1,"102":0,"103":1,"104":1,"105":1,"106":1,"107":1,"108":1,"109":1,"110":0,"111":1,"112":0,"113":1,"114":1,"115":1,"116":1,"117":1,"118":57,"119":1,"120":1,"121":1,"122":1,"123":1,"124":1,"125":1,"126":2,"127":1,"128":1,"129":1,"130":1,"131":1,"132":1,"133":1,"134":1,"135":1,"136":1,"137":1,"138":1,"139":1,"140":1,"141":1,"142":1,"143":1,"144":1,"145":1,"146":1,"147":1,"148":1,"149":1,"150":1,"151":1,"152":1,"153":1,"154":1,"155":1,"156":1,"157":1,"158":1,"159":1,"160":1,"161":1,"162":1,"163":1,"164":1,"165":1,"166":1,"167":1,"168":1,"169":1,"170":1,"171":1,"172":1,"173":1,"174":1,"175":1,"176":1,"177":1,"178":1,"179":1,"180":1,"181":1,"182":0,"183":9,"184":1,"185":1,"186":1,"187":1,"188":9,"189":9,"190":9,"191":3,"192":3,"193":1,"194":3,"195":3,"196":3,"197":3,"198":3,"199":0,"200":3,"201":9,"202":9,"203":2,"204":9,"205":9,"206":1,"207":1,"208":1,"209":1,"210":9,"211":1,"212":9,"213":9,"214":9,"215":18,"216":0,"217":1,"218":9,"219":1,"220":9,"221":27,"222":13,"223":1,"224":1,"225":1,"226":1,"227":1,"228":1,"229":1,"230":1,"231":1,"232":1,"233":1,"234":1,"235":1,"236":1,"237":1,"238":1,"239":1,"240":1,"241":1,"242":1,"243":1,"244":1,"245":1,"246":1,"247":1,"248":1,"249":1,"250":1,"251":1,"252":2,"253":1,"254":1,"255":1,"256":1,"257":1,"258":2,"259":2,"260":2,"261":2,"262":1,"263":1,"264":1,"265":1,"266":2,"267":1,"268":1,"269":1,"270":1,"271":2,"272":2,"273":2,"274":2,"275":2,"276":1,"277":1,"278":1,"279":1,"280":10,"281":8,"282":2,"283":1,"284":2,"285":2,"286":2,"287":2,"288":2,"289":1,"290":1,"291":1,"292":1,"293":4,"294":3,"295":1,"296":0,"297":1,"298":1,"299":1,"300":1,"301":1,"302":1,"303":1,"304":1,"305":1,"306":1,"307":1,"308":1,"309":1,"310":1,"311":1,"312":1,"313":1,"314":1,"315":1,"316":1,"317":1,"318":1,"319":1,"320":1,"321":1,"322":1,"323":2,"324":1,"325":2,"326":2,"327":1,"328":2,"329":1,"330":1,"331":1,"332":1,"333":1,"334":1,"335":1,"336":0,"337":0,"338":1,"339":1,"340":1,"341":1,"342":0,"343":1,"344":1,"345":1,"346":0,"347":0,"348":1,"349":0,"350":1,"351":1,"352":1,"353":1,"354":1,"355":1,"356":1,"357":0,"358":1,"359":1,"360":0,"361":1,"362":0,"363":1,"364":1,"365":1,"366":0,"367":1,"368":1,"369":0,"370":1,"371":0,"372":1,"373":1,"374":1,"375":1,"376":1,"377":1,"378":0,"379":0,"380":0,"381":0,"382":0,"383":0,"384":0,"385":0,"386":1,"387":0,"388":0,"389":0,"390":0,"391":0,"392":0,"393":0,"394":0,"395":1,"396":1,"397":1,"398":1,"399":1,"400":2,"401":1,"402":2,"403":1,"404":1,"405":2,"406":1,"407":1,"408":1,"409":1,"410":1,"411":1,"412":1,"413":1,"414":1,"415":1,"416":2,"417":1,"418":1,"419":1,"420":1,"421":1,"422":1,"423":1,"424":1,"425":1,"426":1,"427":1,"428":1,"429":2,"430":1,"431":1,"432":1,"433":2,"434":1,"435":1,"436":1,"437":1,"438":1,"439":1,"440":1,"441":1,"442":1,"443":1,"444":2,"445":1,"446":1,"447":1,"448":1,"449":1,"450":1,"451":1,"452":1,"453":1,"454":1,"455":1,"456":1,"457":1,"458":1,"459":1,"460":1,"461":1,"462":1,"463":4,"464":4,"465":3,"466":3,"467":2,"468":2,"469":1,"470":1,"471":1,"472":1,"473":1,"474":1,"475":1,"476":1,"477":1,"478":1,"479":1,"480":1,"481":1,"482":1,"483":1,"484":1,"485":1,"486":1,"487":1,"488":4,"489":3,"490":2,"491":2,"492":2,"493":1,"494":1,"495":1,"496":1,"497":1,"498":1,"499":1,"500":1,"501":1,"502":1,"503":1,"504":1,"505":1,"506":1,"507":1,"508":1,"509":1,"510":1,"511":1,"512":1,"513":1,"514":1,"515":2,"516":5,"517":2,"518":1,"519":1,"520":1,"521":1,"522":1,"523":1,"524":1,"525":1,"526":1,"527":1,"528":1,"529":2,"530":5,"531":1,"532":1,"533":1,"534":1,"535":1,"536":1,"537":1,"538":1,"539":1,"540":1,"541":1,"542":1,"543":1,"544":1,"545":1,"546":1,"547":1,"548":1,"549":0,"550":0,"551":0,"552":0,"553":1,"554":0,"555":0,"556":1,"557":0,"558":0,"559":1,"560":1,"561":0,"562":0,"563":1,"564":0,"565":0,"566":0,"567":1,"568":0,"569":0,"570":1,"571":0,"572":0,"573":1,"574":1,"575":1,"576":1,"577":1,"578":1,"579":1,"580":1,"581":1,"582":1,"583":1,"584":1,"585":1,"586":1,"587":1,"588":1,"589":1,"590":1,"591":1,"592":1,"593":1,"594":1,"595":0,"596":1,"597":1,"598":1,"599":1,"600":1,"601":1,"602":1,"603":1,"604":1,"605":1,"606":1,"607":1,"608":4,"609":4,"610":4,"611":1,"612":1,"613":1,"614":1,"615":1,"616":1,"617":1,"618":1,"619":1,"620":1,"621":1,"622":1,"623":9,"624":1,"625":1,"626":1,"627":1,"628":1,"629":1,"630":1,"631":1,"632":1,"633":1,"634":1,"635":1,"636":1,"637":1,"638":1,"639":1,"640":1,"641":1,"642":1,"643":1},"f":{"0":1,"1":51,"2":30,"3":10,"4":0,"5":26,"6":30,"7":1,"8":2,"9":4,"10":4,"11":13,"12":0,"13":3,"14":3,"15":3,"16":5,"17":3,"18":2,"19":0,"20":21,"21":3,"22":9,"23":8,"24":1,"25":19,"26":1,"27":9,"28":8,"29":1,"30":13,"31":0,"32":4,"33":1,"34":0,"35":0,"36":0,"37":4,"38":1,"39":0,"40":0,"41":0,"42":4,"43":1,"44":0,"45":0,"46":1,"47":1,"48":1,"49":12,"50":18,"51":6,"52":1,"53":23,"54":23,"55":1,"56":0,"57":0,"58":0,"59":0,"60":0,"61":0,"62":57,"63":1,"64":1,"65":1,"66":1,"67":1,"68":1,"69":1,"70":2,"71":1,"72":1,"73":1,"74":1,"75":1,"76":1,"77":1,"78":1,"79":1,"80":1,"81":1,"82":1,"83":1,"84":1,"85":1,"86":1,"87":1,"88":1,"89":1,"90":9,"91":9,"92":1,"93":9,"94":9,"95":1,"96":1,"97":1,"98":1,"99":1,"100":1,"101":1,"102":1,"103":1,"104":1,"105":1,"106":1,"107":2,"108":1,"109":1,"110":1,"111":2,"112":1,"113":2,"114":1,"115":2,"116":2,"117":2,"118":2,"119":2,"120":1,"121":10,"122":8,"123":2,"124":2,"125":2,"126":2,"127":2,"128":2,"129":1,"130":4,"131":3,"132":1,"133":0,"134":1,"135":1,"136":1,"137":1,"138":1,"139":1,"140":1,"141":1,"142":1,"143":1,"144":1,"145":1,"146":1,"147":1,"148":1,"149":1,"150":1,"151":2,"152":2,"153":2,"154":1,"155":1,"156":1,"157":1,"158":1,"159":0,"160":0,"161":1,"162":1,"163":1,"164":0,"165":1,"166":1,"167":0,"168":0,"169":1,"170":0,"171":1,"172":1,"173":1,"174":1,"175":0,"176":1,"177":0,"178":1,"179":0,"180":1,"181":1,"182":0,"183":1,"184":0,"185":1,"186":0,"187":1,"188":1,"189":0,"190":0,"191":0,"192":0,"193":0,"194":0,"195":0,"196":0,"197":0,"198":0,"199":0,"200":0,"201":0,"202":0,"203":1,"204":1,"205":1,"206":2,"207":2,"208":1,"209":2,"210":1,"211":1,"212":1,"213":2,"214":1,"215":1,"216":1,"217":1,"218":1,"219":2,"220":1,"221":2,"222":1,"223":1,"224":1,"225":2,"226":1,"227":1,"228":1,"229":1,"230":1,"231":1,"232":1,"233":1,"234":1,"235":4,"236":1,"237":1,"238":1,"239":1,"240":1,"241":4,"242":3,"243":2,"244":2,"245":2,"246":1,"247":1,"248":1,"249":1,"250":1,"251":1,"252":1,"253":2,"254":5,"255":1,"256":1,"257":1,"258":2,"259":5,"260":1,"261":1,"262":1,"263":1,"264":1,"265":1,"266":1,"267":0,"268":0,"269":0,"270":1,"271":0,"272":0,"273":0,"274":0,"275":0,"276":0,"277":0,"278":1,"279":1,"280":1,"281":1,"282":1,"283":1,"284":1,"285":1,"286":1,"287":0,"288":1,"289":1,"290":1,"291":1,"292":1,"293":4,"294":1,"295":1,"296":1,"297":1,"298":1,"299":1,"300":9,"301":1,"302":1,"303":1,"304":1,"305":1,"306":1,"307":1,"308":1,"309":1,"310":1,"311":1,"312":1},"b":{"0":[12,39],"1":[30,0],"2":[0,10],"3":[10,10],"4":[8,5],"5":[1,1],"6":[3,3,3,0],"7":[1,2],"8":[0,3],"9":[2,7],"10":[9,3],"11":[1,1],"12":[1,1],"13":[1,1],"14":[1,1],"15":[1,1],"16":[3,1],"17":[2,1],"18":[1,1],"19":[0,0],"20":[4,2]},"_coverageSchema":"332fd63041d2c1bcb487cc26dd0d5f7d97098a6c","hash":"5c315aa70398fcdd7ca42484105910f76be536e6","contentHash":"45e80e175d33a9d22a8958502cbdda8e_11.4.1"}}